[1.526s] Invoking command in '/home/chittiv1113/Documents/workspaces/publisher_ws/src/py_pubsub': PYTHONPATH=/home/chittiv1113/Documents/workspaces/publisher_ws/build/py_pubsub/prefix_override:/home/chittiv1113/Documents/workspaces/publisher_ws/install/py_pubsub/lib/python3.10/site-packages:${PYTHONPATH} /usr/bin/python3 setup.py egg_info --egg-base ../../build/py_pubsub build --build-base /home/chittiv1113/Documents/workspaces/publisher_ws/build/py_pubsub/build install --record /home/chittiv1113/Documents/workspaces/publisher_ws/build/py_pubsub/install.log --single-version-externally-managed
[1.849s] running egg_info
[1.849s] writing ../../build/py_pubsub/py_pubsub.egg-info/PKG-INFO
[1.852s] writing dependency_links to ../../build/py_pubsub/py_pubsub.egg-info/dependency_links.txt
[1.852s] writing entry points to ../../build/py_pubsub/py_pubsub.egg-info/entry_points.txt
[1.852s] writing requirements to ../../build/py_pubsub/py_pubsub.egg-info/requires.txt
[1.852s] writing top-level names to ../../build/py_pubsub/py_pubsub.egg-info/top_level.txt
[1.854s] reading manifest file '../../build/py_pubsub/py_pubsub.egg-info/SOURCES.txt'
[1.880s] writing manifest file '../../build/py_pubsub/py_pubsub.egg-info/SOURCES.txt'
[1.892s] running build
[1.892s] running build_py
[1.892s] running install
[1.898s] /usr/lib/python3/dist-packages/setuptools/command/install.py:34: SetuptoolsDeprecationWarning: setup.py install is deprecated. Use build and pip and other standards-based tools.
[1.898s]   warnings.warn(
[1.898s] running install_lib
[1.898s] running install_data
[1.898s] running install_egg_info
[1.901s] removing '/home/chittiv1113/Documents/workspaces/publisher_ws/install/py_pubsub/lib/python3.10/site-packages/py_pubsub-0.0.0-py3.10.egg-info' (and everything under it)
[1.901s] Copying ../../build/py_pubsub/py_pubsub.egg-info to /home/chittiv1113/Documents/workspaces/publisher_ws/install/py_pubsub/lib/python3.10/site-packages/py_pubsub-0.0.0-py3.10.egg-info
[1.919s] running install_scripts
[1.956s] Installing listener script to /home/chittiv1113/Documents/workspaces/publisher_ws/install/py_pubsub/lib/py_pubsub
[1.957s] Installing talker script to /home/chittiv1113/Documents/workspaces/publisher_ws/install/py_pubsub/lib/py_pubsub
[1.958s] writing list of installed files to '/home/chittiv1113/Documents/workspaces/publisher_ws/build/py_pubsub/install.log'
[2.006s] Invoked command in '/home/chittiv1113/Documents/workspaces/publisher_ws/src/py_pubsub' returned '0': PYTHONPATH=/home/chittiv1113/Documents/workspaces/publisher_ws/build/py_pubsub/prefix_override:/home/chittiv1113/Documents/workspaces/publisher_ws/install/py_pubsub/lib/python3.10/site-packages:${PYTHONPATH} /usr/bin/python3 setup.py egg_info --egg-base ../../build/py_pubsub build --build-base /home/chittiv1113/Documents/workspaces/publisher_ws/build/py_pubsub/build install --record /home/chittiv1113/Documents/workspaces/publisher_ws/build/py_pubsub/install.log --single-version-externally-managed
