[2.006s] Invoking command in '/home/chittiv1113/Documents/workspaces/pubsub_ws/src/py_pubsub': PYTHONPATH=/home/chittiv1113/Documents/workspaces/pubsub_ws/build/py_pubsub/prefix_override:/home/chittiv1113/Documents/workspaces/pubsub_ws/install/py_pubsub/lib/python3.10/site-packages:${PYTHONPATH} /usr/bin/python3 setup.py egg_info --egg-base ../../build/py_pubsub build --build-base /home/chittiv1113/Documents/workspaces/pubsub_ws/build/py_pubsub/build install --record /home/chittiv1113/Documents/workspaces/pubsub_ws/build/py_pubsub/install.log --single-version-externally-managed
[2.467s] running egg_info
[2.469s] writing ../../build/py_pubsub/py_pubsub.egg-info/PKG-INFO
[2.471s] writing dependency_links to ../../build/py_pubsub/py_pubsub.egg-info/dependency_links.txt
[2.472s] writing entry points to ../../build/py_pubsub/py_pubsub.egg-info/entry_points.txt
[2.473s] writing requirements to ../../build/py_pubsub/py_pubsub.egg-info/requires.txt
[2.473s] writing top-level names to ../../build/py_pubsub/py_pubsub.egg-info/top_level.txt
[2.485s] reading manifest file '../../build/py_pubsub/py_pubsub.egg-info/SOURCES.txt'
[2.488s] writing manifest file '../../build/py_pubsub/py_pubsub.egg-info/SOURCES.txt'
[2.489s] running build
[2.489s] running build_py
[2.493s] running install
[2.494s] /usr/lib/python3/dist-packages/setuptools/command/install.py:34: SetuptoolsDeprecationWarning: setup.py install is deprecated. Use build and pip and other standards-based tools.
[2.495s]   warnings.warn(
[2.495s] running install_lib
[2.499s] running install_data
[2.500s] running install_egg_info
[2.502s] removing '/home/chittiv1113/Documents/workspaces/pubsub_ws/install/py_pubsub/lib/python3.10/site-packages/py_pubsub-0.0.0-py3.10.egg-info' (and everything under it)
[2.505s] Copying ../../build/py_pubsub/py_pubsub.egg-info to /home/chittiv1113/Documents/workspaces/pubsub_ws/install/py_pubsub/lib/python3.10/site-packages/py_pubsub-0.0.0-py3.10.egg-info
[2.508s] running install_scripts
[2.541s] Installing listener script to /home/chittiv1113/Documents/workspaces/pubsub_ws/install/py_pubsub/lib/py_pubsub
[2.545s] Installing talker script to /home/chittiv1113/Documents/workspaces/pubsub_ws/install/py_pubsub/lib/py_pubsub
[2.556s] writing list of installed files to '/home/chittiv1113/Documents/workspaces/pubsub_ws/build/py_pubsub/install.log'
[2.600s] Invoked command in '/home/chittiv1113/Documents/workspaces/pubsub_ws/src/py_pubsub' returned '0': PYTHONPATH=/home/chittiv1113/Documents/workspaces/pubsub_ws/build/py_pubsub/prefix_override:/home/chittiv1113/Documents/workspaces/pubsub_ws/install/py_pubsub/lib/python3.10/site-packages:${PYTHONPATH} /usr/bin/python3 setup.py egg_info --egg-base ../../build/py_pubsub build --build-base /home/chittiv1113/Documents/workspaces/pubsub_ws/build/py_pubsub/build install --record /home/chittiv1113/Documents/workspaces/pubsub_ws/build/py_pubsub/install.log --single-version-externally-managed
