[0.560s] Invoking command in '/home/chittiv1113/Documents/workspaces/microros_ws/firmware/mcu_ws/build/microcdr': /usr/bin/cmake --build /home/chittiv1113/Documents/workspaces/microros_ws/firmware/mcu_ws/build/microcdr -- -j4 -l4
[0.619s] gmake[4]: Entering directory '/home/chittiv1113/Documents/workspaces/microros_ws/firmware/mcu_ws/build/microcdr'
[0.619s] /usr/bin/cmake -S/home/chittiv1113/Documents/workspaces/microros_ws/firmware/mcu_ws/eProsima/Micro-CDR -B/home/chittiv1113/Documents/workspaces/microros_ws/firmware/mcu_ws/build/microcdr --check-build-system CMakeFiles/Makefile.cmake 0
[0.635s] Re-run cmake file: Makefile older than: /home/chittiv1113/Documents/workspaces/microros_ws/firmware/freertos_apps/microros_esp32_extensions/esp32_toolchain.cmake
[0.683s] -- Configuring done
[0.740s] -- Generating done
[0.741s] -- Build files have been written to: /home/chittiv1113/Documents/workspaces/microros_ws/firmware/mcu_ws/build/microcdr
[0.743s] /usr/bin/cmake -E cmake_progress_start /home/chittiv1113/Documents/workspaces/microros_ws/firmware/mcu_ws/build/microcdr/CMakeFiles /home/chittiv1113/Documents/workspaces/microros_ws/firmware/mcu_ws/build/microcdr//CMakeFiles/progress.marks
[0.778s] /usr/bin/gmake  -f CMakeFiles/Makefile2 all
[0.782s] gmake[5]: Entering directory '/home/chittiv1113/Documents/workspaces/microros_ws/firmware/mcu_ws/build/microcdr'
[0.782s] /usr/bin/gmake  -f CMakeFiles/microcdr.dir/build.make CMakeFiles/microcdr.dir/depend
[0.786s] gmake[6]: Entering directory '/home/chittiv1113/Documents/workspaces/microros_ws/firmware/mcu_ws/build/microcdr'
[0.786s] cd /home/chittiv1113/Documents/workspaces/microros_ws/firmware/mcu_ws/build/microcdr && /usr/bin/cmake -E cmake_depends "Unix Makefiles" /home/chittiv1113/Documents/workspaces/microros_ws/firmware/mcu_ws/eProsima/Micro-CDR /home/chittiv1113/Documents/workspaces/microros_ws/firmware/mcu_ws/eProsima/Micro-CDR /home/chittiv1113/Documents/workspaces/microros_ws/firmware/mcu_ws/build/microcdr /home/chittiv1113/Documents/workspaces/microros_ws/firmware/mcu_ws/build/microcdr /home/chittiv1113/Documents/workspaces/microros_ws/firmware/mcu_ws/build/microcdr/CMakeFiles/microcdr.dir/DependInfo.cmake --color=
[0.802s] Dependencies file "CMakeFiles/microcdr.dir/src/c/common.c.obj.d" is newer than depends file "/home/chittiv1113/Documents/workspaces/microros_ws/firmware/mcu_ws/build/microcdr/CMakeFiles/microcdr.dir/compiler_depend.internal".
[0.802s] Dependencies file "CMakeFiles/microcdr.dir/src/c/types/array.c.obj.d" is newer than depends file "/home/chittiv1113/Documents/workspaces/microros_ws/firmware/mcu_ws/build/microcdr/CMakeFiles/microcdr.dir/compiler_depend.internal".
[0.804s] Dependencies file "CMakeFiles/microcdr.dir/src/c/types/basic.c.obj.d" is newer than depends file "/home/chittiv1113/Documents/workspaces/microros_ws/firmware/mcu_ws/build/microcdr/CMakeFiles/microcdr.dir/compiler_depend.internal".
[0.805s] Dependencies file "CMakeFiles/microcdr.dir/src/c/types/sequence.c.obj.d" is newer than depends file "/home/chittiv1113/Documents/workspaces/microros_ws/firmware/mcu_ws/build/microcdr/CMakeFiles/microcdr.dir/compiler_depend.internal".
[0.807s] Dependencies file "CMakeFiles/microcdr.dir/src/c/types/string.c.obj.d" is newer than depends file "/home/chittiv1113/Documents/workspaces/microros_ws/firmware/mcu_ws/build/microcdr/CMakeFiles/microcdr.dir/compiler_depend.internal".
[0.809s] [35m[1mConsolidate compiler generated dependencies of target microcdr[0m
[0.817s] gmake[6]: Leaving directory '/home/chittiv1113/Documents/workspaces/microros_ws/firmware/mcu_ws/build/microcdr'
[0.818s] /usr/bin/gmake  -f CMakeFiles/microcdr.dir/build.make CMakeFiles/microcdr.dir/build
[0.822s] gmake[6]: Entering directory '/home/chittiv1113/Documents/workspaces/microros_ws/firmware/mcu_ws/build/microcdr'
[0.822s] gmake[6]: Nothing to be done for 'CMakeFiles/microcdr.dir/build'.
[0.822s] gmake[6]: Leaving directory '/home/chittiv1113/Documents/workspaces/microros_ws/firmware/mcu_ws/build/microcdr'
[0.837s] [100%] Built target microcdr
[0.848s] gmake[5]: Leaving directory '/home/chittiv1113/Documents/workspaces/microros_ws/firmware/mcu_ws/build/microcdr'
[0.849s] /usr/bin/cmake -E cmake_progress_start /home/chittiv1113/Documents/workspaces/microros_ws/firmware/mcu_ws/build/microcdr/CMakeFiles 0
[0.900s] gmake[4]: Leaving directory '/home/chittiv1113/Documents/workspaces/microros_ws/firmware/mcu_ws/build/microcdr'
[0.962s] Invoked command in '/home/chittiv1113/Documents/workspaces/microros_ws/firmware/mcu_ws/build/microcdr' returned '0': /usr/bin/cmake --build /home/chittiv1113/Documents/workspaces/microros_ws/firmware/mcu_ws/build/microcdr -- -j4 -l4
[1.403s] Invoking command in '/home/chittiv1113/Documents/workspaces/microros_ws/firmware/mcu_ws/build/microcdr': /usr/bin/cmake --install /home/chittiv1113/Documents/workspaces/microros_ws/firmware/mcu_ws/build/microcdr
[1.468s] -- Install configuration: "Debug"
[1.468s] -- Up-to-date: /home/chittiv1113/Documents/workspaces/microros_ws/firmware/mcu_ws/install/lib/libmicrocdr.a
[1.468s] -- Up-to-date: /home/chittiv1113/Documents/workspaces/microros_ws/firmware/mcu_ws/install/include/ucdr
[1.468s] -- Up-to-date: /home/chittiv1113/Documents/workspaces/microros_ws/firmware/mcu_ws/install/include/ucdr/microcdr.h
[1.469s] -- Up-to-date: /home/chittiv1113/Documents/workspaces/microros_ws/firmware/mcu_ws/install/include/ucdr/visibility.h
[1.469s] -- Up-to-date: /home/chittiv1113/Documents/workspaces/microros_ws/firmware/mcu_ws/install/include/ucdr/config.h
[1.470s] -- Up-to-date: /home/chittiv1113/Documents/workspaces/microros_ws/firmware/mcu_ws/install/share/microcdr/cmake/microcdrTargets.cmake
[1.470s] -- Up-to-date: /home/chittiv1113/Documents/workspaces/microros_ws/firmware/mcu_ws/install/share/microcdr/cmake/microcdrTargets-debug.cmake
[1.470s] -- Up-to-date: /home/chittiv1113/Documents/workspaces/microros_ws/firmware/mcu_ws/install/share/microcdr/cmake/microcdrConfig.cmake
[1.470s] -- Up-to-date: /home/chittiv1113/Documents/workspaces/microros_ws/firmware/mcu_ws/install/share/microcdr/cmake/microcdrConfigVersion.cmake
[1.494s] Invoked command in '/home/chittiv1113/Documents/workspaces/microros_ws/firmware/mcu_ws/build/microcdr' returned '0': /usr/bin/cmake --install /home/chittiv1113/Documents/workspaces/microros_ws/firmware/mcu_ws/build/microcdr
