running egg_info
creating ../../../build/tracetools_read/tracetools_read.egg-info
writing ../../../build/tracetools_read/tracetools_read.egg-info/PKG-INFO
writing dependency_links to ../../../build/tracetools_read/tracetools_read.egg-info/dependency_links.txt
writing requirements to ../../../build/tracetools_read/tracetools_read.egg-info/requires.txt
writing top-level names to ../../../build/tracetools_read/tracetools_read.egg-info/top_level.txt
writing manifest file '../../../build/tracetools_read/tracetools_read.egg-info/SOURCES.txt'
reading manifest file '../../../build/tracetools_read/tracetools_read.egg-info/SOURCES.txt'
writing manifest file '../../../build/tracetools_read/tracetools_read.egg-info/SOURCES.txt'
running build
running build_py
creating /home/chittiv1113/Documents/workspaces/microros_ws/firmware/mcu_ws/build/tracetools_read/build
creating /home/chittiv1113/Documents/workspaces/microros_ws/firmware/mcu_ws/build/tracetools_read/build/lib
creating /home/chittiv1113/Documents/workspaces/microros_ws/firmware/mcu_ws/build/tracetools_read/build/lib/tracetools_read
copying tracetools_read/trace.py -> /home/chittiv1113/Documents/workspaces/microros_ws/firmware/mcu_ws/build/tracetools_read/build/lib/tracetools_read
copying tracetools_read/__init__.py -> /home/chittiv1113/Documents/workspaces/microros_ws/firmware/mcu_ws/build/tracetools_read/build/lib/tracetools_read
running install
/usr/lib/python3/dist-packages/setuptools/command/install.py:34: SetuptoolsDeprecationWarning: setup.py install is deprecated. Use build and pip and other standards-based tools.
  warnings.warn(
running install_lib
creating /home/chittiv1113/Documents/workspaces/microros_ws/firmware/mcu_ws/install/lib/python3.10/site-packages/tracetools_read
copying /home/chittiv1113/Documents/workspaces/microros_ws/firmware/mcu_ws/build/tracetools_read/build/lib/tracetools_read/trace.py -> /home/chittiv1113/Documents/workspaces/microros_ws/firmware/mcu_ws/install/lib/python3.10/site-packages/tracetools_read
copying /home/chittiv1113/Documents/workspaces/microros_ws/firmware/mcu_ws/build/tracetools_read/build/lib/tracetools_read/__init__.py -> /home/chittiv1113/Documents/workspaces/microros_ws/firmware/mcu_ws/install/lib/python3.10/site-packages/tracetools_read
byte-compiling /home/chittiv1113/Documents/workspaces/microros_ws/firmware/mcu_ws/install/lib/python3.10/site-packages/tracetools_read/trace.py to trace.cpython-310.pyc
byte-compiling /home/chittiv1113/Documents/workspaces/microros_ws/firmware/mcu_ws/install/lib/python3.10/site-packages/tracetools_read/__init__.py to __init__.cpython-310.pyc
running install_data
copying package.xml -> /home/chittiv1113/Documents/workspaces/microros_ws/firmware/mcu_ws/install/share/tracetools_read
copying resource/tracetools_read -> /home/chittiv1113/Documents/workspaces/microros_ws/firmware/mcu_ws/install/share/ament_index/resource_index/packages
running install_egg_info
Copying ../../../build/tracetools_read/tracetools_read.egg-info to /home/chittiv1113/Documents/workspaces/microros_ws/firmware/mcu_ws/install/lib/python3.10/site-packages/tracetools_read-4.1.1-py3.10.egg-info
running install_scripts
writing list of installed files to '/home/chittiv1113/Documents/workspaces/microros_ws/firmware/mcu_ws/build/tracetools_read/install.log'
