[2.016s] Invoking command in '/home/chittiv1113/Documents/workspaces/microros_ws/firmware/mcu_ws/uros/tracetools/tracetools_read': PYTHONPATH=/home/chittiv1113/Documents/workspaces/microros_ws/firmware/mcu_ws/build/tracetools_read/prefix_override:/home/chittiv1113/Documents/workspaces/microros_ws/firmware/mcu_ws/install/lib/python3.10/site-packages:${PYTHONPATH} /usr/bin/python3 setup.py egg_info --egg-base ../../../build/tracetools_read build --build-base /home/chittiv1113/Documents/workspaces/microros_ws/firmware/mcu_ws/build/tracetools_read/build install --record /home/chittiv1113/Documents/workspaces/microros_ws/firmware/mcu_ws/build/tracetools_read/install.log --single-version-externally-managed
[2.853s] running egg_info
[2.865s] creating ../../../build/tracetools_read/tracetools_read.egg-info
[2.866s] writing ../../../build/tracetools_read/tracetools_read.egg-info/PKG-INFO
[2.867s] writing dependency_links to ../../../build/tracetools_read/tracetools_read.egg-info/dependency_links.txt
[2.875s] writing requirements to ../../../build/tracetools_read/tracetools_read.egg-info/requires.txt
[2.876s] writing top-level names to ../../../build/tracetools_read/tracetools_read.egg-info/top_level.txt
[2.876s] writing manifest file '../../../build/tracetools_read/tracetools_read.egg-info/SOURCES.txt'
[2.878s] reading manifest file '../../../build/tracetools_read/tracetools_read.egg-info/SOURCES.txt'
[2.878s] writing manifest file '../../../build/tracetools_read/tracetools_read.egg-info/SOURCES.txt'
[2.878s] running build
[2.878s] running build_py
[2.878s] creating /home/chittiv1113/Documents/workspaces/microros_ws/firmware/mcu_ws/build/tracetools_read/build
[2.879s] creating /home/chittiv1113/Documents/workspaces/microros_ws/firmware/mcu_ws/build/tracetools_read/build/lib
[2.879s] creating /home/chittiv1113/Documents/workspaces/microros_ws/firmware/mcu_ws/build/tracetools_read/build/lib/tracetools_read
[2.880s] copying tracetools_read/trace.py -> /home/chittiv1113/Documents/workspaces/microros_ws/firmware/mcu_ws/build/tracetools_read/build/lib/tracetools_read
[2.907s] copying tracetools_read/__init__.py -> /home/chittiv1113/Documents/workspaces/microros_ws/firmware/mcu_ws/build/tracetools_read/build/lib/tracetools_read
[2.908s] running install
[2.908s] /usr/lib/python3/dist-packages/setuptools/command/install.py:34: SetuptoolsDeprecationWarning: setup.py install is deprecated. Use build and pip and other standards-based tools.
[2.908s]   warnings.warn(
[2.910s] running install_lib
[2.911s] creating /home/chittiv1113/Documents/workspaces/microros_ws/firmware/mcu_ws/install/lib/python3.10/site-packages/tracetools_read
[2.912s] copying /home/chittiv1113/Documents/workspaces/microros_ws/firmware/mcu_ws/build/tracetools_read/build/lib/tracetools_read/trace.py -> /home/chittiv1113/Documents/workspaces/microros_ws/firmware/mcu_ws/install/lib/python3.10/site-packages/tracetools_read
[2.912s] copying /home/chittiv1113/Documents/workspaces/microros_ws/firmware/mcu_ws/build/tracetools_read/build/lib/tracetools_read/__init__.py -> /home/chittiv1113/Documents/workspaces/microros_ws/firmware/mcu_ws/install/lib/python3.10/site-packages/tracetools_read
[2.913s] byte-compiling /home/chittiv1113/Documents/workspaces/microros_ws/firmware/mcu_ws/install/lib/python3.10/site-packages/tracetools_read/trace.py to trace.cpython-310.pyc
[2.915s] byte-compiling /home/chittiv1113/Documents/workspaces/microros_ws/firmware/mcu_ws/install/lib/python3.10/site-packages/tracetools_read/__init__.py to __init__.cpython-310.pyc
[2.916s] running install_data
[2.917s] copying package.xml -> /home/chittiv1113/Documents/workspaces/microros_ws/firmware/mcu_ws/install/share/tracetools_read
[2.918s] copying resource/tracetools_read -> /home/chittiv1113/Documents/workspaces/microros_ws/firmware/mcu_ws/install/share/ament_index/resource_index/packages
[2.918s] running install_egg_info
[2.921s] Copying ../../../build/tracetools_read/tracetools_read.egg-info to /home/chittiv1113/Documents/workspaces/microros_ws/firmware/mcu_ws/install/lib/python3.10/site-packages/tracetools_read-4.1.1-py3.10.egg-info
[2.923s] running install_scripts
[2.962s] writing list of installed files to '/home/chittiv1113/Documents/workspaces/microros_ws/firmware/mcu_ws/build/tracetools_read/install.log'
[3.411s] Invoked command in '/home/chittiv1113/Documents/workspaces/microros_ws/firmware/mcu_ws/uros/tracetools/tracetools_read' returned '0': PYTHONPATH=/home/chittiv1113/Documents/workspaces/microros_ws/firmware/mcu_ws/build/tracetools_read/prefix_override:/home/chittiv1113/Documents/workspaces/microros_ws/firmware/mcu_ws/install/lib/python3.10/site-packages:${PYTHONPATH} /usr/bin/python3 setup.py egg_info --egg-base ../../../build/tracetools_read build --build-base /home/chittiv1113/Documents/workspaces/microros_ws/firmware/mcu_ws/build/tracetools_read/build install --record /home/chittiv1113/Documents/workspaces/microros_ws/firmware/mcu_ws/build/tracetools_read/install.log --single-version-externally-managed
