[0.087s] Invoking command in '/home/chittiv1113/Documents/workspaces/microros_ws/build/builtin_interfaces': CMAKE_PREFIX_PATH=${CMAKE_PREFIX_PATH}:/opt/ros/humble /usr/bin/cmake /home/chittiv1113/Documents/workspaces/microros_ws/src/ros2/rcl_interfaces/builtin_interfaces -DUAGENT_BUILD_EXECUTABLE=OFF -DUAGENT_P2P_PROFILE=OFF --no-warn-unused-cli -DCMAKE_INSTALL_PREFIX=/home/chittiv1113/Documents/workspaces/microros_ws/install/builtin_interfaces
[0.130s] Not searching for unused variables given on the command line.
[0.816s] -- The C compiler identification is GNU 11.3.0
[1.230s] -- The CXX compiler identification is GNU 11.3.0
[1.319s] -- Detecting C compiler ABI info
[1.552s] -- Detecting C compiler ABI info - done
[1.564s] -- Check for working C compiler: /usr/bin/cc - skipped
[1.564s] -- Detecting C compile features
[1.565s] -- Detecting C compile features - done
[1.584s] -- Detecting CXX compiler ABI info
[1.794s] -- Detecting CXX compiler ABI info - done
[1.807s] -- Check for working CXX compiler: /usr/bin/c++ - skipped
[1.807s] -- Detecting CXX compile features
[1.808s] -- Detecting CXX compile features - done
[1.900s] -- Found ament_cmake: 1.3.3 (/opt/ros/humble/share/ament_cmake/cmake)
[2.288s] -- Found Python3: /usr/bin/python3.10 (found version "3.10.6") found components: Interpreter 
[2.588s] -- Found rosidl_default_generators: 1.2.0 (/opt/ros/humble/share/rosidl_default_generators/cmake)
[2.634s] -- Using all available rosidl_typesupport_c: rosidl_typesupport_fastrtps_c;rosidl_typesupport_introspection_c
[2.679s] -- Found rosidl_adapter: 3.1.4 (/opt/ros/humble/share/rosidl_adapter/cmake)
[2.894s] -- Using all available rosidl_typesupport_cpp: rosidl_typesupport_fastrtps_cpp;rosidl_typesupport_introspection_cpp
[3.559s] -- Found ament_cmake_cppcheck: 0.12.5 (/opt/ros/humble/share/ament_cmake_cppcheck/cmake)
[3.562s] -- Found ament_cmake_cpplint: 0.12.5 (/opt/ros/humble/share/ament_cmake_cpplint/cmake)
[3.567s] -- Found ament_cmake_uncrustify: 0.12.5 (/opt/ros/humble/share/ament_cmake_uncrustify/cmake)
[3.573s] -- Found ament_cmake_ros: 0.10.0 (/opt/ros/humble/share/ament_cmake_ros/cmake)
[4.052s] -- Using all available rosidl_typesupport_c: rosidl_typesupport_fastrtps_c;rosidl_typesupport_introspection_c
[4.544s] -- Using all available rosidl_typesupport_cpp: rosidl_typesupport_fastrtps_cpp;rosidl_typesupport_introspection_cpp
[4.599s] -- Found PythonInterp: /usr/bin/python3 (found suitable version "3.10.6", minimum required is "3.6") 
[4.607s] -- Found python_cmake_module: 0.10.0 (/opt/ros/humble/share/python_cmake_module/cmake)
[4.674s] -- Found PythonLibs: /usr/lib/x86_64-linux-gnu/libpython3.10.so (found suitable version "3.10.6", minimum required is "3.5") 
[4.675s] -- Using PYTHON_EXECUTABLE: /usr/bin/python3
[4.676s] -- Using PYTHON_INCLUDE_DIRS: /usr/include/python3.10
[4.676s] -- Using PYTHON_LIBRARIES: /usr/lib/x86_64-linux-gnu/libpython3.10.so
[4.710s] -- Found PythonExtra: .so  
[4.780s] -- Found ament_cmake_flake8: 0.12.5 (/opt/ros/humble/share/ament_cmake_flake8/cmake)
[4.784s] -- Found ament_cmake_pep257: 0.12.5 (/opt/ros/humble/share/ament_cmake_pep257/cmake)
[4.824s] -- Configuring done
[4.949s] -- Generating done
[4.956s] -- Build files have been written to: /home/chittiv1113/Documents/workspaces/microros_ws/build/builtin_interfaces
[4.995s] Invoked command in '/home/chittiv1113/Documents/workspaces/microros_ws/build/builtin_interfaces' returned '0': CMAKE_PREFIX_PATH=${CMAKE_PREFIX_PATH}:/opt/ros/humble /usr/bin/cmake /home/chittiv1113/Documents/workspaces/microros_ws/src/ros2/rcl_interfaces/builtin_interfaces -DUAGENT_BUILD_EXECUTABLE=OFF -DUAGENT_P2P_PROFILE=OFF --no-warn-unused-cli -DCMAKE_INSTALL_PREFIX=/home/chittiv1113/Documents/workspaces/microros_ws/install/builtin_interfaces
[4.995s] Invoking command in '/home/chittiv1113/Documents/workspaces/microros_ws/build/builtin_interfaces': CMAKE_PREFIX_PATH=${CMAKE_PREFIX_PATH}:/opt/ros/humble /usr/bin/cmake --build /home/chittiv1113/Documents/workspaces/microros_ws/build/builtin_interfaces -- -j4 -l4
[5.098s] [  2%] [34m[1mGenerating C code for ROS interfaces[0m
[5.135s] [  5%] [34m[1mGenerating C++ code for ROS interfaces[0m
[5.145s] [  5%] Built target ament_cmake_python_copy_builtin_interfaces
[5.947s] running egg_info
[5.948s] creating builtin_interfaces.egg-info
[5.949s] writing builtin_interfaces.egg-info/PKG-INFO
[5.949s] writing dependency_links to builtin_interfaces.egg-info/dependency_links.txt
[5.949s] writing top-level names to builtin_interfaces.egg-info/top_level.txt
[5.950s] writing manifest file 'builtin_interfaces.egg-info/SOURCES.txt'
[5.951s] reading manifest file 'builtin_interfaces.egg-info/SOURCES.txt'
[5.952s] writing manifest file 'builtin_interfaces.egg-info/SOURCES.txt'
[5.998s] [  5%] Built target ament_cmake_python_build_builtin_interfaces_egg
[6.204s] [  5%] Built target builtin_interfaces__cpp
[6.253s] [  7%] [34m[1mGenerating C++ type support dispatch for ROS interfaces[0m
[6.270s] [ 10%] [34m[1mGenerating C++ type support for eProsima Fast-RTPS[0m
[6.294s] [ 12%] [34m[1mGenerating C++ introspection for ROS interfaces[0m
[6.729s] [ 15%] [32mBuilding C object CMakeFiles/builtin_interfaces__rosidl_generator_c.dir/rosidl_generator_c/builtin_interfaces/msg/detail/duration__functions.c.o[0m
[7.047s] [ 17%] [32mBuilding C object CMakeFiles/builtin_interfaces__rosidl_generator_c.dir/rosidl_generator_c/builtin_interfaces/msg/detail/time__functions.c.o[0m
[7.132s] [ 20%] [32mBuilding CXX object CMakeFiles/builtin_interfaces__rosidl_typesupport_cpp.dir/rosidl_typesupport_cpp/builtin_interfaces/msg/duration__type_support.cpp.o[0m
[7.442s] [ 23%] [32mBuilding CXX object CMakeFiles/builtin_interfaces__rosidl_typesupport_fastrtps_cpp.dir/rosidl_typesupport_fastrtps_cpp/builtin_interfaces/msg/detail/dds_fastrtps/duration__type_support.cpp.o[0m
[7.527s] [ 25%] [32m[1mLinking C shared library libbuiltin_interfaces__rosidl_generator_c.so[0m
[8.193s] [ 28%] [32mBuilding CXX object CMakeFiles/builtin_interfaces__rosidl_typesupport_introspection_cpp.dir/rosidl_typesupport_introspection_cpp/builtin_interfaces/msg/detail/duration__type_support.cpp.o[0m
[8.206s] [ 28%] Built target builtin_interfaces__rosidl_generator_c
[8.258s] [ 30%] [34m[1mGenerating C type support for eProsima Fast-RTPS[0m
[8.312s] [ 33%] [32mBuilding CXX object CMakeFiles/builtin_interfaces__rosidl_typesupport_cpp.dir/rosidl_typesupport_cpp/builtin_interfaces/msg/time__type_support.cpp.o[0m
[9.063s] [ 35%] [32m[1mLinking CXX shared library libbuiltin_interfaces__rosidl_typesupport_cpp.so[0m
[9.293s] [ 38%] [32mBuilding CXX object CMakeFiles/builtin_interfaces__rosidl_typesupport_fastrtps_cpp.dir/rosidl_typesupport_fastrtps_cpp/builtin_interfaces/msg/detail/dds_fastrtps/time__type_support.cpp.o[0m
[9.628s] [ 38%] Built target builtin_interfaces__rosidl_typesupport_cpp
[9.762s] [ 41%] [32mBuilding CXX object CMakeFiles/builtin_interfaces__rosidl_typesupport_introspection_cpp.dir/rosidl_typesupport_introspection_cpp/builtin_interfaces/msg/detail/time__type_support.cpp.o[0m
[9.801s] [ 43%] [34m[1mGenerating C introspection for ROS interfaces[0m
[10.568s] [ 46%] [32mBuilding CXX object CMakeFiles/builtin_interfaces__rosidl_typesupport_fastrtps_c.dir/rosidl_typesupport_fastrtps_c/builtin_interfaces/msg/detail/duration__type_support_c.cpp.o[0m
[11.207s] [ 48%] [32mBuilding C object CMakeFiles/builtin_interfaces__rosidl_typesupport_introspection_c.dir/rosidl_typesupport_introspection_c/builtin_interfaces/msg/detail/duration__type_support.c.o[0m
[11.527s] [ 51%] [32m[1mLinking CXX shared library libbuiltin_interfaces__rosidl_typesupport_fastrtps_cpp.so[0m
[11.691s] [ 53%] [32mBuilding C object CMakeFiles/builtin_interfaces__rosidl_typesupport_introspection_c.dir/rosidl_typesupport_introspection_c/builtin_interfaces/msg/detail/time__type_support.c.o[0m
[12.043s] [ 56%] [32m[1mLinking CXX shared library libbuiltin_interfaces__rosidl_typesupport_introspection_cpp.so[0m
[12.083s] [ 58%] [32m[1mLinking C shared library libbuiltin_interfaces__rosidl_typesupport_introspection_c.so[0m
[12.368s] [ 58%] Built target builtin_interfaces__rosidl_typesupport_fastrtps_cpp
[12.370s] [ 58%] Built target builtin_interfaces__rosidl_typesupport_introspection_c
[12.388s] [ 58%] Built target builtin_interfaces__rosidl_typesupport_introspection_cpp
[12.454s] [ 61%] [32mBuilding CXX object CMakeFiles/builtin_interfaces__rosidl_typesupport_fastrtps_c.dir/rosidl_typesupport_fastrtps_c/builtin_interfaces/msg/detail/time__type_support_c.cpp.o[0m
[12.465s] [ 64%] [34m[1mGenerating C type support dispatch for ROS interfaces[0m
[13.492s] [ 66%] [32m[1mLinking CXX shared library libbuiltin_interfaces__rosidl_typesupport_fastrtps_c.so[0m
[13.735s] [ 66%] Built target builtin_interfaces__rosidl_typesupport_fastrtps_c
[13.992s] [ 69%] [32mBuilding CXX object CMakeFiles/builtin_interfaces__rosidl_typesupport_c.dir/rosidl_typesupport_c/builtin_interfaces/msg/duration__type_support.cpp.o[0m
[14.008s] [ 71%] [32mBuilding CXX object CMakeFiles/builtin_interfaces__rosidl_typesupport_c.dir/rosidl_typesupport_c/builtin_interfaces/msg/time__type_support.cpp.o[0m
[14.204s] [ 74%] [32m[1mLinking CXX shared library libbuiltin_interfaces__rosidl_typesupport_c.so[0m
[14.423s] [ 74%] Built target builtin_interfaces__rosidl_typesupport_c
[14.638s] [ 74%] Built target builtin_interfaces
[14.701s] [ 76%] [34m[1mGenerating Python code for ROS interfaces[0m
[15.618s] [ 76%] Built target builtin_interfaces__py
[15.666s] [ 79%] [32mBuilding C object CMakeFiles/builtin_interfaces__rosidl_generator_py.dir/rosidl_generator_py/builtin_interfaces/msg/_duration_s.c.o[0m
[15.669s] [ 82%] [32mBuilding C object CMakeFiles/builtin_interfaces__rosidl_generator_py.dir/rosidl_generator_py/builtin_interfaces/msg/_time_s.c.o[0m
[16.239s] [ 84%] [32m[1mLinking C shared library rosidl_generator_py/builtin_interfaces/libbuiltin_interfaces__rosidl_generator_py.so[0m
[16.399s] [ 84%] Built target builtin_interfaces__rosidl_generator_py
[16.490s] [ 87%] [32mBuilding C object CMakeFiles/builtin_interfaces__rosidl_typesupport_c__pyext.dir/rosidl_generator_py/builtin_interfaces/_builtin_interfaces_s.ep.rosidl_typesupport_c.c.o[0m
[16.496s] [ 89%] [32mBuilding C object CMakeFiles/builtin_interfaces__rosidl_typesupport_introspection_c__pyext.dir/rosidl_generator_py/builtin_interfaces/_builtin_interfaces_s.ep.rosidl_typesupport_introspection_c.c.o[0m
[16.523s] [ 92%] [32mBuilding C object CMakeFiles/builtin_interfaces__rosidl_typesupport_fastrtps_c__pyext.dir/rosidl_generator_py/builtin_interfaces/_builtin_interfaces_s.ep.rosidl_typesupport_fastrtps_c.c.o[0m
[16.701s] [ 94%] [32m[1mLinking C shared library rosidl_generator_py/builtin_interfaces/builtin_interfaces_s__rosidl_typesupport_introspection_c.cpython-310-x86_64-linux-gnu.so[0m
[16.708s] [ 97%] [32m[1mLinking C shared library rosidl_generator_py/builtin_interfaces/builtin_interfaces_s__rosidl_typesupport_c.cpython-310-x86_64-linux-gnu.so[0m
[16.725s] [100%] [32m[1mLinking C shared library rosidl_generator_py/builtin_interfaces/builtin_interfaces_s__rosidl_typesupport_fastrtps_c.cpython-310-x86_64-linux-gnu.so[0m
[16.837s] [100%] Built target builtin_interfaces__rosidl_typesupport_c__pyext
[16.838s] [100%] Built target builtin_interfaces__rosidl_typesupport_introspection_c__pyext
[16.979s] [100%] Built target builtin_interfaces__rosidl_typesupport_fastrtps_c__pyext
[17.076s] Invoked command in '/home/chittiv1113/Documents/workspaces/microros_ws/build/builtin_interfaces' returned '0': CMAKE_PREFIX_PATH=${CMAKE_PREFIX_PATH}:/opt/ros/humble /usr/bin/cmake --build /home/chittiv1113/Documents/workspaces/microros_ws/build/builtin_interfaces -- -j4 -l4
[17.704s] Invoking command in '/home/chittiv1113/Documents/workspaces/microros_ws/build/builtin_interfaces': CMAKE_PREFIX_PATH=${CMAKE_PREFIX_PATH}:/opt/ros/humble /usr/bin/cmake --install /home/chittiv1113/Documents/workspaces/microros_ws/build/builtin_interfaces
[17.720s] -- Install configuration: ""
[17.723s] -- Installing: /home/chittiv1113/Documents/workspaces/microros_ws/install/builtin_interfaces/share/ament_index/resource_index/rosidl_interfaces/builtin_interfaces
[17.723s] -- Installing: /home/chittiv1113/Documents/workspaces/microros_ws/install/builtin_interfaces/include/builtin_interfaces/builtin_interfaces
[17.724s] -- Installing: /home/chittiv1113/Documents/workspaces/microros_ws/install/builtin_interfaces/include/builtin_interfaces/builtin_interfaces/msg
[17.724s] -- Installing: /home/chittiv1113/Documents/workspaces/microros_ws/install/builtin_interfaces/include/builtin_interfaces/builtin_interfaces/msg/rosidl_generator_c__visibility_control.h
[17.724s] -- Installing: /home/chittiv1113/Documents/workspaces/microros_ws/install/builtin_interfaces/include/builtin_interfaces/builtin_interfaces/msg/detail
[17.725s] -- Installing: /home/chittiv1113/Documents/workspaces/microros_ws/install/builtin_interfaces/include/builtin_interfaces/builtin_interfaces/msg/detail/duration__functions.c
[17.726s] -- Installing: /home/chittiv1113/Documents/workspaces/microros_ws/install/builtin_interfaces/include/builtin_interfaces/builtin_interfaces/msg/detail/time__functions.c
[17.726s] -- Installing: /home/chittiv1113/Documents/workspaces/microros_ws/install/builtin_interfaces/include/builtin_interfaces/builtin_interfaces/msg/detail/duration__type_support.h
[17.726s] -- Installing: /home/chittiv1113/Documents/workspaces/microros_ws/install/builtin_interfaces/include/builtin_interfaces/builtin_interfaces/msg/detail/time__struct.h
[17.727s] -- Installing: /home/chittiv1113/Documents/workspaces/microros_ws/install/builtin_interfaces/include/builtin_interfaces/builtin_interfaces/msg/detail/time__type_support.h
[17.727s] -- Installing: /home/chittiv1113/Documents/workspaces/microros_ws/install/builtin_interfaces/include/builtin_interfaces/builtin_interfaces/msg/detail/duration__struct.h
[17.727s] -- Installing: /home/chittiv1113/Documents/workspaces/microros_ws/install/builtin_interfaces/include/builtin_interfaces/builtin_interfaces/msg/detail/time__functions.h
[17.727s] -- Installing: /home/chittiv1113/Documents/workspaces/microros_ws/install/builtin_interfaces/include/builtin_interfaces/builtin_interfaces/msg/detail/duration__functions.h
[17.727s] -- Installing: /home/chittiv1113/Documents/workspaces/microros_ws/install/builtin_interfaces/include/builtin_interfaces/builtin_interfaces/msg/time.h
[17.727s] -- Installing: /home/chittiv1113/Documents/workspaces/microros_ws/install/builtin_interfaces/include/builtin_interfaces/builtin_interfaces/msg/duration.h
[17.727s] -- Installing: /home/chittiv1113/Documents/workspaces/microros_ws/install/builtin_interfaces/share/builtin_interfaces/environment/library_path.sh
[17.730s] -- Installing: /home/chittiv1113/Documents/workspaces/microros_ws/install/builtin_interfaces/share/builtin_interfaces/environment/library_path.dsv
[17.730s] -- Installing: /home/chittiv1113/Documents/workspaces/microros_ws/install/builtin_interfaces/lib/libbuiltin_interfaces__rosidl_generator_c.so
[17.730s] -- Set runtime path of "/home/chittiv1113/Documents/workspaces/microros_ws/install/builtin_interfaces/lib/libbuiltin_interfaces__rosidl_generator_c.so" to ""
[17.731s] -- Up-to-date: /home/chittiv1113/Documents/workspaces/microros_ws/install/builtin_interfaces/include/builtin_interfaces/builtin_interfaces
[17.737s] -- Up-to-date: /home/chittiv1113/Documents/workspaces/microros_ws/install/builtin_interfaces/include/builtin_interfaces/builtin_interfaces/msg
[17.738s] -- Installing: /home/chittiv1113/Documents/workspaces/microros_ws/install/builtin_interfaces/include/builtin_interfaces/builtin_interfaces/msg/rosidl_typesupport_fastrtps_c__visibility_control.h
[17.738s] -- Up-to-date: /home/chittiv1113/Documents/workspaces/microros_ws/install/builtin_interfaces/include/builtin_interfaces/builtin_interfaces/msg/detail
[17.738s] -- Installing: /home/chittiv1113/Documents/workspaces/microros_ws/install/builtin_interfaces/include/builtin_interfaces/builtin_interfaces/msg/detail/duration__rosidl_typesupport_fastrtps_c.h
[17.739s] -- Installing: /home/chittiv1113/Documents/workspaces/microros_ws/install/builtin_interfaces/include/builtin_interfaces/builtin_interfaces/msg/detail/time__rosidl_typesupport_fastrtps_c.h
[17.739s] -- Installing: /home/chittiv1113/Documents/workspaces/microros_ws/install/builtin_interfaces/lib/libbuiltin_interfaces__rosidl_typesupport_fastrtps_c.so
[17.739s] -- Set runtime path of "/home/chittiv1113/Documents/workspaces/microros_ws/install/builtin_interfaces/lib/libbuiltin_interfaces__rosidl_typesupport_fastrtps_c.so" to ""
[17.740s] -- Up-to-date: /home/chittiv1113/Documents/workspaces/microros_ws/install/builtin_interfaces/include/builtin_interfaces/builtin_interfaces
[17.740s] -- Up-to-date: /home/chittiv1113/Documents/workspaces/microros_ws/install/builtin_interfaces/include/builtin_interfaces/builtin_interfaces/msg
[17.740s] -- Up-to-date: /home/chittiv1113/Documents/workspaces/microros_ws/install/builtin_interfaces/include/builtin_interfaces/builtin_interfaces/msg/detail
[17.740s] -- Installing: /home/chittiv1113/Documents/workspaces/microros_ws/install/builtin_interfaces/include/builtin_interfaces/builtin_interfaces/msg/detail/duration__type_support.c
[17.741s] -- Installing: /home/chittiv1113/Documents/workspaces/microros_ws/install/builtin_interfaces/include/builtin_interfaces/builtin_interfaces/msg/detail/duration__rosidl_typesupport_introspection_c.h
[17.741s] -- Installing: /home/chittiv1113/Documents/workspaces/microros_ws/install/builtin_interfaces/include/builtin_interfaces/builtin_interfaces/msg/detail/time__type_support.c
[17.750s] -- Installing: /home/chittiv1113/Documents/workspaces/microros_ws/install/builtin_interfaces/include/builtin_interfaces/builtin_interfaces/msg/detail/time__rosidl_typesupport_introspection_c.h
[17.750s] -- Installing: /home/chittiv1113/Documents/workspaces/microros_ws/install/builtin_interfaces/include/builtin_interfaces/builtin_interfaces/msg/rosidl_typesupport_introspection_c__visibility_control.h
[17.750s] -- Installing: /home/chittiv1113/Documents/workspaces/microros_ws/install/builtin_interfaces/lib/libbuiltin_interfaces__rosidl_typesupport_introspection_c.so
[17.750s] -- Set runtime path of "/home/chittiv1113/Documents/workspaces/microros_ws/install/builtin_interfaces/lib/libbuiltin_interfaces__rosidl_typesupport_introspection_c.so" to ""
[17.750s] -- Installing: /home/chittiv1113/Documents/workspaces/microros_ws/install/builtin_interfaces/lib/libbuiltin_interfaces__rosidl_typesupport_c.so
[17.750s] -- Set runtime path of "/home/chittiv1113/Documents/workspaces/microros_ws/install/builtin_interfaces/lib/libbuiltin_interfaces__rosidl_typesupport_c.so" to ""
[17.750s] -- Up-to-date: /home/chittiv1113/Documents/workspaces/microros_ws/install/builtin_interfaces/include/builtin_interfaces/builtin_interfaces
[17.750s] -- Up-to-date: /home/chittiv1113/Documents/workspaces/microros_ws/install/builtin_interfaces/include/builtin_interfaces/builtin_interfaces/msg
[17.750s] -- Up-to-date: /home/chittiv1113/Documents/workspaces/microros_ws/install/builtin_interfaces/include/builtin_interfaces/builtin_interfaces/msg/detail
[17.750s] -- Installing: /home/chittiv1113/Documents/workspaces/microros_ws/install/builtin_interfaces/include/builtin_interfaces/builtin_interfaces/msg/detail/time__traits.hpp
[17.751s] -- Installing: /home/chittiv1113/Documents/workspaces/microros_ws/install/builtin_interfaces/include/builtin_interfaces/builtin_interfaces/msg/detail/time__struct.hpp
[17.751s] -- Installing: /home/chittiv1113/Documents/workspaces/microros_ws/install/builtin_interfaces/include/builtin_interfaces/builtin_interfaces/msg/detail/duration__traits.hpp
[17.751s] -- Installing: /home/chittiv1113/Documents/workspaces/microros_ws/install/builtin_interfaces/include/builtin_interfaces/builtin_interfaces/msg/detail/time__builder.hpp
[17.751s] -- Installing: /home/chittiv1113/Documents/workspaces/microros_ws/install/builtin_interfaces/include/builtin_interfaces/builtin_interfaces/msg/detail/duration__struct.hpp
[17.751s] -- Installing: /home/chittiv1113/Documents/workspaces/microros_ws/install/builtin_interfaces/include/builtin_interfaces/builtin_interfaces/msg/detail/duration__builder.hpp
[17.751s] -- Installing: /home/chittiv1113/Documents/workspaces/microros_ws/install/builtin_interfaces/include/builtin_interfaces/builtin_interfaces/msg/time.hpp
[17.753s] -- Installing: /home/chittiv1113/Documents/workspaces/microros_ws/install/builtin_interfaces/include/builtin_interfaces/builtin_interfaces/msg/duration.hpp
[17.753s] -- Up-to-date: /home/chittiv1113/Documents/workspaces/microros_ws/install/builtin_interfaces/include/builtin_interfaces/builtin_interfaces
[17.753s] -- Up-to-date: /home/chittiv1113/Documents/workspaces/microros_ws/install/builtin_interfaces/include/builtin_interfaces/builtin_interfaces/msg
[17.753s] -- Installing: /home/chittiv1113/Documents/workspaces/microros_ws/install/builtin_interfaces/include/builtin_interfaces/builtin_interfaces/msg/rosidl_typesupport_fastrtps_cpp__visibility_control.h
[17.753s] -- Up-to-date: /home/chittiv1113/Documents/workspaces/microros_ws/install/builtin_interfaces/include/builtin_interfaces/builtin_interfaces/msg/detail
[17.754s] -- Installing: /home/chittiv1113/Documents/workspaces/microros_ws/install/builtin_interfaces/include/builtin_interfaces/builtin_interfaces/msg/detail/dds_fastrtps
[17.780s] -- Installing: /home/chittiv1113/Documents/workspaces/microros_ws/install/builtin_interfaces/include/builtin_interfaces/builtin_interfaces/msg/detail/time__rosidl_typesupport_fastrtps_cpp.hpp
[17.780s] -- Installing: /home/chittiv1113/Documents/workspaces/microros_ws/install/builtin_interfaces/include/builtin_interfaces/builtin_interfaces/msg/detail/duration__rosidl_typesupport_fastrtps_cpp.hpp
[17.780s] -- Installing: /home/chittiv1113/Documents/workspaces/microros_ws/install/builtin_interfaces/lib/libbuiltin_interfaces__rosidl_typesupport_fastrtps_cpp.so
[17.781s] -- Set runtime path of "/home/chittiv1113/Documents/workspaces/microros_ws/install/builtin_interfaces/lib/libbuiltin_interfaces__rosidl_typesupport_fastrtps_cpp.so" to ""
[17.781s] -- Up-to-date: /home/chittiv1113/Documents/workspaces/microros_ws/install/builtin_interfaces/include/builtin_interfaces/builtin_interfaces
[17.781s] -- Up-to-date: /home/chittiv1113/Documents/workspaces/microros_ws/install/builtin_interfaces/include/builtin_interfaces/builtin_interfaces/msg
[17.782s] -- Up-to-date: /home/chittiv1113/Documents/workspaces/microros_ws/install/builtin_interfaces/include/builtin_interfaces/builtin_interfaces/msg/detail
[17.782s] -- Installing: /home/chittiv1113/Documents/workspaces/microros_ws/install/builtin_interfaces/include/builtin_interfaces/builtin_interfaces/msg/detail/duration__rosidl_typesupport_introspection_cpp.hpp
[17.783s] -- Installing: /home/chittiv1113/Documents/workspaces/microros_ws/install/builtin_interfaces/include/builtin_interfaces/builtin_interfaces/msg/detail/duration__type_support.cpp
[17.783s] -- Installing: /home/chittiv1113/Documents/workspaces/microros_ws/install/builtin_interfaces/include/builtin_interfaces/builtin_interfaces/msg/detail/time__rosidl_typesupport_introspection_cpp.hpp
[17.784s] -- Installing: /home/chittiv1113/Documents/workspaces/microros_ws/install/builtin_interfaces/include/builtin_interfaces/builtin_interfaces/msg/detail/time__type_support.cpp
[17.784s] -- Installing: /home/chittiv1113/Documents/workspaces/microros_ws/install/builtin_interfaces/lib/libbuiltin_interfaces__rosidl_typesupport_introspection_cpp.so
[17.785s] -- Set runtime path of "/home/chittiv1113/Documents/workspaces/microros_ws/install/builtin_interfaces/lib/libbuiltin_interfaces__rosidl_typesupport_introspection_cpp.so" to ""
[17.785s] -- Installing: /home/chittiv1113/Documents/workspaces/microros_ws/install/builtin_interfaces/lib/libbuiltin_interfaces__rosidl_typesupport_cpp.so
[17.786s] -- Set runtime path of "/home/chittiv1113/Documents/workspaces/microros_ws/install/builtin_interfaces/lib/libbuiltin_interfaces__rosidl_typesupport_cpp.so" to ""
[17.787s] -- Installing: /home/chittiv1113/Documents/workspaces/microros_ws/install/builtin_interfaces/share/builtin_interfaces/environment/pythonpath.sh
[17.788s] -- Installing: /home/chittiv1113/Documents/workspaces/microros_ws/install/builtin_interfaces/share/builtin_interfaces/environment/pythonpath.dsv
[17.791s] -- Installing: /home/chittiv1113/Documents/workspaces/microros_ws/install/builtin_interfaces/local/lib/python3.10/dist-packages/builtin_interfaces-1.2.1-py3.10.egg-info
[17.791s] -- Installing: /home/chittiv1113/Documents/workspaces/microros_ws/install/builtin_interfaces/local/lib/python3.10/dist-packages/builtin_interfaces-1.2.1-py3.10.egg-info/top_level.txt
[17.792s] -- Installing: /home/chittiv1113/Documents/workspaces/microros_ws/install/builtin_interfaces/local/lib/python3.10/dist-packages/builtin_interfaces-1.2.1-py3.10.egg-info/dependency_links.txt
[17.792s] -- Installing: /home/chittiv1113/Documents/workspaces/microros_ws/install/builtin_interfaces/local/lib/python3.10/dist-packages/builtin_interfaces-1.2.1-py3.10.egg-info/PKG-INFO
[17.792s] -- Installing: /home/chittiv1113/Documents/workspaces/microros_ws/install/builtin_interfaces/local/lib/python3.10/dist-packages/builtin_interfaces-1.2.1-py3.10.egg-info/SOURCES.txt
[17.792s] -- Installing: /home/chittiv1113/Documents/workspaces/microros_ws/install/builtin_interfaces/local/lib/python3.10/dist-packages/builtin_interfaces
[17.792s] -- Installing: /home/chittiv1113/Documents/workspaces/microros_ws/install/builtin_interfaces/local/lib/python3.10/dist-packages/builtin_interfaces/builtin_interfaces_s__rosidl_typesupport_fastrtps_c.cpython-310-x86_64-linux-gnu.so
[17.792s] -- Installing: /home/chittiv1113/Documents/workspaces/microros_ws/install/builtin_interfaces/local/lib/python3.10/dist-packages/builtin_interfaces/libbuiltin_interfaces__rosidl_generator_py.so
[17.792s] -- Installing: /home/chittiv1113/Documents/workspaces/microros_ws/install/builtin_interfaces/local/lib/python3.10/dist-packages/builtin_interfaces/_builtin_interfaces_s.ep.rosidl_typesupport_fastrtps_c.c
[17.792s] -- Installing: /home/chittiv1113/Documents/workspaces/microros_ws/install/builtin_interfaces/local/lib/python3.10/dist-packages/builtin_interfaces/builtin_interfaces_s__rosidl_typesupport_c.cpython-310-x86_64-linux-gnu.so
[17.792s] -- Installing: /home/chittiv1113/Documents/workspaces/microros_ws/install/builtin_interfaces/local/lib/python3.10/dist-packages/builtin_interfaces/msg
[17.792s] -- Installing: /home/chittiv1113/Documents/workspaces/microros_ws/install/builtin_interfaces/local/lib/python3.10/dist-packages/builtin_interfaces/msg/_duration_s.c
[17.792s] -- Installing: /home/chittiv1113/Documents/workspaces/microros_ws/install/builtin_interfaces/local/lib/python3.10/dist-packages/builtin_interfaces/msg/_duration.py
[17.792s] -- Installing: /home/chittiv1113/Documents/workspaces/microros_ws/install/builtin_interfaces/local/lib/python3.10/dist-packages/builtin_interfaces/msg/_time.py
[17.793s] -- Installing: /home/chittiv1113/Documents/workspaces/microros_ws/install/builtin_interfaces/local/lib/python3.10/dist-packages/builtin_interfaces/msg/_time_s.c
[17.793s] -- Installing: /home/chittiv1113/Documents/workspaces/microros_ws/install/builtin_interfaces/local/lib/python3.10/dist-packages/builtin_interfaces/msg/__init__.py
[17.793s] -- Installing: /home/chittiv1113/Documents/workspaces/microros_ws/install/builtin_interfaces/local/lib/python3.10/dist-packages/builtin_interfaces/builtin_interfaces_s__rosidl_typesupport_introspection_c.cpython-310-x86_64-linux-gnu.so
[17.793s] -- Installing: /home/chittiv1113/Documents/workspaces/microros_ws/install/builtin_interfaces/local/lib/python3.10/dist-packages/builtin_interfaces/_builtin_interfaces_s.ep.rosidl_typesupport_introspection_c.c
[17.793s] -- Installing: /home/chittiv1113/Documents/workspaces/microros_ws/install/builtin_interfaces/local/lib/python3.10/dist-packages/builtin_interfaces/__init__.py
[17.793s] -- Installing: /home/chittiv1113/Documents/workspaces/microros_ws/install/builtin_interfaces/local/lib/python3.10/dist-packages/builtin_interfaces/_builtin_interfaces_s.ep.rosidl_typesupport_c.c
[17.876s] Listing '/home/chittiv1113/Documents/workspaces/microros_ws/install/builtin_interfaces/local/lib/python3.10/dist-packages/builtin_interfaces'...
[17.876s] Compiling '/home/chittiv1113/Documents/workspaces/microros_ws/install/builtin_interfaces/local/lib/python3.10/dist-packages/builtin_interfaces/__init__.py'...
[17.877s] Listing '/home/chittiv1113/Documents/workspaces/microros_ws/install/builtin_interfaces/local/lib/python3.10/dist-packages/builtin_interfaces/msg'...
[17.877s] Compiling '/home/chittiv1113/Documents/workspaces/microros_ws/install/builtin_interfaces/local/lib/python3.10/dist-packages/builtin_interfaces/msg/__init__.py'...
[17.878s] Compiling '/home/chittiv1113/Documents/workspaces/microros_ws/install/builtin_interfaces/local/lib/python3.10/dist-packages/builtin_interfaces/msg/_duration.py'...
[17.878s] Compiling '/home/chittiv1113/Documents/workspaces/microros_ws/install/builtin_interfaces/local/lib/python3.10/dist-packages/builtin_interfaces/msg/_time.py'...
[17.882s] -- Installing: /home/chittiv1113/Documents/workspaces/microros_ws/install/builtin_interfaces/local/lib/python3.10/dist-packages/builtin_interfaces/builtin_interfaces_s__rosidl_typesupport_fastrtps_c.cpython-310-x86_64-linux-gnu.so
[17.883s] -- Set runtime path of "/home/chittiv1113/Documents/workspaces/microros_ws/install/builtin_interfaces/local/lib/python3.10/dist-packages/builtin_interfaces/builtin_interfaces_s__rosidl_typesupport_fastrtps_c.cpython-310-x86_64-linux-gnu.so" to ""
[17.883s] -- Installing: /home/chittiv1113/Documents/workspaces/microros_ws/install/builtin_interfaces/local/lib/python3.10/dist-packages/builtin_interfaces/builtin_interfaces_s__rosidl_typesupport_introspection_c.cpython-310-x86_64-linux-gnu.so
[17.884s] -- Set runtime path of "/home/chittiv1113/Documents/workspaces/microros_ws/install/builtin_interfaces/local/lib/python3.10/dist-packages/builtin_interfaces/builtin_interfaces_s__rosidl_typesupport_introspection_c.cpython-310-x86_64-linux-gnu.so" to ""
[17.885s] -- Installing: /home/chittiv1113/Documents/workspaces/microros_ws/install/builtin_interfaces/local/lib/python3.10/dist-packages/builtin_interfaces/builtin_interfaces_s__rosidl_typesupport_c.cpython-310-x86_64-linux-gnu.so
[17.885s] -- Set runtime path of "/home/chittiv1113/Documents/workspaces/microros_ws/install/builtin_interfaces/local/lib/python3.10/dist-packages/builtin_interfaces/builtin_interfaces_s__rosidl_typesupport_c.cpython-310-x86_64-linux-gnu.so" to ""
[17.886s] -- Installing: /home/chittiv1113/Documents/workspaces/microros_ws/install/builtin_interfaces/lib/libbuiltin_interfaces__rosidl_generator_py.so
[17.886s] -- Set runtime path of "/home/chittiv1113/Documents/workspaces/microros_ws/install/builtin_interfaces/lib/libbuiltin_interfaces__rosidl_generator_py.so" to ""
[17.886s] -- Installing: /home/chittiv1113/Documents/workspaces/microros_ws/install/builtin_interfaces/share/builtin_interfaces/msg/Duration.idl
[17.886s] -- Installing: /home/chittiv1113/Documents/workspaces/microros_ws/install/builtin_interfaces/share/builtin_interfaces/msg/Time.idl
[17.886s] -- Installing: /home/chittiv1113/Documents/workspaces/microros_ws/install/builtin_interfaces/share/builtin_interfaces/msg/Duration.msg
[17.886s] -- Installing: /home/chittiv1113/Documents/workspaces/microros_ws/install/builtin_interfaces/share/builtin_interfaces/msg/Time.msg
[17.887s] -- Installing: /home/chittiv1113/Documents/workspaces/microros_ws/install/builtin_interfaces/share/ament_index/resource_index/package_run_dependencies/builtin_interfaces
[17.887s] -- Installing: /home/chittiv1113/Documents/workspaces/microros_ws/install/builtin_interfaces/share/ament_index/resource_index/parent_prefix_path/builtin_interfaces
[17.887s] -- Installing: /home/chittiv1113/Documents/workspaces/microros_ws/install/builtin_interfaces/share/builtin_interfaces/environment/ament_prefix_path.sh
[17.887s] -- Installing: /home/chittiv1113/Documents/workspaces/microros_ws/install/builtin_interfaces/share/builtin_interfaces/environment/ament_prefix_path.dsv
[17.888s] -- Installing: /home/chittiv1113/Documents/workspaces/microros_ws/install/builtin_interfaces/share/builtin_interfaces/environment/path.sh
[17.888s] -- Installing: /home/chittiv1113/Documents/workspaces/microros_ws/install/builtin_interfaces/share/builtin_interfaces/environment/path.dsv
[17.888s] -- Installing: /home/chittiv1113/Documents/workspaces/microros_ws/install/builtin_interfaces/share/builtin_interfaces/local_setup.bash
[17.889s] -- Installing: /home/chittiv1113/Documents/workspaces/microros_ws/install/builtin_interfaces/share/builtin_interfaces/local_setup.sh
[17.889s] -- Installing: /home/chittiv1113/Documents/workspaces/microros_ws/install/builtin_interfaces/share/builtin_interfaces/local_setup.zsh
[17.889s] -- Installing: /home/chittiv1113/Documents/workspaces/microros_ws/install/builtin_interfaces/share/builtin_interfaces/local_setup.dsv
[17.889s] -- Installing: /home/chittiv1113/Documents/workspaces/microros_ws/install/builtin_interfaces/share/builtin_interfaces/package.dsv
[17.890s] -- Installing: /home/chittiv1113/Documents/workspaces/microros_ws/install/builtin_interfaces/share/ament_index/resource_index/packages/builtin_interfaces
[17.891s] -- Installing: /home/chittiv1113/Documents/workspaces/microros_ws/install/builtin_interfaces/share/builtin_interfaces/cmake/export_builtin_interfaces__rosidl_generator_cExport.cmake
[17.893s] -- Installing: /home/chittiv1113/Documents/workspaces/microros_ws/install/builtin_interfaces/share/builtin_interfaces/cmake/export_builtin_interfaces__rosidl_generator_cExport-noconfig.cmake
[17.893s] -- Installing: /home/chittiv1113/Documents/workspaces/microros_ws/install/builtin_interfaces/share/builtin_interfaces/cmake/export_builtin_interfaces__rosidl_typesupport_fastrtps_cExport.cmake
[17.893s] -- Installing: /home/chittiv1113/Documents/workspaces/microros_ws/install/builtin_interfaces/share/builtin_interfaces/cmake/export_builtin_interfaces__rosidl_typesupport_fastrtps_cExport-noconfig.cmake
[17.893s] -- Installing: /home/chittiv1113/Documents/workspaces/microros_ws/install/builtin_interfaces/share/builtin_interfaces/cmake/builtin_interfaces__rosidl_typesupport_introspection_cExport.cmake
[17.893s] -- Installing: /home/chittiv1113/Documents/workspaces/microros_ws/install/builtin_interfaces/share/builtin_interfaces/cmake/builtin_interfaces__rosidl_typesupport_introspection_cExport-noconfig.cmake
[17.893s] -- Installing: /home/chittiv1113/Documents/workspaces/microros_ws/install/builtin_interfaces/share/builtin_interfaces/cmake/builtin_interfaces__rosidl_typesupport_cExport.cmake
[17.893s] -- Installing: /home/chittiv1113/Documents/workspaces/microros_ws/install/builtin_interfaces/share/builtin_interfaces/cmake/builtin_interfaces__rosidl_typesupport_cExport-noconfig.cmake
[17.894s] -- Installing: /home/chittiv1113/Documents/workspaces/microros_ws/install/builtin_interfaces/share/builtin_interfaces/cmake/export_builtin_interfaces__rosidl_generator_cppExport.cmake
[17.894s] -- Installing: /home/chittiv1113/Documents/workspaces/microros_ws/install/builtin_interfaces/share/builtin_interfaces/cmake/export_builtin_interfaces__rosidl_typesupport_fastrtps_cppExport.cmake
[17.894s] -- Installing: /home/chittiv1113/Documents/workspaces/microros_ws/install/builtin_interfaces/share/builtin_interfaces/cmake/export_builtin_interfaces__rosidl_typesupport_fastrtps_cppExport-noconfig.cmake
[17.894s] -- Installing: /home/chittiv1113/Documents/workspaces/microros_ws/install/builtin_interfaces/share/builtin_interfaces/cmake/builtin_interfaces__rosidl_typesupport_introspection_cppExport.cmake
[17.894s] -- Installing: /home/chittiv1113/Documents/workspaces/microros_ws/install/builtin_interfaces/share/builtin_interfaces/cmake/builtin_interfaces__rosidl_typesupport_introspection_cppExport-noconfig.cmake
[17.894s] -- Installing: /home/chittiv1113/Documents/workspaces/microros_ws/install/builtin_interfaces/share/builtin_interfaces/cmake/builtin_interfaces__rosidl_typesupport_cppExport.cmake
[17.894s] -- Installing: /home/chittiv1113/Documents/workspaces/microros_ws/install/builtin_interfaces/share/builtin_interfaces/cmake/builtin_interfaces__rosidl_typesupport_cppExport-noconfig.cmake
[17.895s] -- Installing: /home/chittiv1113/Documents/workspaces/microros_ws/install/builtin_interfaces/share/builtin_interfaces/cmake/export_builtin_interfaces__rosidl_generator_pyExport.cmake
[17.895s] -- Installing: /home/chittiv1113/Documents/workspaces/microros_ws/install/builtin_interfaces/share/builtin_interfaces/cmake/export_builtin_interfaces__rosidl_generator_pyExport-noconfig.cmake
[17.896s] -- Installing: /home/chittiv1113/Documents/workspaces/microros_ws/install/builtin_interfaces/share/builtin_interfaces/cmake/rosidl_cmake-extras.cmake
[17.896s] -- Installing: /home/chittiv1113/Documents/workspaces/microros_ws/install/builtin_interfaces/share/builtin_interfaces/cmake/ament_cmake_export_include_directories-extras.cmake
[17.897s] -- Installing: /home/chittiv1113/Documents/workspaces/microros_ws/install/builtin_interfaces/share/builtin_interfaces/cmake/ament_cmake_export_libraries-extras.cmake
[17.898s] -- Installing: /home/chittiv1113/Documents/workspaces/microros_ws/install/builtin_interfaces/share/builtin_interfaces/cmake/ament_cmake_export_targets-extras.cmake
[17.898s] -- Installing: /home/chittiv1113/Documents/workspaces/microros_ws/install/builtin_interfaces/share/builtin_interfaces/cmake/rosidl_cmake_export_typesupport_targets-extras.cmake
[17.899s] -- Installing: /home/chittiv1113/Documents/workspaces/microros_ws/install/builtin_interfaces/share/builtin_interfaces/cmake/ament_cmake_export_dependencies-extras.cmake
[17.900s] -- Installing: /home/chittiv1113/Documents/workspaces/microros_ws/install/builtin_interfaces/share/builtin_interfaces/cmake/rosidl_cmake_export_typesupport_libraries-extras.cmake
[17.901s] -- Installing: /home/chittiv1113/Documents/workspaces/microros_ws/install/builtin_interfaces/share/builtin_interfaces/cmake/builtin_interfacesConfig.cmake
[17.903s] -- Installing: /home/chittiv1113/Documents/workspaces/microros_ws/install/builtin_interfaces/share/builtin_interfaces/cmake/builtin_interfacesConfig-version.cmake
[17.903s] -- Installing: /home/chittiv1113/Documents/workspaces/microros_ws/install/builtin_interfaces/share/builtin_interfaces/package.xml
[17.906s] Invoked command in '/home/chittiv1113/Documents/workspaces/microros_ws/build/builtin_interfaces' returned '0': CMAKE_PREFIX_PATH=${CMAKE_PREFIX_PATH}:/opt/ros/humble /usr/bin/cmake --install /home/chittiv1113/Documents/workspaces/microros_ws/build/builtin_interfaces
