running egg_info
writing ../../../build/tracetools_trace/tracetools_trace.egg-info/PKG-INFO
writing dependency_links to ../../../build/tracetools_trace/tracetools_trace.egg-info/dependency_links.txt
writing entry points to ../../../build/tracetools_trace/tracetools_trace.egg-info/entry_points.txt
writing requirements to ../../../build/tracetools_trace/tracetools_trace.egg-info/requires.txt
writing top-level names to ../../../build/tracetools_trace/tracetools_trace.egg-info/top_level.txt
reading manifest file '../../../build/tracetools_trace/tracetools_trace.egg-info/SOURCES.txt'
writing manifest file '../../../build/tracetools_trace/tracetools_trace.egg-info/SOURCES.txt'
running build
running build_py
running install
/usr/lib/python3/dist-packages/setuptools/command/install.py:34: SetuptoolsDeprecationWarning: setup.py install is deprecated. Use build and pip and other standards-based tools.
  warnings.warn(
running install_lib
running install_data
running install_egg_info
removing '/home/chittiv1113/Documents/workspaces/microros_ws/firmware/mcu_ws/install/lib/python3.10/site-packages/tracetools_trace-4.1.1-py3.10.egg-info' (and everything under it)
Copying ../../../build/tracetools_trace/tracetools_trace.egg-info to /home/chittiv1113/Documents/workspaces/microros_ws/firmware/mcu_ws/install/lib/python3.10/site-packages/tracetools_trace-4.1.1-py3.10.egg-info
running install_scripts
Installing trace script to /home/chittiv1113/Documents/workspaces/microros_ws/firmware/mcu_ws/install/lib/tracetools_trace
writing list of installed files to '/home/chittiv1113/Documents/workspaces/microros_ws/firmware/mcu_ws/build/tracetools_trace/install.log'
