[1.869s] Invoking command in '/home/chittiv1113/Documents/workspaces/microros_ws/firmware/mcu_ws/uros/tracetools/tracetools_trace': PYTHONPATH=/home/chittiv1113/Documents/workspaces/microros_ws/firmware/mcu_ws/build/tracetools_trace/prefix_override:/home/chittiv1113/Documents/workspaces/microros_ws/firmware/mcu_ws/install/lib/python3.10/site-packages:${PYTHONPATH} /usr/bin/python3 setup.py egg_info --egg-base ../../../build/tracetools_trace build --build-base /home/chittiv1113/Documents/workspaces/microros_ws/firmware/mcu_ws/build/tracetools_trace/build install --record /home/chittiv1113/Documents/workspaces/microros_ws/firmware/mcu_ws/build/tracetools_trace/install.log --single-version-externally-managed
[2.388s] running egg_info
[2.388s] writing ../../../build/tracetools_trace/tracetools_trace.egg-info/PKG-INFO
[2.427s] writing dependency_links to ../../../build/tracetools_trace/tracetools_trace.egg-info/dependency_links.txt
[2.428s] writing entry points to ../../../build/tracetools_trace/tracetools_trace.egg-info/entry_points.txt
[2.428s] writing requirements to ../../../build/tracetools_trace/tracetools_trace.egg-info/requires.txt
[2.428s] writing top-level names to ../../../build/tracetools_trace/tracetools_trace.egg-info/top_level.txt
[2.430s] reading manifest file '../../../build/tracetools_trace/tracetools_trace.egg-info/SOURCES.txt'
[2.435s] writing manifest file '../../../build/tracetools_trace/tracetools_trace.egg-info/SOURCES.txt'
[2.436s] running build
[2.436s] running build_py
[2.440s] running install
[2.440s] /usr/lib/python3/dist-packages/setuptools/command/install.py:34: SetuptoolsDeprecationWarning: setup.py install is deprecated. Use build and pip and other standards-based tools.
[2.440s]   warnings.warn(
[2.440s] running install_lib
[2.443s] running install_data
[2.444s] running install_egg_info
[2.447s] removing '/home/chittiv1113/Documents/workspaces/microros_ws/firmware/mcu_ws/install/lib/python3.10/site-packages/tracetools_trace-4.1.1-py3.10.egg-info' (and everything under it)
[2.447s] Copying ../../../build/tracetools_trace/tracetools_trace.egg-info to /home/chittiv1113/Documents/workspaces/microros_ws/firmware/mcu_ws/install/lib/python3.10/site-packages/tracetools_trace-4.1.1-py3.10.egg-info
[2.469s] running install_scripts
[2.528s] Installing trace script to /home/chittiv1113/Documents/workspaces/microros_ws/firmware/mcu_ws/install/lib/tracetools_trace
[2.534s] writing list of installed files to '/home/chittiv1113/Documents/workspaces/microros_ws/firmware/mcu_ws/build/tracetools_trace/install.log'
[2.629s] Invoked command in '/home/chittiv1113/Documents/workspaces/microros_ws/firmware/mcu_ws/uros/tracetools/tracetools_trace' returned '0': PYTHONPATH=/home/chittiv1113/Documents/workspaces/microros_ws/firmware/mcu_ws/build/tracetools_trace/prefix_override:/home/chittiv1113/Documents/workspaces/microros_ws/firmware/mcu_ws/install/lib/python3.10/site-packages:${PYTHONPATH} /usr/bin/python3 setup.py egg_info --egg-base ../../../build/tracetools_trace build --build-base /home/chittiv1113/Documents/workspaces/microros_ws/firmware/mcu_ws/build/tracetools_trace/build install --record /home/chittiv1113/Documents/workspaces/microros_ws/firmware/mcu_ws/build/tracetools_trace/install.log --single-version-externally-managed
