[2.435s] Invoking command in '/home/chittiv1113/Documents/workspaces/microros_ws/firmware/mcu_ws/ros2/rosidl/rosidl_cli': PYTHONPATH=/home/chittiv1113/Documents/workspaces/microros_ws/firmware/mcu_ws/build/rosidl_cli/prefix_override:/home/chittiv1113/Documents/workspaces/microros_ws/firmware/mcu_ws/install/lib/python3.10/site-packages:${PYTHONPATH} /usr/bin/python3 setup.py egg_info --egg-base ../../../build/rosidl_cli build --build-base /home/chittiv1113/Documents/workspaces/microros_ws/firmware/mcu_ws/build/rosidl_cli/build install --record /home/chittiv1113/Documents/workspaces/microros_ws/firmware/mcu_ws/build/rosidl_cli/install.log --single-version-externally-managed
[2.884s] running egg_info
[2.885s] creating ../../../build/rosidl_cli/rosidl_cli.egg-info
[2.885s] writing ../../../build/rosidl_cli/rosidl_cli.egg-info/PKG-INFO
[2.885s] writing dependency_links to ../../../build/rosidl_cli/rosidl_cli.egg-info/dependency_links.txt
[2.886s] writing entry points to ../../../build/rosidl_cli/rosidl_cli.egg-info/entry_points.txt
[2.886s] writing requirements to ../../../build/rosidl_cli/rosidl_cli.egg-info/requires.txt
[2.886s] writing top-level names to ../../../build/rosidl_cli/rosidl_cli.egg-info/top_level.txt
[2.886s] writing manifest file '../../../build/rosidl_cli/rosidl_cli.egg-info/SOURCES.txt'
[2.890s] reading manifest file '../../../build/rosidl_cli/rosidl_cli.egg-info/SOURCES.txt'
[2.899s] writing manifest file '../../../build/rosidl_cli/rosidl_cli.egg-info/SOURCES.txt'
[2.900s] running build
[2.900s] running build_py
[2.900s] creating /home/chittiv1113/Documents/workspaces/microros_ws/firmware/mcu_ws/build/rosidl_cli/build
[2.900s] creating /home/chittiv1113/Documents/workspaces/microros_ws/firmware/mcu_ws/build/rosidl_cli/build/lib
[2.901s] creating /home/chittiv1113/Documents/workspaces/microros_ws/firmware/mcu_ws/build/rosidl_cli/build/lib/rosidl_cli
[2.901s] copying rosidl_cli/entry_points.py -> /home/chittiv1113/Documents/workspaces/microros_ws/firmware/mcu_ws/build/rosidl_cli/build/lib/rosidl_cli
[2.902s] copying rosidl_cli/cli.py -> /home/chittiv1113/Documents/workspaces/microros_ws/firmware/mcu_ws/build/rosidl_cli/build/lib/rosidl_cli
[2.904s] copying rosidl_cli/extensions.py -> /home/chittiv1113/Documents/workspaces/microros_ws/firmware/mcu_ws/build/rosidl_cli/build/lib/rosidl_cli
[2.905s] copying rosidl_cli/common.py -> /home/chittiv1113/Documents/workspaces/microros_ws/firmware/mcu_ws/build/rosidl_cli/build/lib/rosidl_cli
[2.908s] copying rosidl_cli/__init__.py -> /home/chittiv1113/Documents/workspaces/microros_ws/firmware/mcu_ws/build/rosidl_cli/build/lib/rosidl_cli
[2.909s] creating /home/chittiv1113/Documents/workspaces/microros_ws/firmware/mcu_ws/build/rosidl_cli/build/lib/rosidl_cli/command
[2.911s] copying rosidl_cli/command/helpers.py -> /home/chittiv1113/Documents/workspaces/microros_ws/firmware/mcu_ws/build/rosidl_cli/build/lib/rosidl_cli/command
[2.912s] copying rosidl_cli/command/__init__.py -> /home/chittiv1113/Documents/workspaces/microros_ws/firmware/mcu_ws/build/rosidl_cli/build/lib/rosidl_cli/command
[2.916s] creating /home/chittiv1113/Documents/workspaces/microros_ws/firmware/mcu_ws/build/rosidl_cli/build/lib/rosidl_cli/command/translate
[2.916s] copying rosidl_cli/command/translate/extensions.py -> /home/chittiv1113/Documents/workspaces/microros_ws/firmware/mcu_ws/build/rosidl_cli/build/lib/rosidl_cli/command/translate
[2.917s] copying rosidl_cli/command/translate/api.py -> /home/chittiv1113/Documents/workspaces/microros_ws/firmware/mcu_ws/build/rosidl_cli/build/lib/rosidl_cli/command/translate
[2.920s] copying rosidl_cli/command/translate/__init__.py -> /home/chittiv1113/Documents/workspaces/microros_ws/firmware/mcu_ws/build/rosidl_cli/build/lib/rosidl_cli/command/translate
[2.928s] creating /home/chittiv1113/Documents/workspaces/microros_ws/firmware/mcu_ws/build/rosidl_cli/build/lib/rosidl_cli/command/generate
[2.928s] copying rosidl_cli/command/generate/extensions.py -> /home/chittiv1113/Documents/workspaces/microros_ws/firmware/mcu_ws/build/rosidl_cli/build/lib/rosidl_cli/command/generate
[2.930s] copying rosidl_cli/command/generate/api.py -> /home/chittiv1113/Documents/workspaces/microros_ws/firmware/mcu_ws/build/rosidl_cli/build/lib/rosidl_cli/command/generate
[2.931s] copying rosidl_cli/command/generate/__init__.py -> /home/chittiv1113/Documents/workspaces/microros_ws/firmware/mcu_ws/build/rosidl_cli/build/lib/rosidl_cli/command/generate
[2.939s] running install
[2.982s] /usr/lib/python3/dist-packages/setuptools/command/install.py:34: SetuptoolsDeprecationWarning: setup.py install is deprecated. Use build and pip and other standards-based tools.
[2.982s]   warnings.warn(
[2.983s] running install_lib
[2.983s] creating /home/chittiv1113/Documents/workspaces/microros_ws/firmware/mcu_ws/install/lib/python3.10/site-packages/rosidl_cli
[2.984s] copying /home/chittiv1113/Documents/workspaces/microros_ws/firmware/mcu_ws/build/rosidl_cli/build/lib/rosidl_cli/entry_points.py -> /home/chittiv1113/Documents/workspaces/microros_ws/firmware/mcu_ws/install/lib/python3.10/site-packages/rosidl_cli
[2.985s] copying /home/chittiv1113/Documents/workspaces/microros_ws/firmware/mcu_ws/build/rosidl_cli/build/lib/rosidl_cli/cli.py -> /home/chittiv1113/Documents/workspaces/microros_ws/firmware/mcu_ws/install/lib/python3.10/site-packages/rosidl_cli
[3.012s] copying /home/chittiv1113/Documents/workspaces/microros_ws/firmware/mcu_ws/build/rosidl_cli/build/lib/rosidl_cli/extensions.py -> /home/chittiv1113/Documents/workspaces/microros_ws/firmware/mcu_ws/install/lib/python3.10/site-packages/rosidl_cli
[3.023s] creating /home/chittiv1113/Documents/workspaces/microros_ws/firmware/mcu_ws/install/lib/python3.10/site-packages/rosidl_cli/command
[3.023s] creating /home/chittiv1113/Documents/workspaces/microros_ws/firmware/mcu_ws/install/lib/python3.10/site-packages/rosidl_cli/command/translate
[3.024s] copying /home/chittiv1113/Documents/workspaces/microros_ws/firmware/mcu_ws/build/rosidl_cli/build/lib/rosidl_cli/command/translate/extensions.py -> /home/chittiv1113/Documents/workspaces/microros_ws/firmware/mcu_ws/install/lib/python3.10/site-packages/rosidl_cli/command/translate
[3.025s] copying /home/chittiv1113/Documents/workspaces/microros_ws/firmware/mcu_ws/build/rosidl_cli/build/lib/rosidl_cli/command/translate/api.py -> /home/chittiv1113/Documents/workspaces/microros_ws/firmware/mcu_ws/install/lib/python3.10/site-packages/rosidl_cli/command/translate
[3.025s] copying /home/chittiv1113/Documents/workspaces/microros_ws/firmware/mcu_ws/build/rosidl_cli/build/lib/rosidl_cli/command/translate/__init__.py -> /home/chittiv1113/Documents/workspaces/microros_ws/firmware/mcu_ws/install/lib/python3.10/site-packages/rosidl_cli/command/translate
[3.026s] copying /home/chittiv1113/Documents/workspaces/microros_ws/firmware/mcu_ws/build/rosidl_cli/build/lib/rosidl_cli/command/helpers.py -> /home/chittiv1113/Documents/workspaces/microros_ws/firmware/mcu_ws/install/lib/python3.10/site-packages/rosidl_cli/command
[3.026s] creating /home/chittiv1113/Documents/workspaces/microros_ws/firmware/mcu_ws/install/lib/python3.10/site-packages/rosidl_cli/command/generate
[3.026s] copying /home/chittiv1113/Documents/workspaces/microros_ws/firmware/mcu_ws/build/rosidl_cli/build/lib/rosidl_cli/command/generate/extensions.py -> /home/chittiv1113/Documents/workspaces/microros_ws/firmware/mcu_ws/install/lib/python3.10/site-packages/rosidl_cli/command/generate
[3.027s] copying /home/chittiv1113/Documents/workspaces/microros_ws/firmware/mcu_ws/build/rosidl_cli/build/lib/rosidl_cli/command/generate/api.py -> /home/chittiv1113/Documents/workspaces/microros_ws/firmware/mcu_ws/install/lib/python3.10/site-packages/rosidl_cli/command/generate
[3.027s] copying /home/chittiv1113/Documents/workspaces/microros_ws/firmware/mcu_ws/build/rosidl_cli/build/lib/rosidl_cli/command/generate/__init__.py -> /home/chittiv1113/Documents/workspaces/microros_ws/firmware/mcu_ws/install/lib/python3.10/site-packages/rosidl_cli/command/generate
[3.027s] copying /home/chittiv1113/Documents/workspaces/microros_ws/firmware/mcu_ws/build/rosidl_cli/build/lib/rosidl_cli/command/__init__.py -> /home/chittiv1113/Documents/workspaces/microros_ws/firmware/mcu_ws/install/lib/python3.10/site-packages/rosidl_cli/command
[3.027s] copying /home/chittiv1113/Documents/workspaces/microros_ws/firmware/mcu_ws/build/rosidl_cli/build/lib/rosidl_cli/common.py -> /home/chittiv1113/Documents/workspaces/microros_ws/firmware/mcu_ws/install/lib/python3.10/site-packages/rosidl_cli
[3.027s] copying /home/chittiv1113/Documents/workspaces/microros_ws/firmware/mcu_ws/build/rosidl_cli/build/lib/rosidl_cli/__init__.py -> /home/chittiv1113/Documents/workspaces/microros_ws/firmware/mcu_ws/install/lib/python3.10/site-packages/rosidl_cli
[3.028s] byte-compiling /home/chittiv1113/Documents/workspaces/microros_ws/firmware/mcu_ws/install/lib/python3.10/site-packages/rosidl_cli/entry_points.py to entry_points.cpython-310.pyc
[3.029s] byte-compiling /home/chittiv1113/Documents/workspaces/microros_ws/firmware/mcu_ws/install/lib/python3.10/site-packages/rosidl_cli/cli.py to cli.cpython-310.pyc
[3.030s] byte-compiling /home/chittiv1113/Documents/workspaces/microros_ws/firmware/mcu_ws/install/lib/python3.10/site-packages/rosidl_cli/extensions.py to extensions.cpython-310.pyc
[3.033s] byte-compiling /home/chittiv1113/Documents/workspaces/microros_ws/firmware/mcu_ws/install/lib/python3.10/site-packages/rosidl_cli/command/translate/extensions.py to extensions.cpython-310.pyc
[3.033s] byte-compiling /home/chittiv1113/Documents/workspaces/microros_ws/firmware/mcu_ws/install/lib/python3.10/site-packages/rosidl_cli/command/translate/api.py to api.cpython-310.pyc
[3.035s] byte-compiling /home/chittiv1113/Documents/workspaces/microros_ws/firmware/mcu_ws/install/lib/python3.10/site-packages/rosidl_cli/command/translate/__init__.py to __init__.cpython-310.pyc
[3.081s] byte-compiling /home/chittiv1113/Documents/workspaces/microros_ws/firmware/mcu_ws/install/lib/python3.10/site-packages/rosidl_cli/command/helpers.py to helpers.cpython-310.pyc
[3.083s] byte-compiling /home/chittiv1113/Documents/workspaces/microros_ws/firmware/mcu_ws/install/lib/python3.10/site-packages/rosidl_cli/command/generate/extensions.py to extensions.cpython-310.pyc
[3.084s] byte-compiling /home/chittiv1113/Documents/workspaces/microros_ws/firmware/mcu_ws/install/lib/python3.10/site-packages/rosidl_cli/command/generate/api.py to api.cpython-310.pyc
[3.084s] byte-compiling /home/chittiv1113/Documents/workspaces/microros_ws/firmware/mcu_ws/install/lib/python3.10/site-packages/rosidl_cli/command/generate/__init__.py to __init__.cpython-310.pyc
[3.086s] byte-compiling /home/chittiv1113/Documents/workspaces/microros_ws/firmware/mcu_ws/install/lib/python3.10/site-packages/rosidl_cli/command/__init__.py to __init__.cpython-310.pyc
[3.086s] byte-compiling /home/chittiv1113/Documents/workspaces/microros_ws/firmware/mcu_ws/install/lib/python3.10/site-packages/rosidl_cli/common.py to common.cpython-310.pyc
[3.086s] byte-compiling /home/chittiv1113/Documents/workspaces/microros_ws/firmware/mcu_ws/install/lib/python3.10/site-packages/rosidl_cli/__init__.py to __init__.cpython-310.pyc
[3.087s] running install_data
[3.088s] creating /home/chittiv1113/Documents/workspaces/microros_ws/firmware/mcu_ws/install/share/ament_index
[3.088s] creating /home/chittiv1113/Documents/workspaces/microros_ws/firmware/mcu_ws/install/share/ament_index/resource_index
[3.088s] creating /home/chittiv1113/Documents/workspaces/microros_ws/firmware/mcu_ws/install/share/ament_index/resource_index/packages
[3.089s] copying resource/rosidl_cli -> /home/chittiv1113/Documents/workspaces/microros_ws/firmware/mcu_ws/install/share/ament_index/resource_index/packages
[3.089s] copying package.xml -> /home/chittiv1113/Documents/workspaces/microros_ws/firmware/mcu_ws/install/share/rosidl_cli
[3.090s] copying resource/package.dsv -> /home/chittiv1113/Documents/workspaces/microros_ws/firmware/mcu_ws/install/share/rosidl_cli
[3.091s] creating /home/chittiv1113/Documents/workspaces/microros_ws/firmware/mcu_ws/install/share/rosidl_cli/environment
[3.092s] copying completion/rosidl-argcomplete.bash -> /home/chittiv1113/Documents/workspaces/microros_ws/firmware/mcu_ws/install/share/rosidl_cli/environment
[3.132s] copying completion/rosidl-argcomplete.zsh -> /home/chittiv1113/Documents/workspaces/microros_ws/firmware/mcu_ws/install/share/rosidl_cli/environment
[3.132s] running install_egg_info
[3.133s] Copying ../../../build/rosidl_cli/rosidl_cli.egg-info to /home/chittiv1113/Documents/workspaces/microros_ws/firmware/mcu_ws/install/lib/python3.10/site-packages/rosidl_cli-3.1.4-py3.10.egg-info
[3.133s] running install_scripts
[3.184s] Installing rosidl script to /home/chittiv1113/Documents/workspaces/microros_ws/firmware/mcu_ws/install/bin
[3.188s] writing list of installed files to '/home/chittiv1113/Documents/workspaces/microros_ws/firmware/mcu_ws/build/rosidl_cli/install.log'
[3.267s] Invoked command in '/home/chittiv1113/Documents/workspaces/microros_ws/firmware/mcu_ws/ros2/rosidl/rosidl_cli' returned '0': PYTHONPATH=/home/chittiv1113/Documents/workspaces/microros_ws/firmware/mcu_ws/build/rosidl_cli/prefix_override:/home/chittiv1113/Documents/workspaces/microros_ws/firmware/mcu_ws/install/lib/python3.10/site-packages:${PYTHONPATH} /usr/bin/python3 setup.py egg_info --egg-base ../../../build/rosidl_cli build --build-base /home/chittiv1113/Documents/workspaces/microros_ws/firmware/mcu_ws/build/rosidl_cli/build install --record /home/chittiv1113/Documents/workspaces/microros_ws/firmware/mcu_ws/build/rosidl_cli/install.log --single-version-externally-managed
