[0.098s] Invoking command in '/home/chittiv1113/Documents/workspaces/microros_ws/firmware/mcu_ws/build/tracetools': CMAKE_PREFIX_PATH=${CMAKE_PREFIX_PATH}:/home/chittiv1113/Documents/workspaces/microros_ws/firmware/dev_ws/install/ament_uncrustify:/home/chittiv1113/Documents/workspaces/microros_ws/firmware/dev_ws/install/domain_coordinator:/home/chittiv1113/Documents/workspaces/microros_ws/firmware/dev_ws/install/ament_xmllint:/home/chittiv1113/Documents/workspaces/microros_ws/firmware/dev_ws/install/ament_pyflakes:/home/chittiv1113/Documents/workspaces/microros_ws/firmware/dev_ws/install/ament_pycodestyle:/home/chittiv1113/Documents/workspaces/microros_ws/firmware/dev_ws/install/ament_pep257:/home/chittiv1113/Documents/workspaces/microros_ws/firmware/dev_ws/install/ament_pclint:/home/chittiv1113/Documents/workspaces/microros_ws/firmware/dev_ws/install/ament_package:/home/chittiv1113/Documents/workspaces/microros_ws/firmware/dev_ws/install/ament_mypy:/home/chittiv1113/Documents/workspaces/microros_ws/firmware/dev_ws/install/ament_lint_cmake:/home/chittiv1113/Documents/workspaces/microros_ws/firmware/dev_ws/install/ament_flake8:/home/chittiv1113/Documents/workspaces/microros_ws/firmware/dev_ws/install/ament_copyright:/home/chittiv1113/Documents/workspaces/microros_ws/firmware/dev_ws/install/ament_lint:/home/chittiv1113/Documents/workspaces/microros_ws/firmware/dev_ws/install/ament_index_python:/home/chittiv1113/Documents/workspaces/microros_ws/firmware/dev_ws/install/ament_cpplint:/home/chittiv1113/Documents/workspaces/microros_ws/firmware/dev_ws/install/ament_cppcheck:/home/chittiv1113/Documents/workspaces/microros_ws/firmware/dev_ws/install/ament_clang_tidy:/home/chittiv1113/Documents/workspaces/microros_ws/firmware/dev_ws/install/ament_clang_format /usr/bin/cmake --build /home/chittiv1113/Documents/workspaces/microros_ws/firmware/mcu_ws/build/tracetools -- -j4 -l4
[0.269s] gmake[4]: Entering directory '/home/chittiv1113/Documents/workspaces/microros_ws/firmware/mcu_ws/build/tracetools'
[0.270s] /usr/bin/cmake -S/home/chittiv1113/Documents/workspaces/microros_ws/firmware/mcu_ws/uros/tracetools/tracetools -B/home/chittiv1113/Documents/workspaces/microros_ws/firmware/mcu_ws/build/tracetools --check-build-system CMakeFiles/Makefile.cmake 0
[0.270s] Re-run cmake file: Makefile older than: /home/chittiv1113/Documents/workspaces/microros_ws/firmware/freertos_apps/microros_esp32_extensions/esp32_toolchain.cmake
[0.270s] -- Found ament_cmake_ros: 0.10.0 (/home/chittiv1113/Documents/workspaces/microros_ws/firmware/dev_ws/install/ament_cmake_ros/share/ament_cmake_ros/cmake)
[0.803s] -- Configuring done
[0.949s] -- Generating done
[0.950s] -- Build files have been written to: /home/chittiv1113/Documents/workspaces/microros_ws/firmware/mcu_ws/build/tracetools
[0.955s] /usr/bin/cmake -E cmake_progress_start /home/chittiv1113/Documents/workspaces/microros_ws/firmware/mcu_ws/build/tracetools/CMakeFiles /home/chittiv1113/Documents/workspaces/microros_ws/firmware/mcu_ws/build/tracetools//CMakeFiles/progress.marks
[0.973s] /usr/bin/gmake  -f CMakeFiles/Makefile2 all
[0.977s] gmake[5]: Entering directory '/home/chittiv1113/Documents/workspaces/microros_ws/firmware/mcu_ws/build/tracetools'
[0.977s] gmake[5]: Nothing to be done for 'all'.
[0.977s] gmake[5]: Leaving directory '/home/chittiv1113/Documents/workspaces/microros_ws/firmware/mcu_ws/build/tracetools'
[0.977s] /usr/bin/cmake -E cmake_progress_start /home/chittiv1113/Documents/workspaces/microros_ws/firmware/mcu_ws/build/tracetools/CMakeFiles 0
[0.992s] gmake[4]: Leaving directory '/home/chittiv1113/Documents/workspaces/microros_ws/firmware/mcu_ws/build/tracetools'
[1.048s] Invoked command in '/home/chittiv1113/Documents/workspaces/microros_ws/firmware/mcu_ws/build/tracetools' returned '0': CMAKE_PREFIX_PATH=${CMAKE_PREFIX_PATH}:/home/chittiv1113/Documents/workspaces/microros_ws/firmware/dev_ws/install/ament_uncrustify:/home/chittiv1113/Documents/workspaces/microros_ws/firmware/dev_ws/install/domain_coordinator:/home/chittiv1113/Documents/workspaces/microros_ws/firmware/dev_ws/install/ament_xmllint:/home/chittiv1113/Documents/workspaces/microros_ws/firmware/dev_ws/install/ament_pyflakes:/home/chittiv1113/Documents/workspaces/microros_ws/firmware/dev_ws/install/ament_pycodestyle:/home/chittiv1113/Documents/workspaces/microros_ws/firmware/dev_ws/install/ament_pep257:/home/chittiv1113/Documents/workspaces/microros_ws/firmware/dev_ws/install/ament_pclint:/home/chittiv1113/Documents/workspaces/microros_ws/firmware/dev_ws/install/ament_package:/home/chittiv1113/Documents/workspaces/microros_ws/firmware/dev_ws/install/ament_mypy:/home/chittiv1113/Documents/workspaces/microros_ws/firmware/dev_ws/install/ament_lint_cmake:/home/chittiv1113/Documents/workspaces/microros_ws/firmware/dev_ws/install/ament_flake8:/home/chittiv1113/Documents/workspaces/microros_ws/firmware/dev_ws/install/ament_copyright:/home/chittiv1113/Documents/workspaces/microros_ws/firmware/dev_ws/install/ament_lint:/home/chittiv1113/Documents/workspaces/microros_ws/firmware/dev_ws/install/ament_index_python:/home/chittiv1113/Documents/workspaces/microros_ws/firmware/dev_ws/install/ament_cpplint:/home/chittiv1113/Documents/workspaces/microros_ws/firmware/dev_ws/install/ament_cppcheck:/home/chittiv1113/Documents/workspaces/microros_ws/firmware/dev_ws/install/ament_clang_tidy:/home/chittiv1113/Documents/workspaces/microros_ws/firmware/dev_ws/install/ament_clang_format /usr/bin/cmake --build /home/chittiv1113/Documents/workspaces/microros_ws/firmware/mcu_ws/build/tracetools -- -j4 -l4
[1.142s] Invoking command in '/home/chittiv1113/Documents/workspaces/microros_ws/firmware/mcu_ws/build/tracetools': CMAKE_PREFIX_PATH=${CMAKE_PREFIX_PATH}:/home/chittiv1113/Documents/workspaces/microros_ws/firmware/dev_ws/install/ament_uncrustify:/home/chittiv1113/Documents/workspaces/microros_ws/firmware/dev_ws/install/domain_coordinator:/home/chittiv1113/Documents/workspaces/microros_ws/firmware/dev_ws/install/ament_xmllint:/home/chittiv1113/Documents/workspaces/microros_ws/firmware/dev_ws/install/ament_pyflakes:/home/chittiv1113/Documents/workspaces/microros_ws/firmware/dev_ws/install/ament_pycodestyle:/home/chittiv1113/Documents/workspaces/microros_ws/firmware/dev_ws/install/ament_pep257:/home/chittiv1113/Documents/workspaces/microros_ws/firmware/dev_ws/install/ament_pclint:/home/chittiv1113/Documents/workspaces/microros_ws/firmware/dev_ws/install/ament_package:/home/chittiv1113/Documents/workspaces/microros_ws/firmware/dev_ws/install/ament_mypy:/home/chittiv1113/Documents/workspaces/microros_ws/firmware/dev_ws/install/ament_lint_cmake:/home/chittiv1113/Documents/workspaces/microros_ws/firmware/dev_ws/install/ament_flake8:/home/chittiv1113/Documents/workspaces/microros_ws/firmware/dev_ws/install/ament_copyright:/home/chittiv1113/Documents/workspaces/microros_ws/firmware/dev_ws/install/ament_lint:/home/chittiv1113/Documents/workspaces/microros_ws/firmware/dev_ws/install/ament_index_python:/home/chittiv1113/Documents/workspaces/microros_ws/firmware/dev_ws/install/ament_cpplint:/home/chittiv1113/Documents/workspaces/microros_ws/firmware/dev_ws/install/ament_cppcheck:/home/chittiv1113/Documents/workspaces/microros_ws/firmware/dev_ws/install/ament_clang_tidy:/home/chittiv1113/Documents/workspaces/microros_ws/firmware/dev_ws/install/ament_clang_format /usr/bin/cmake --install /home/chittiv1113/Documents/workspaces/microros_ws/firmware/mcu_ws/build/tracetools
[1.154s] -- Install configuration: "Debug"
[1.155s] -- Up-to-date: /home/chittiv1113/Documents/workspaces/microros_ws/firmware/mcu_ws/install/include/tracetools
[1.155s] -- Up-to-date: /home/chittiv1113/Documents/workspaces/microros_ws/firmware/mcu_ws/install/include/tracetools/tracetools
[1.155s] -- Up-to-date: /home/chittiv1113/Documents/workspaces/microros_ws/firmware/mcu_ws/install/include/tracetools/tracetools/config.h
[1.155s] -- Up-to-date: /home/chittiv1113/Documents/workspaces/microros_ws/firmware/mcu_ws/install/include/tracetools/tracetools/visibility_control.hpp
[1.156s] -- Up-to-date: /home/chittiv1113/Documents/workspaces/microros_ws/firmware/mcu_ws/install/include/tracetools/tracetools/utils.hpp
[1.156s] -- Up-to-date: /home/chittiv1113/Documents/workspaces/microros_ws/firmware/mcu_ws/install/include/tracetools/tracetools/tracetools.h
[1.156s] -- Up-to-date: /home/chittiv1113/Documents/workspaces/microros_ws/firmware/mcu_ws/install/share/ament_index/resource_index/package_run_dependencies/tracetools
[1.156s] -- Up-to-date: /home/chittiv1113/Documents/workspaces/microros_ws/firmware/mcu_ws/install/share/ament_index/resource_index/parent_prefix_path/tracetools
[1.156s] -- Up-to-date: /home/chittiv1113/Documents/workspaces/microros_ws/firmware/mcu_ws/install/share/tracetools/environment/ament_prefix_path.sh
[1.156s] -- Installing: /home/chittiv1113/Documents/workspaces/microros_ws/firmware/mcu_ws/install/share/tracetools/environment/ament_prefix_path.dsv
[1.162s] -- Up-to-date: /home/chittiv1113/Documents/workspaces/microros_ws/firmware/mcu_ws/install/share/tracetools/environment/path.sh
[1.162s] -- Installing: /home/chittiv1113/Documents/workspaces/microros_ws/firmware/mcu_ws/install/share/tracetools/environment/path.dsv
[1.162s] -- Up-to-date: /home/chittiv1113/Documents/workspaces/microros_ws/firmware/mcu_ws/install/share/tracetools/local_setup.bash
[1.163s] -- Up-to-date: /home/chittiv1113/Documents/workspaces/microros_ws/firmware/mcu_ws/install/share/tracetools/local_setup.sh
[1.163s] -- Up-to-date: /home/chittiv1113/Documents/workspaces/microros_ws/firmware/mcu_ws/install/share/tracetools/local_setup.zsh
[1.163s] -- Installing: /home/chittiv1113/Documents/workspaces/microros_ws/firmware/mcu_ws/install/share/tracetools/local_setup.dsv
[1.165s] -- Installing: /home/chittiv1113/Documents/workspaces/microros_ws/firmware/mcu_ws/install/share/tracetools/package.dsv
[1.166s] -- Up-to-date: /home/chittiv1113/Documents/workspaces/microros_ws/firmware/mcu_ws/install/share/ament_index/resource_index/packages/tracetools
[1.166s] -- Up-to-date: /home/chittiv1113/Documents/workspaces/microros_ws/firmware/mcu_ws/install/share/tracetools/cmake/tracetools_exportExport.cmake
[1.166s] -- Up-to-date: /home/chittiv1113/Documents/workspaces/microros_ws/firmware/mcu_ws/install/share/tracetools/cmake/ament_cmake_export_targets-extras.cmake
[1.166s] -- Up-to-date: /home/chittiv1113/Documents/workspaces/microros_ws/firmware/mcu_ws/install/share/tracetools/cmake/ament_cmake_export_include_directories-extras.cmake
[1.166s] -- Up-to-date: /home/chittiv1113/Documents/workspaces/microros_ws/firmware/mcu_ws/install/share/tracetools/cmake/tracetoolsConfig.cmake
[1.166s] -- Up-to-date: /home/chittiv1113/Documents/workspaces/microros_ws/firmware/mcu_ws/install/share/tracetools/cmake/tracetoolsConfig-version.cmake
[1.166s] -- Up-to-date: /home/chittiv1113/Documents/workspaces/microros_ws/firmware/mcu_ws/install/share/tracetools/package.xml
[1.212s] Invoked command in '/home/chittiv1113/Documents/workspaces/microros_ws/firmware/mcu_ws/build/tracetools' returned '0': CMAKE_PREFIX_PATH=${CMAKE_PREFIX_PATH}:/home/chittiv1113/Documents/workspaces/microros_ws/firmware/dev_ws/install/ament_uncrustify:/home/chittiv1113/Documents/workspaces/microros_ws/firmware/dev_ws/install/domain_coordinator:/home/chittiv1113/Documents/workspaces/microros_ws/firmware/dev_ws/install/ament_xmllint:/home/chittiv1113/Documents/workspaces/microros_ws/firmware/dev_ws/install/ament_pyflakes:/home/chittiv1113/Documents/workspaces/microros_ws/firmware/dev_ws/install/ament_pycodestyle:/home/chittiv1113/Documents/workspaces/microros_ws/firmware/dev_ws/install/ament_pep257:/home/chittiv1113/Documents/workspaces/microros_ws/firmware/dev_ws/install/ament_pclint:/home/chittiv1113/Documents/workspaces/microros_ws/firmware/dev_ws/install/ament_package:/home/chittiv1113/Documents/workspaces/microros_ws/firmware/dev_ws/install/ament_mypy:/home/chittiv1113/Documents/workspaces/microros_ws/firmware/dev_ws/install/ament_lint_cmake:/home/chittiv1113/Documents/workspaces/microros_ws/firmware/dev_ws/install/ament_flake8:/home/chittiv1113/Documents/workspaces/microros_ws/firmware/dev_ws/install/ament_copyright:/home/chittiv1113/Documents/workspaces/microros_ws/firmware/dev_ws/install/ament_lint:/home/chittiv1113/Documents/workspaces/microros_ws/firmware/dev_ws/install/ament_index_python:/home/chittiv1113/Documents/workspaces/microros_ws/firmware/dev_ws/install/ament_cpplint:/home/chittiv1113/Documents/workspaces/microros_ws/firmware/dev_ws/install/ament_cppcheck:/home/chittiv1113/Documents/workspaces/microros_ws/firmware/dev_ws/install/ament_clang_tidy:/home/chittiv1113/Documents/workspaces/microros_ws/firmware/dev_ws/install/ament_clang_format /usr/bin/cmake --install /home/chittiv1113/Documents/workspaces/microros_ws/firmware/mcu_ws/build/tracetools
