[1.907s] Invoking command in '/home/chittiv1113/Documents/workspaces/microros_ws/firmware/mcu_ws/ros2/rosidl/rosidl_cli': PYTHONPATH=/home/chittiv1113/Documents/workspaces/microros_ws/firmware/mcu_ws/build/rosidl_cli/prefix_override:/home/chittiv1113/Documents/workspaces/microros_ws/firmware/mcu_ws/install/lib/python3.10/site-packages:${PYTHONPATH} /usr/bin/python3 setup.py egg_info --egg-base ../../../build/rosidl_cli build --build-base /home/chittiv1113/Documents/workspaces/microros_ws/firmware/mcu_ws/build/rosidl_cli/build install --record /home/chittiv1113/Documents/workspaces/microros_ws/firmware/mcu_ws/build/rosidl_cli/install.log --single-version-externally-managed
[3.096s] running egg_info
[3.097s] writing ../../../build/rosidl_cli/rosidl_cli.egg-info/PKG-INFO
[3.097s] writing dependency_links to ../../../build/rosidl_cli/rosidl_cli.egg-info/dependency_links.txt
[3.097s] writing entry points to ../../../build/rosidl_cli/rosidl_cli.egg-info/entry_points.txt
[3.097s] writing requirements to ../../../build/rosidl_cli/rosidl_cli.egg-info/requires.txt
[3.097s] writing top-level names to ../../../build/rosidl_cli/rosidl_cli.egg-info/top_level.txt
[3.097s] reading manifest file '../../../build/rosidl_cli/rosidl_cli.egg-info/SOURCES.txt'
[3.097s] writing manifest file '../../../build/rosidl_cli/rosidl_cli.egg-info/SOURCES.txt'
[3.097s] running build
[3.097s] running build_py
[3.098s] running install
[3.098s] running install_lib
[3.112s] /usr/lib/python3/dist-packages/setuptools/command/install.py:34: SetuptoolsDeprecationWarning: setup.py install is deprecated. Use build and pip and other standards-based tools.
[3.113s]   warnings.warn(
[3.113s] running install_data
[3.113s] running install_egg_info
[3.113s] removing '/home/chittiv1113/Documents/workspaces/microros_ws/firmware/mcu_ws/install/lib/python3.10/site-packages/rosidl_cli-3.1.4-py3.10.egg-info' (and everything under it)
[3.114s] Copying ../../../build/rosidl_cli/rosidl_cli.egg-info to /home/chittiv1113/Documents/workspaces/microros_ws/firmware/mcu_ws/install/lib/python3.10/site-packages/rosidl_cli-3.1.4-py3.10.egg-info
[3.114s] running install_scripts
[3.124s] Installing rosidl script to /home/chittiv1113/Documents/workspaces/microros_ws/firmware/mcu_ws/install/bin
[3.125s] writing list of installed files to '/home/chittiv1113/Documents/workspaces/microros_ws/firmware/mcu_ws/build/rosidl_cli/install.log'
[3.202s] Invoked command in '/home/chittiv1113/Documents/workspaces/microros_ws/firmware/mcu_ws/ros2/rosidl/rosidl_cli' returned '0': PYTHONPATH=/home/chittiv1113/Documents/workspaces/microros_ws/firmware/mcu_ws/build/rosidl_cli/prefix_override:/home/chittiv1113/Documents/workspaces/microros_ws/firmware/mcu_ws/install/lib/python3.10/site-packages:${PYTHONPATH} /usr/bin/python3 setup.py egg_info --egg-base ../../../build/rosidl_cli build --build-base /home/chittiv1113/Documents/workspaces/microros_ws/firmware/mcu_ws/build/rosidl_cli/build install --record /home/chittiv1113/Documents/workspaces/microros_ws/firmware/mcu_ws/build/rosidl_cli/install.log --single-version-externally-managed
