[1.642s] Invoking command in '/home/chittiv1113/Documents/workspaces/microros_ws/firmware/mcu_ws/uros/tracetools/tracetools_read': PYTHONPATH=/home/chittiv1113/Documents/workspaces/microros_ws/firmware/mcu_ws/build/tracetools_read/prefix_override:/home/chittiv1113/Documents/workspaces/microros_ws/firmware/mcu_ws/install/lib/python3.10/site-packages:${PYTHONPATH} /usr/bin/python3 setup.py egg_info --egg-base ../../../build/tracetools_read build --build-base /home/chittiv1113/Documents/workspaces/microros_ws/firmware/mcu_ws/build/tracetools_read/build install --record /home/chittiv1113/Documents/workspaces/microros_ws/firmware/mcu_ws/build/tracetools_read/install.log --single-version-externally-managed
[2.390s] running egg_info
[2.396s] writing ../../../build/tracetools_read/tracetools_read.egg-info/PKG-INFO
[2.400s] writing dependency_links to ../../../build/tracetools_read/tracetools_read.egg-info/dependency_links.txt
[2.400s] writing requirements to ../../../build/tracetools_read/tracetools_read.egg-info/requires.txt
[2.400s] writing top-level names to ../../../build/tracetools_read/tracetools_read.egg-info/top_level.txt
[2.402s] reading manifest file '../../../build/tracetools_read/tracetools_read.egg-info/SOURCES.txt'
[2.405s] writing manifest file '../../../build/tracetools_read/tracetools_read.egg-info/SOURCES.txt'
[2.415s] running build
[2.415s] running build_py
[2.416s] running install
[2.416s] /usr/lib/python3/dist-packages/setuptools/command/install.py:34: SetuptoolsDeprecationWarning: setup.py install is deprecated. Use build and pip and other standards-based tools.
[2.417s]   warnings.warn(
[2.417s] running install_lib
[2.420s] running install_data
[2.421s] running install_egg_info
[2.424s] removing '/home/chittiv1113/Documents/workspaces/microros_ws/firmware/mcu_ws/install/lib/python3.10/site-packages/tracetools_read-4.1.1-py3.10.egg-info' (and everything under it)
[2.447s] Copying ../../../build/tracetools_read/tracetools_read.egg-info to /home/chittiv1113/Documents/workspaces/microros_ws/firmware/mcu_ws/install/lib/python3.10/site-packages/tracetools_read-4.1.1-py3.10.egg-info
[2.448s] running install_scripts
[2.503s] writing list of installed files to '/home/chittiv1113/Documents/workspaces/microros_ws/firmware/mcu_ws/build/tracetools_read/install.log'
[2.552s] Invoked command in '/home/chittiv1113/Documents/workspaces/microros_ws/firmware/mcu_ws/uros/tracetools/tracetools_read' returned '0': PYTHONPATH=/home/chittiv1113/Documents/workspaces/microros_ws/firmware/mcu_ws/build/tracetools_read/prefix_override:/home/chittiv1113/Documents/workspaces/microros_ws/firmware/mcu_ws/install/lib/python3.10/site-packages:${PYTHONPATH} /usr/bin/python3 setup.py egg_info --egg-base ../../../build/tracetools_read build --build-base /home/chittiv1113/Documents/workspaces/microros_ws/firmware/mcu_ws/build/tracetools_read/build install --record /home/chittiv1113/Documents/workspaces/microros_ws/firmware/mcu_ws/build/tracetools_read/install.log --single-version-externally-managed
