[0.852s] Invoking command in '/home/chittiv1113/Documents/workspaces/pubsub_ws/src/py_pubsub': PYTHONPATH=/home/chittiv1113/Documents/workspaces/pubsub_ws/build/py_pubsub/prefix_override:/home/chittiv1113/Documents/workspaces/pubsub_ws/install/py_pubsub/lib/python3.10/site-packages:${PYTHONPATH} /usr/bin/python3 setup.py egg_info --egg-base ../../build/py_pubsub build --build-base /home/chittiv1113/Documents/workspaces/pubsub_ws/build/py_pubsub/build install --record /home/chittiv1113/Documents/workspaces/pubsub_ws/build/py_pubsub/install.log --single-version-externally-managed
[1.080s] running egg_info
[1.084s] writing ../../build/py_pubsub/py_pubsub.egg-info/PKG-INFO
[1.089s] writing dependency_links to ../../build/py_pubsub/py_pubsub.egg-info/dependency_links.txt
[1.091s] writing entry points to ../../build/py_pubsub/py_pubsub.egg-info/entry_points.txt
[1.091s] writing requirements to ../../build/py_pubsub/py_pubsub.egg-info/requires.txt
[1.091s] writing top-level names to ../../build/py_pubsub/py_pubsub.egg-info/top_level.txt
[1.093s] reading manifest file '../../build/py_pubsub/py_pubsub.egg-info/SOURCES.txt'
[1.148s] writing manifest file '../../build/py_pubsub/py_pubsub.egg-info/SOURCES.txt'
[1.148s] running build
[1.148s] running build_py
[1.149s] copying py_pubsub/publisher_member_function.py -> /home/chittiv1113/Documents/workspaces/pubsub_ws/build/py_pubsub/build/lib/py_pubsub
[1.149s] /usr/lib/python3/dist-packages/setuptools/command/install.py:34: SetuptoolsDeprecationWarning: setup.py install is deprecated. Use build and pip and other standards-based tools.
[1.149s]   warnings.warn(
[1.150s] running install
[1.150s] running install_lib
[1.151s] copying /home/chittiv1113/Documents/workspaces/pubsub_ws/build/py_pubsub/build/lib/py_pubsub/publisher_member_function.py -> /home/chittiv1113/Documents/workspaces/pubsub_ws/install/py_pubsub/lib/python3.10/site-packages/py_pubsub
[1.154s] byte-compiling /home/chittiv1113/Documents/workspaces/pubsub_ws/install/py_pubsub/lib/python3.10/site-packages/py_pubsub/publisher_member_function.py to publisher_member_function.cpython-310.pyc
[1.154s] running install_data
[1.154s] running install_egg_info
[1.157s] removing '/home/chittiv1113/Documents/workspaces/pubsub_ws/install/py_pubsub/lib/python3.10/site-packages/py_pubsub-0.0.0-py3.10.egg-info' (and everything under it)
[1.157s] Copying ../../build/py_pubsub/py_pubsub.egg-info to /home/chittiv1113/Documents/workspaces/pubsub_ws/install/py_pubsub/lib/python3.10/site-packages/py_pubsub-0.0.0-py3.10.egg-info
[1.158s] running install_scripts
[1.187s] Installing listener script to /home/chittiv1113/Documents/workspaces/pubsub_ws/install/py_pubsub/lib/py_pubsub
[1.191s] Installing talker script to /home/chittiv1113/Documents/workspaces/pubsub_ws/install/py_pubsub/lib/py_pubsub
[1.199s] writing list of installed files to '/home/chittiv1113/Documents/workspaces/pubsub_ws/build/py_pubsub/install.log'
[1.246s] Invoked command in '/home/chittiv1113/Documents/workspaces/pubsub_ws/src/py_pubsub' returned '0': PYTHONPATH=/home/chittiv1113/Documents/workspaces/pubsub_ws/build/py_pubsub/prefix_override:/home/chittiv1113/Documents/workspaces/pubsub_ws/install/py_pubsub/lib/python3.10/site-packages:${PYTHONPATH} /usr/bin/python3 setup.py egg_info --egg-base ../../build/py_pubsub build --build-base /home/chittiv1113/Documents/workspaces/pubsub_ws/build/py_pubsub/build install --record /home/chittiv1113/Documents/workspaces/pubsub_ws/build/py_pubsub/install.log --single-version-externally-managed
