[0.162s] Invoking command in '/home/chittiv1113/Documents/workspaces/microros_ws/firmware/mcu_ws/build/libyaml_vendor': CMAKE_PREFIX_PATH=${CMAKE_PREFIX_PATH}:/home/chittiv1113/Documents/workspaces/microros_ws/firmware/dev_ws/install/ament_uncrustify:/home/chittiv1113/Documents/workspaces/microros_ws/firmware/dev_ws/install/domain_coordinator:/home/chittiv1113/Documents/workspaces/microros_ws/firmware/dev_ws/install/ament_xmllint:/home/chittiv1113/Documents/workspaces/microros_ws/firmware/dev_ws/install/ament_pyflakes:/home/chittiv1113/Documents/workspaces/microros_ws/firmware/dev_ws/install/ament_pycodestyle:/home/chittiv1113/Documents/workspaces/microros_ws/firmware/dev_ws/install/ament_pep257:/home/chittiv1113/Documents/workspaces/microros_ws/firmware/dev_ws/install/ament_pclint:/home/chittiv1113/Documents/workspaces/microros_ws/firmware/dev_ws/install/ament_package:/home/chittiv1113/Documents/workspaces/microros_ws/firmware/dev_ws/install/ament_mypy:/home/chittiv1113/Documents/workspaces/microros_ws/firmware/dev_ws/install/ament_lint_cmake:/home/chittiv1113/Documents/workspaces/microros_ws/firmware/dev_ws/install/ament_flake8:/home/chittiv1113/Documents/workspaces/microros_ws/firmware/dev_ws/install/ament_copyright:/home/chittiv1113/Documents/workspaces/microros_ws/firmware/dev_ws/install/ament_lint:/home/chittiv1113/Documents/workspaces/microros_ws/firmware/dev_ws/install/ament_index_python:/home/chittiv1113/Documents/workspaces/microros_ws/firmware/dev_ws/install/ament_cpplint:/home/chittiv1113/Documents/workspaces/microros_ws/firmware/dev_ws/install/ament_cppcheck:/home/chittiv1113/Documents/workspaces/microros_ws/firmware/dev_ws/install/ament_clang_tidy:/home/chittiv1113/Documents/workspaces/microros_ws/firmware/dev_ws/install/ament_clang_format /usr/bin/cmake --build /home/chittiv1113/Documents/workspaces/microros_ws/firmware/mcu_ws/build/libyaml_vendor -- -j4 -l4
[0.203s] gmake[4]: Entering directory '/home/chittiv1113/Documents/workspaces/microros_ws/firmware/mcu_ws/build/libyaml_vendor'
[0.203s] /usr/bin/cmake -S/home/chittiv1113/Documents/workspaces/microros_ws/firmware/mcu_ws/ros2/libyaml_vendor -B/home/chittiv1113/Documents/workspaces/microros_ws/firmware/mcu_ws/build/libyaml_vendor --check-build-system CMakeFiles/Makefile.cmake 0
[0.283s] Re-run cmake file: Makefile older than: /home/chittiv1113/Documents/workspaces/microros_ws/firmware/freertos_apps/microros_esp32_extensions/esp32_toolchain.cmake
[0.316s] -- Found ament_cmake: 1.3.3 (/home/chittiv1113/Documents/workspaces/microros_ws/firmware/dev_ws/install/ament_cmake/share/ament_cmake/cmake)
[1.273s] -- Configuring done
[1.376s] -- Generating done
[1.396s] -- Build files have been written to: /home/chittiv1113/Documents/workspaces/microros_ws/firmware/mcu_ws/build/libyaml_vendor
[1.404s] /usr/bin/cmake -E cmake_progress_start /home/chittiv1113/Documents/workspaces/microros_ws/firmware/mcu_ws/build/libyaml_vendor/CMakeFiles /home/chittiv1113/Documents/workspaces/microros_ws/firmware/mcu_ws/build/libyaml_vendor//CMakeFiles/progress.marks
[1.420s] /usr/bin/gmake  -f CMakeFiles/Makefile2 all
[1.425s] gmake[5]: Entering directory '/home/chittiv1113/Documents/workspaces/microros_ws/firmware/mcu_ws/build/libyaml_vendor'
[1.425s] /usr/bin/gmake  -f CMakeFiles/libyaml-0.2.5.dir/build.make CMakeFiles/libyaml-0.2.5.dir/depend
[1.428s] gmake[6]: Entering directory '/home/chittiv1113/Documents/workspaces/microros_ws/firmware/mcu_ws/build/libyaml_vendor'
[1.428s] cd /home/chittiv1113/Documents/workspaces/microros_ws/firmware/mcu_ws/build/libyaml_vendor && /usr/bin/cmake -E cmake_depends "Unix Makefiles" /home/chittiv1113/Documents/workspaces/microros_ws/firmware/mcu_ws/ros2/libyaml_vendor /home/chittiv1113/Documents/workspaces/microros_ws/firmware/mcu_ws/ros2/libyaml_vendor /home/chittiv1113/Documents/workspaces/microros_ws/firmware/mcu_ws/build/libyaml_vendor /home/chittiv1113/Documents/workspaces/microros_ws/firmware/mcu_ws/build/libyaml_vendor /home/chittiv1113/Documents/workspaces/microros_ws/firmware/mcu_ws/build/libyaml_vendor/CMakeFiles/libyaml-0.2.5.dir/DependInfo.cmake --color=
[1.447s] gmake[6]: Leaving directory '/home/chittiv1113/Documents/workspaces/microros_ws/firmware/mcu_ws/build/libyaml_vendor'
[1.447s] /usr/bin/gmake  -f CMakeFiles/libyaml-0.2.5.dir/build.make CMakeFiles/libyaml-0.2.5.dir/build
[1.460s] gmake[6]: Entering directory '/home/chittiv1113/Documents/workspaces/microros_ws/firmware/mcu_ws/build/libyaml_vendor'
[1.461s] gmake[6]: Nothing to be done for 'CMakeFiles/libyaml-0.2.5.dir/build'.
[1.461s] gmake[6]: Leaving directory '/home/chittiv1113/Documents/workspaces/microros_ws/firmware/mcu_ws/build/libyaml_vendor'
[1.481s] [100%] Built target libyaml-0.2.5
[1.486s] gmake[5]: Leaving directory '/home/chittiv1113/Documents/workspaces/microros_ws/firmware/mcu_ws/build/libyaml_vendor'
[1.486s] /usr/bin/cmake -E cmake_progress_start /home/chittiv1113/Documents/workspaces/microros_ws/firmware/mcu_ws/build/libyaml_vendor/CMakeFiles 0
[1.500s] gmake[4]: Leaving directory '/home/chittiv1113/Documents/workspaces/microros_ws/firmware/mcu_ws/build/libyaml_vendor'
[1.527s] Invoked command in '/home/chittiv1113/Documents/workspaces/microros_ws/firmware/mcu_ws/build/libyaml_vendor' returned '0': CMAKE_PREFIX_PATH=${CMAKE_PREFIX_PATH}:/home/chittiv1113/Documents/workspaces/microros_ws/firmware/dev_ws/install/ament_uncrustify:/home/chittiv1113/Documents/workspaces/microros_ws/firmware/dev_ws/install/domain_coordinator:/home/chittiv1113/Documents/workspaces/microros_ws/firmware/dev_ws/install/ament_xmllint:/home/chittiv1113/Documents/workspaces/microros_ws/firmware/dev_ws/install/ament_pyflakes:/home/chittiv1113/Documents/workspaces/microros_ws/firmware/dev_ws/install/ament_pycodestyle:/home/chittiv1113/Documents/workspaces/microros_ws/firmware/dev_ws/install/ament_pep257:/home/chittiv1113/Documents/workspaces/microros_ws/firmware/dev_ws/install/ament_pclint:/home/chittiv1113/Documents/workspaces/microros_ws/firmware/dev_ws/install/ament_package:/home/chittiv1113/Documents/workspaces/microros_ws/firmware/dev_ws/install/ament_mypy:/home/chittiv1113/Documents/workspaces/microros_ws/firmware/dev_ws/install/ament_lint_cmake:/home/chittiv1113/Documents/workspaces/microros_ws/firmware/dev_ws/install/ament_flake8:/home/chittiv1113/Documents/workspaces/microros_ws/firmware/dev_ws/install/ament_copyright:/home/chittiv1113/Documents/workspaces/microros_ws/firmware/dev_ws/install/ament_lint:/home/chittiv1113/Documents/workspaces/microros_ws/firmware/dev_ws/install/ament_index_python:/home/chittiv1113/Documents/workspaces/microros_ws/firmware/dev_ws/install/ament_cpplint:/home/chittiv1113/Documents/workspaces/microros_ws/firmware/dev_ws/install/ament_cppcheck:/home/chittiv1113/Documents/workspaces/microros_ws/firmware/dev_ws/install/ament_clang_tidy:/home/chittiv1113/Documents/workspaces/microros_ws/firmware/dev_ws/install/ament_clang_format /usr/bin/cmake --build /home/chittiv1113/Documents/workspaces/microros_ws/firmware/mcu_ws/build/libyaml_vendor -- -j4 -l4
[1.614s] Invoking command in '/home/chittiv1113/Documents/workspaces/microros_ws/firmware/mcu_ws/build/libyaml_vendor': CMAKE_PREFIX_PATH=${CMAKE_PREFIX_PATH}:/home/chittiv1113/Documents/workspaces/microros_ws/firmware/dev_ws/install/ament_uncrustify:/home/chittiv1113/Documents/workspaces/microros_ws/firmware/dev_ws/install/domain_coordinator:/home/chittiv1113/Documents/workspaces/microros_ws/firmware/dev_ws/install/ament_xmllint:/home/chittiv1113/Documents/workspaces/microros_ws/firmware/dev_ws/install/ament_pyflakes:/home/chittiv1113/Documents/workspaces/microros_ws/firmware/dev_ws/install/ament_pycodestyle:/home/chittiv1113/Documents/workspaces/microros_ws/firmware/dev_ws/install/ament_pep257:/home/chittiv1113/Documents/workspaces/microros_ws/firmware/dev_ws/install/ament_pclint:/home/chittiv1113/Documents/workspaces/microros_ws/firmware/dev_ws/install/ament_package:/home/chittiv1113/Documents/workspaces/microros_ws/firmware/dev_ws/install/ament_mypy:/home/chittiv1113/Documents/workspaces/microros_ws/firmware/dev_ws/install/ament_lint_cmake:/home/chittiv1113/Documents/workspaces/microros_ws/firmware/dev_ws/install/ament_flake8:/home/chittiv1113/Documents/workspaces/microros_ws/firmware/dev_ws/install/ament_copyright:/home/chittiv1113/Documents/workspaces/microros_ws/firmware/dev_ws/install/ament_lint:/home/chittiv1113/Documents/workspaces/microros_ws/firmware/dev_ws/install/ament_index_python:/home/chittiv1113/Documents/workspaces/microros_ws/firmware/dev_ws/install/ament_cpplint:/home/chittiv1113/Documents/workspaces/microros_ws/firmware/dev_ws/install/ament_cppcheck:/home/chittiv1113/Documents/workspaces/microros_ws/firmware/dev_ws/install/ament_clang_tidy:/home/chittiv1113/Documents/workspaces/microros_ws/firmware/dev_ws/install/ament_clang_format /usr/bin/cmake --install /home/chittiv1113/Documents/workspaces/microros_ws/firmware/mcu_ws/build/libyaml_vendor
[1.627s] -- Install configuration: "Debug"
[1.628s] -- Up-to-date: /home/chittiv1113/Documents/workspaces/microros_ws/firmware/mcu_ws/install
[1.628s] -- Up-to-date: /home/chittiv1113/Documents/workspaces/microros_ws/firmware/mcu_ws/install/lib
[1.628s] -- Up-to-date: /home/chittiv1113/Documents/workspaces/microros_ws/firmware/mcu_ws/install/lib/libyaml.a
[1.628s] -- Up-to-date: /home/chittiv1113/Documents/workspaces/microros_ws/firmware/mcu_ws/install/cmake
[1.628s] -- Up-to-date: /home/chittiv1113/Documents/workspaces/microros_ws/firmware/mcu_ws/install/cmake/yamlTargets.cmake
[1.628s] -- Up-to-date: /home/chittiv1113/Documents/workspaces/microros_ws/firmware/mcu_ws/install/cmake/yamlTargets-debug.cmake
[1.628s] -- Up-to-date: /home/chittiv1113/Documents/workspaces/microros_ws/firmware/mcu_ws/install/cmake/yamlConfigVersion.cmake
[1.628s] -- Up-to-date: /home/chittiv1113/Documents/workspaces/microros_ws/firmware/mcu_ws/install/cmake/yamlConfig.cmake
[1.628s] -- Up-to-date: /home/chittiv1113/Documents/workspaces/microros_ws/firmware/mcu_ws/install/include
[1.632s] -- Up-to-date: /home/chittiv1113/Documents/workspaces/microros_ws/firmware/mcu_ws/install/include/libyaml_vendor
[1.633s] -- Up-to-date: /home/chittiv1113/Documents/workspaces/microros_ws/firmware/mcu_ws/install/include/libyaml_vendor/yaml.h
[1.658s] -- Up-to-date: /home/chittiv1113/Documents/workspaces/microros_ws/firmware/mcu_ws/install/share/libyaml_vendor/environment/library_path.sh
[1.658s] -- Installing: /home/chittiv1113/Documents/workspaces/microros_ws/firmware/mcu_ws/install/share/libyaml_vendor/environment/library_path.dsv
[1.658s] -- Up-to-date: /home/chittiv1113/Documents/workspaces/microros_ws/firmware/mcu_ws/install/share/ament_index/resource_index/package_run_dependencies/libyaml_vendor
[1.658s] -- Up-to-date: /home/chittiv1113/Documents/workspaces/microros_ws/firmware/mcu_ws/install/share/ament_index/resource_index/parent_prefix_path/libyaml_vendor
[1.658s] -- Up-to-date: /home/chittiv1113/Documents/workspaces/microros_ws/firmware/mcu_ws/install/share/libyaml_vendor/environment/ament_prefix_path.sh
[1.659s] -- Installing: /home/chittiv1113/Documents/workspaces/microros_ws/firmware/mcu_ws/install/share/libyaml_vendor/environment/ament_prefix_path.dsv
[1.659s] -- Up-to-date: /home/chittiv1113/Documents/workspaces/microros_ws/firmware/mcu_ws/install/share/libyaml_vendor/environment/path.sh
[1.659s] -- Installing: /home/chittiv1113/Documents/workspaces/microros_ws/firmware/mcu_ws/install/share/libyaml_vendor/environment/path.dsv
[1.659s] -- Up-to-date: /home/chittiv1113/Documents/workspaces/microros_ws/firmware/mcu_ws/install/share/libyaml_vendor/local_setup.bash
[1.659s] -- Up-to-date: /home/chittiv1113/Documents/workspaces/microros_ws/firmware/mcu_ws/install/share/libyaml_vendor/local_setup.sh
[1.659s] -- Up-to-date: /home/chittiv1113/Documents/workspaces/microros_ws/firmware/mcu_ws/install/share/libyaml_vendor/local_setup.zsh
[1.659s] -- Installing: /home/chittiv1113/Documents/workspaces/microros_ws/firmware/mcu_ws/install/share/libyaml_vendor/local_setup.dsv
[1.659s] -- Installing: /home/chittiv1113/Documents/workspaces/microros_ws/firmware/mcu_ws/install/share/libyaml_vendor/package.dsv
[1.659s] -- Up-to-date: /home/chittiv1113/Documents/workspaces/microros_ws/firmware/mcu_ws/install/share/ament_index/resource_index/packages/libyaml_vendor
[1.659s] -- Up-to-date: /home/chittiv1113/Documents/workspaces/microros_ws/firmware/mcu_ws/install/share/libyaml_vendor/cmake/libyaml_vendor-extras.cmake
[1.659s] -- Up-to-date: /home/chittiv1113/Documents/workspaces/microros_ws/firmware/mcu_ws/install/share/libyaml_vendor/cmake/ament_cmake_export_libraries-extras.cmake
[1.659s] -- Up-to-date: /home/chittiv1113/Documents/workspaces/microros_ws/firmware/mcu_ws/install/share/libyaml_vendor/cmake/ament_cmake_export_dependencies-extras.cmake
[1.660s] -- Up-to-date: /home/chittiv1113/Documents/workspaces/microros_ws/firmware/mcu_ws/install/share/libyaml_vendor/cmake/libyaml_vendorConfig.cmake
[1.660s] -- Up-to-date: /home/chittiv1113/Documents/workspaces/microros_ws/firmware/mcu_ws/install/share/libyaml_vendor/cmake/libyaml_vendorConfig-version.cmake
[1.660s] -- Up-to-date: /home/chittiv1113/Documents/workspaces/microros_ws/firmware/mcu_ws/install/share/libyaml_vendor/package.xml
[1.927s] Invoked command in '/home/chittiv1113/Documents/workspaces/microros_ws/firmware/mcu_ws/build/libyaml_vendor' returned '0': CMAKE_PREFIX_PATH=${CMAKE_PREFIX_PATH}:/home/chittiv1113/Documents/workspaces/microros_ws/firmware/dev_ws/install/ament_uncrustify:/home/chittiv1113/Documents/workspaces/microros_ws/firmware/dev_ws/install/domain_coordinator:/home/chittiv1113/Documents/workspaces/microros_ws/firmware/dev_ws/install/ament_xmllint:/home/chittiv1113/Documents/workspaces/microros_ws/firmware/dev_ws/install/ament_pyflakes:/home/chittiv1113/Documents/workspaces/microros_ws/firmware/dev_ws/install/ament_pycodestyle:/home/chittiv1113/Documents/workspaces/microros_ws/firmware/dev_ws/install/ament_pep257:/home/chittiv1113/Documents/workspaces/microros_ws/firmware/dev_ws/install/ament_pclint:/home/chittiv1113/Documents/workspaces/microros_ws/firmware/dev_ws/install/ament_package:/home/chittiv1113/Documents/workspaces/microros_ws/firmware/dev_ws/install/ament_mypy:/home/chittiv1113/Documents/workspaces/microros_ws/firmware/dev_ws/install/ament_lint_cmake:/home/chittiv1113/Documents/workspaces/microros_ws/firmware/dev_ws/install/ament_flake8:/home/chittiv1113/Documents/workspaces/microros_ws/firmware/dev_ws/install/ament_copyright:/home/chittiv1113/Documents/workspaces/microros_ws/firmware/dev_ws/install/ament_lint:/home/chittiv1113/Documents/workspaces/microros_ws/firmware/dev_ws/install/ament_index_python:/home/chittiv1113/Documents/workspaces/microros_ws/firmware/dev_ws/install/ament_cpplint:/home/chittiv1113/Documents/workspaces/microros_ws/firmware/dev_ws/install/ament_cppcheck:/home/chittiv1113/Documents/workspaces/microros_ws/firmware/dev_ws/install/ament_clang_tidy:/home/chittiv1113/Documents/workspaces/microros_ws/firmware/dev_ws/install/ament_clang_format /usr/bin/cmake --install /home/chittiv1113/Documents/workspaces/microros_ws/firmware/mcu_ws/build/libyaml_vendor
