gmake[4]: Entering directory '/home/chittiv1113/Documents/workspaces/microros_ws/firmware/mcu_ws/build/microxrcedds_client'
/usr/bin/cmake -S/home/chittiv1113/Documents/workspaces/microros_ws/firmware/mcu_ws/eProsima/Micro-XRCE-DDS-Client -B/home/chittiv1113/Documents/workspaces/microros_ws/firmware/mcu_ws/build/microxrcedds_client --check-build-system CMakeFiles/Makefile.cmake 0
Re-run cmake file: Makefile older than: /home/chittiv1113/Documents/workspaces/microros_ws/firmware/freertos_apps/microros_esp32_extensions/esp32_toolchain.cmake
-- Configuring done
-- Generating done
-- Build files have been written to: /home/chittiv1113/Documents/workspaces/microros_ws/firmware/mcu_ws/build/microxrcedds_client
/usr/bin/cmake -E cmake_progress_start /home/chittiv1113/Documents/workspaces/microros_ws/firmware/mcu_ws/build/microxrcedds_client/CMakeFiles /home/chittiv1113/Documents/workspaces/microros_ws/firmware/mcu_ws/build/microxrcedds_client//CMakeFiles/progress.marks
/usr/bin/gmake  -f CMakeFiles/Makefile2 all
gmake[5]: Entering directory '/home/chittiv1113/Documents/workspaces/microros_ws/firmware/mcu_ws/build/microxrcedds_client'
/usr/bin/gmake  -f CMakeFiles/microxrcedds_client.dir/build.make CMakeFiles/microxrcedds_client.dir/depend
gmake[6]: Entering directory '/home/chittiv1113/Documents/workspaces/microros_ws/firmware/mcu_ws/build/microxrcedds_client'
cd /home/chittiv1113/Documents/workspaces/microros_ws/firmware/mcu_ws/build/microxrcedds_client && /usr/bin/cmake -E cmake_depends "Unix Makefiles" /home/chittiv1113/Documents/workspaces/microros_ws/firmware/mcu_ws/eProsima/Micro-XRCE-DDS-Client /home/chittiv1113/Documents/workspaces/microros_ws/firmware/mcu_ws/eProsima/Micro-XRCE-DDS-Client /home/chittiv1113/Documents/workspaces/microros_ws/firmware/mcu_ws/build/microxrcedds_client /home/chittiv1113/Documents/workspaces/microros_ws/firmware/mcu_ws/build/microxrcedds_client /home/chittiv1113/Documents/workspaces/microros_ws/firmware/mcu_ws/build/microxrcedds_client/CMakeFiles/microxrcedds_client.dir/DependInfo.cmake --color=
Dependencies file "CMakeFiles/microxrcedds_client.dir/src/c/core/serialization/xrce_header.c.obj.d" is newer than depends file "/home/chittiv1113/Documents/workspaces/microros_ws/firmware/mcu_ws/build/microxrcedds_client/CMakeFiles/microxrcedds_client.dir/compiler_depend.internal".
Dependencies file "CMakeFiles/microxrcedds_client.dir/src/c/core/serialization/xrce_subheader.c.obj.d" is newer than depends file "/home/chittiv1113/Documents/workspaces/microros_ws/firmware/mcu_ws/build/microxrcedds_client/CMakeFiles/microxrcedds_client.dir/compiler_depend.internal".
Dependencies file "CMakeFiles/microxrcedds_client.dir/src/c/core/serialization/xrce_types.c.obj.d" is newer than depends file "/home/chittiv1113/Documents/workspaces/microros_ws/firmware/mcu_ws/build/microxrcedds_client/CMakeFiles/microxrcedds_client.dir/compiler_depend.internal".
Dependencies file "CMakeFiles/microxrcedds_client.dir/src/c/core/session/common_create_entities.c.obj.d" is newer than depends file "/home/chittiv1113/Documents/workspaces/microros_ws/firmware/mcu_ws/build/microxrcedds_client/CMakeFiles/microxrcedds_client.dir/compiler_depend.internal".
Dependencies file "CMakeFiles/microxrcedds_client.dir/src/c/core/session/create_entities_bin.c.obj.d" is newer than depends file "/home/chittiv1113/Documents/workspaces/microros_ws/firmware/mcu_ws/build/microxrcedds_client/CMakeFiles/microxrcedds_client.dir/compiler_depend.internal".
Dependencies file "CMakeFiles/microxrcedds_client.dir/src/c/core/session/create_entities_ref.c.obj.d" is newer than depends file "/home/chittiv1113/Documents/workspaces/microros_ws/firmware/mcu_ws/build/microxrcedds_client/CMakeFiles/microxrcedds_client.dir/compiler_depend.internal".
Dependencies file "CMakeFiles/microxrcedds_client.dir/src/c/core/session/create_entities_xml.c.obj.d" is newer than depends file "/home/chittiv1113/Documents/workspaces/microros_ws/firmware/mcu_ws/build/microxrcedds_client/CMakeFiles/microxrcedds_client.dir/compiler_depend.internal".
Dependencies file "CMakeFiles/microxrcedds_client.dir/src/c/core/session/object_id.c.obj.d" is newer than depends file "/home/chittiv1113/Documents/workspaces/microros_ws/firmware/mcu_ws/build/microxrcedds_client/CMakeFiles/microxrcedds_client.dir/compiler_depend.internal".
Dependencies file "CMakeFiles/microxrcedds_client.dir/src/c/core/session/read_access.c.obj.d" is newer than depends file "/home/chittiv1113/Documents/workspaces/microros_ws/firmware/mcu_ws/build/microxrcedds_client/CMakeFiles/microxrcedds_client.dir/compiler_depend.internal".
Dependencies file "CMakeFiles/microxrcedds_client.dir/src/c/core/session/session.c.obj.d" is newer than depends file "/home/chittiv1113/Documents/workspaces/microros_ws/firmware/mcu_ws/build/microxrcedds_client/CMakeFiles/microxrcedds_client.dir/compiler_depend.internal".
Dependencies file "CMakeFiles/microxrcedds_client.dir/src/c/core/session/session_info.c.obj.d" is newer than depends file "/home/chittiv1113/Documents/workspaces/microros_ws/firmware/mcu_ws/build/microxrcedds_client/CMakeFiles/microxrcedds_client.dir/compiler_depend.internal".
Dependencies file "CMakeFiles/microxrcedds_client.dir/src/c/core/session/stream/input_best_effort_stream.c.obj.d" is newer than depends file "/home/chittiv1113/Documents/workspaces/microros_ws/firmware/mcu_ws/build/microxrcedds_client/CMakeFiles/microxrcedds_client.dir/compiler_depend.internal".
Dependencies file "CMakeFiles/microxrcedds_client.dir/src/c/core/session/stream/input_reliable_stream.c.obj.d" is newer than depends file "/home/chittiv1113/Documents/workspaces/microros_ws/firmware/mcu_ws/build/microxrcedds_client/CMakeFiles/microxrcedds_client.dir/compiler_depend.internal".
Dependencies file "CMakeFiles/microxrcedds_client.dir/src/c/core/session/stream/output_best_effort_stream.c.obj.d" is newer than depends file "/home/chittiv1113/Documents/workspaces/microros_ws/firmware/mcu_ws/build/microxrcedds_client/CMakeFiles/microxrcedds_client.dir/compiler_depend.internal".
Dependencies file "CMakeFiles/microxrcedds_client.dir/src/c/core/session/stream/output_reliable_stream.c.obj.d" is newer than depends file "/home/chittiv1113/Documents/workspaces/microros_ws/firmware/mcu_ws/build/microxrcedds_client/CMakeFiles/microxrcedds_client.dir/compiler_depend.internal".
Dependencies file "CMakeFiles/microxrcedds_client.dir/src/c/core/session/stream/seq_num.c.obj.d" is newer than depends file "/home/chittiv1113/Documents/workspaces/microros_ws/firmware/mcu_ws/build/microxrcedds_client/CMakeFiles/microxrcedds_client.dir/compiler_depend.internal".
Dependencies file "CMakeFiles/microxrcedds_client.dir/src/c/core/session/stream/stream_id.c.obj.d" is newer than depends file "/home/chittiv1113/Documents/workspaces/microros_ws/firmware/mcu_ws/build/microxrcedds_client/CMakeFiles/microxrcedds_client.dir/compiler_depend.internal".
Dependencies file "CMakeFiles/microxrcedds_client.dir/src/c/core/session/stream/stream_storage.c.obj.d" is newer than depends file "/home/chittiv1113/Documents/workspaces/microros_ws/firmware/mcu_ws/build/microxrcedds_client/CMakeFiles/microxrcedds_client.dir/compiler_depend.internal".
Dependencies file "CMakeFiles/microxrcedds_client.dir/src/c/core/session/submessage.c.obj.d" is newer than depends file "/home/chittiv1113/Documents/workspaces/microros_ws/firmware/mcu_ws/build/microxrcedds_client/CMakeFiles/microxrcedds_client.dir/compiler_depend.internal".
Dependencies file "CMakeFiles/microxrcedds_client.dir/src/c/core/session/write_access.c.obj.d" is newer than depends file "/home/chittiv1113/Documents/workspaces/microros_ws/firmware/mcu_ws/build/microxrcedds_client/CMakeFiles/microxrcedds_client.dir/compiler_depend.internal".
Dependencies file "CMakeFiles/microxrcedds_client.dir/src/c/profile/transport/custom/custom_transport.c.obj.d" is newer than depends file "/home/chittiv1113/Documents/workspaces/microros_ws/firmware/mcu_ws/build/microxrcedds_client/CMakeFiles/microxrcedds_client.dir/compiler_depend.internal".
Dependencies file "CMakeFiles/microxrcedds_client.dir/src/c/profile/transport/ip/ip_posix.c.obj.d" is newer than depends file "/home/chittiv1113/Documents/workspaces/microros_ws/firmware/mcu_ws/build/microxrcedds_client/CMakeFiles/microxrcedds_client.dir/compiler_depend.internal".
Dependencies file "CMakeFiles/microxrcedds_client.dir/src/c/profile/transport/ip/udp/udp_transport.c.obj.d" is newer than depends file "/home/chittiv1113/Documents/workspaces/microros_ws/firmware/mcu_ws/build/microxrcedds_client/CMakeFiles/microxrcedds_client.dir/compiler_depend.internal".
Dependencies file "CMakeFiles/microxrcedds_client.dir/src/c/profile/transport/ip/udp/udp_transport_posix_nopoll.c.obj.d" is newer than depends file "/home/chittiv1113/Documents/workspaces/microros_ws/firmware/mcu_ws/build/microxrcedds_client/CMakeFiles/microxrcedds_client.dir/compiler_depend.internal".
Dependencies file "CMakeFiles/microxrcedds_client.dir/src/c/profile/transport/stream_framing/stream_framing_protocol.c.obj.d" is newer than depends file "/home/chittiv1113/Documents/workspaces/microros_ws/firmware/mcu_ws/build/microxrcedds_client/CMakeFiles/microxrcedds_client.dir/compiler_depend.internal".
Dependencies file "CMakeFiles/microxrcedds_client.dir/src/c/util/ping.c.obj.d" is newer than depends file "/home/chittiv1113/Documents/workspaces/microros_ws/firmware/mcu_ws/build/microxrcedds_client/CMakeFiles/microxrcedds_client.dir/compiler_depend.internal".
Dependencies file "CMakeFiles/microxrcedds_client.dir/src/c/util/time.c.obj.d" is newer than depends file "/home/chittiv1113/Documents/workspaces/microros_ws/firmware/mcu_ws/build/microxrcedds_client/CMakeFiles/microxrcedds_client.dir/compiler_depend.internal".
[35m[1mConsolidate compiler generated dependencies of target microxrcedds_client[0m
gmake[6]: Leaving directory '/home/chittiv1113/Documents/workspaces/microros_ws/firmware/mcu_ws/build/microxrcedds_client'
/usr/bin/gmake  -f CMakeFiles/microxrcedds_client.dir/build.make CMakeFiles/microxrcedds_client.dir/build
gmake[6]: Entering directory '/home/chittiv1113/Documents/workspaces/microros_ws/firmware/mcu_ws/build/microxrcedds_client'
[  3%] [32mBuilding C object CMakeFiles/microxrcedds_client.dir/src/c/profile/transport/ip/udp/udp_transport_posix_nopoll.c.obj[0m
[  7%] [32mBuilding C object CMakeFiles/microxrcedds_client.dir/src/c/profile/transport/ip/ip_posix.c.obj[0m
/home/chittiv1113/Documents/workspaces/microros_ws/firmware/toolchain/espressif/tools/xtensa-esp32-elf/esp-2020r2-8.2.0/xtensa-esp32-elf/bin/xtensa-esp32-elf-gcc -DLWIP_IPV4 -DLWIP_IPV6 -I/home/chittiv1113/Documents/workspaces/microros_ws/firmware/freertos_apps/microros_esp32_extensions/build/config -I/home/chittiv1113/Documents/workspaces/microros_ws/firmware/toolchain/esp-idf/components/newlib/platform_include -I/home/chittiv1113/Documents/workspaces/microros_ws/firmware/toolchain/esp-idf/components/protocomm/include -I/home/chittiv1113/Documents/workspaces/microros_ws/firmware/toolchain/esp-idf/components/esp_rom/include -I/home/chittiv1113/Documents/workspaces/microros_ws/firmware/toolchain/esp-idf/components/driver/include -I/home/chittiv1113/Documents/workspaces/microros_ws/firmware/toolchain/esp-idf/components/wear_levelling/include -I/home/chittiv1113/Documents/workspaces/microros_ws/firmware/toolchain/esp-idf/components/vfs/include -I/home/chittiv1113/Documents/workspaces/microros_ws/firmware/toolchain/esp-idf/components/log/include -I/home/chittiv1113/Documents/workspaces/microros_ws/firmware/toolchain/esp-idf/components/freertos/include -I/home/chittiv1113/Documents/workspaces/microros_ws/firmware/toolchain/esp-idf/components/wifi_provisioning/include -I/home/chittiv1113/Documents/workspaces/microros_ws/firmware/toolchain/esp-idf/components/pthread/include -I/home/chittiv1113/Documents/workspaces/microros_ws/firmware/toolchain/esp-idf/components/libsodium/libsodium/src/libsodium/include -I/home/chittiv1113/Documents/workspaces/microros_ws/firmware/toolchain/esp-idf/components/coap/port/include -I/home/chittiv1113/Documents/workspaces/microros_ws/firmware/toolchain/esp-idf/components/coap/libcoap/include -I/home/chittiv1113/Documents/workspaces/microros_ws/firmware/toolchain/esp-idf/components/tcp_transport/include -I/home/chittiv1113/Documents/workspaces/microros_ws/firmware/toolchain/esp-idf/components/unity/include -I/home/chittiv1113/Documents/workspaces/microros_ws/firmware/toolchain/esp-idf/components/esp32/include -I/home/chittiv1113/Documents/workspaces/microros_ws/firmware/toolchain/esp-idf/components/asio/port/include -I/home/chittiv1113/Documents/workspaces/microros_ws/firmware/toolchain/esp-idf/components/asio/asio/asio/include -I/home/chittiv1113/Documents/workspaces/microros_ws/firmware/toolchain/esp-idf/components/app_update/include -I/home/chittiv1113/Documents/workspaces/microros_ws/firmware/toolchain/esp-idf/components/esp_ringbuf/include -I/home/chittiv1113/Documents/workspaces/microros_ws/firmware/toolchain/esp-idf/components/soc/esp32/include -I/home/chittiv1113/Documents/workspaces/microros_ws/firmware/toolchain/esp-idf/components/soc/include -I/home/chittiv1113/Documents/workspaces/microros_ws/firmware/toolchain/esp-idf/components/efuse/test/include -I/home/chittiv1113/Documents/workspaces/microros_ws/firmware/toolchain/esp-idf/components/efuse/esp32/include -I/home/chittiv1113/Documents/workspaces/microros_ws/firmware/toolchain/esp-idf/components/efuse/include -I/home/chittiv1113/Documents/workspaces/microros_ws/firmware/toolchain/esp-idf/components/mbedtls/port/include -I/home/chittiv1113/Documents/workspaces/microros_ws/firmware/toolchain/esp-idf/components/mbedtls/mbedtls/include -I/home/chittiv1113/Documents/workspaces/microros_ws/firmware/toolchain/esp-idf/components/xtensa/esp32/include -I/home/chittiv1113/Documents/workspaces/microros_ws/firmware/toolchain/esp-idf/components/xtensa/include -I/home/chittiv1113/Documents/workspaces/microros_ws/firmware/toolchain/esp-idf/components/app_trace/include -I/home/chittiv1113/Documents/workspaces/microros_ws/firmware/toolchain/esp-idf/components/nvs_flash/include -I/home/chittiv1113/Documents/workspaces/microros_ws/firmware/toolchain/esp-idf/components/jsmn/include -I/home/chittiv1113/Documents/workspaces/microros_ws/firmware/toolchain/esp-idf/components/esp_eth/include -I/home/chittiv1113/Documents/workspaces/microros_ws/firmware/toolchain/esp-idf/components/spiffs/include -I/home/chittiv1113/Documents/workspaces/microros_ws/firmware/toolchain/esp-idf/components/ulp/include -I/home/chittiv1113/Documents/workspaces/microros_ws/firmware/toolchain/esp-idf/components/mdns/include -I/home/chittiv1113/Documents/workspaces/microros_ws/firmware/toolchain/esp-idf/components/freemodbus/modbus/include -I/home/chittiv1113/Documents/workspaces/microros_ws/firmware/toolchain/esp-idf/components/freemodbus/common/include -I/home/chittiv1113/Documents/workspaces/microros_ws/firmware/toolchain/esp-idf/components/esp_event/include -I/home/chittiv1113/Documents/workspaces/microros_ws/firmware/toolchain/esp-idf/components/expat/port/include -I/home/chittiv1113/Documents/workspaces/microros_ws/firmware/toolchain/esp-idf/components/bootloader_support/include -I/home/chittiv1113/Documents/workspaces/microros_ws/firmware/toolchain/esp-idf/components/heap/include -I/home/chittiv1113/Documents/workspaces/microros_ws/firmware/toolchain/esp-idf/components/wpa_supplicant/port/include -I/home/chittiv1113/Documents/workspaces/microros_ws/firmware/toolchain/esp-idf/components/wpa_supplicant/include -I/home/chittiv1113/Documents/workspaces/microros_ws/firmware/toolchain/esp-idf/components/tcpip_adapter/include -I/home/chittiv1113/Documents/workspaces/microros_ws/firmware/toolchain/esp-idf/components/openssl/include -I/home/chittiv1113/Documents/workspaces/microros_ws/firmware/toolchain/esp-idf/components/sdmmc/include -I/home/chittiv1113/Documents/workspaces/microros_ws/firmware/toolchain/esp-idf/components/esp_local_ctrl/include -I/home/chittiv1113/Documents/workspaces/microros_ws/firmware/toolchain/esp-idf/components/esp_common/include -I/home/chittiv1113/Documents/workspaces/microros_ws/firmware/toolchain/esp-idf/components/lwip/lwip/src/include/lwip/apps -I/home/chittiv1113/Documents/workspaces/microros_ws/firmware/toolchain/esp-idf/components/lwip/lwip/src/include/compat/posix -I/home/chittiv1113/Documents/workspaces/microros_ws/firmware/toolchain/esp-idf/components/lwip/lwip/src/include -I/home/chittiv1113/Documents/workspaces/microros_ws/firmware/toolchain/esp-idf/components/lwip/port/esp32/include -I/home/chittiv1113/Documents/workspaces/microros_ws/firmware/mcu_ws/eProsima/Micro-XRCE-DDS-Client/include -I/home/chittiv1113/Documents/workspaces/microros_ws/firmware/mcu_ws/build/microxrcedds_client/include -I/home/chittiv1113/Documents/workspaces/microros_ws/firmware/mcu_ws/eProsima/Micro-XRCE-DDS-Client/src/c -isystem /home/chittiv1113/Documents/workspaces/microros_ws/firmware/mcu_ws/install/include -mlongcalls -Wno-frame-address -mlongcalls -Wno-frame-address -g -Wall -Wextra -Wshadow -pedantic -Wcast-align -Wunused -Wconversion -Wnull-dereference -Wduplicated-branches -Wduplicated-cond -Wrestrict -Wdouble-promotion -Wsign-conversion -fdata-sections -ffunction-sections -std=gnu99 -MD -MT CMakeFiles/microxrcedds_client.dir/src/c/profile/transport/ip/ip_posix.c.obj -MF CMakeFiles/microxrcedds_client.dir/src/c/profile/transport/ip/ip_posix.c.obj.d -o CMakeFiles/microxrcedds_client.dir/src/c/profile/transport/ip/ip_posix.c.obj -c /home/chittiv1113/Documents/workspaces/microros_ws/firmware/mcu_ws/eProsima/Micro-XRCE-DDS-Client/src/c/profile/transport/ip/ip_posix.c
/home/chittiv1113/Documents/workspaces/microros_ws/firmware/toolchain/espressif/tools/xtensa-esp32-elf/esp-2020r2-8.2.0/xtensa-esp32-elf/bin/xtensa-esp32-elf-gcc -DLWIP_IPV4 -DLWIP_IPV6 -I/home/chittiv1113/Documents/workspaces/microros_ws/firmware/freertos_apps/microros_esp32_extensions/build/config -I/home/chittiv1113/Documents/workspaces/microros_ws/firmware/toolchain/esp-idf/components/newlib/platform_include -I/home/chittiv1113/Documents/workspaces/microros_ws/firmware/toolchain/esp-idf/components/protocomm/include -I/home/chittiv1113/Documents/workspaces/microros_ws/firmware/toolchain/esp-idf/components/esp_rom/include -I/home/chittiv1113/Documents/workspaces/microros_ws/firmware/toolchain/esp-idf/components/driver/include -I/home/chittiv1113/Documents/workspaces/microros_ws/firmware/toolchain/esp-idf/components/wear_levelling/include -I/home/chittiv1113/Documents/workspaces/microros_ws/firmware/toolchain/esp-idf/components/vfs/include -I/home/chittiv1113/Documents/workspaces/microros_ws/firmware/toolchain/esp-idf/components/log/include -I/home/chittiv1113/Documents/workspaces/microros_ws/firmware/toolchain/esp-idf/components/freertos/include -I/home/chittiv1113/Documents/workspaces/microros_ws/firmware/toolchain/esp-idf/components/wifi_provisioning/include -I/home/chittiv1113/Documents/workspaces/microros_ws/firmware/toolchain/esp-idf/components/pthread/include -I/home/chittiv1113/Documents/workspaces/microros_ws/firmware/toolchain/esp-idf/components/libsodium/libsodium/src/libsodium/include -I/home/chittiv1113/Documents/workspaces/microros_ws/firmware/toolchain/esp-idf/components/coap/port/include -I/home/chittiv1113/Documents/workspaces/microros_ws/firmware/toolchain/esp-idf/components/coap/libcoap/include -I/home/chittiv1113/Documents/workspaces/microros_ws/firmware/toolchain/esp-idf/components/tcp_transport/include -I/home/chittiv1113/Documents/workspaces/microros_ws/firmware/toolchain/esp-idf/components/unity/include -I/home/chittiv1113/Documents/workspaces/microros_ws/firmware/toolchain/esp-idf/components/esp32/include -I/home/chittiv1113/Documents/workspaces/microros_ws/firmware/toolchain/esp-idf/components/asio/port/include -I/home/chittiv1113/Documents/workspaces/microros_ws/firmware/toolchain/esp-idf/components/asio/asio/asio/include -I/home/chittiv1113/Documents/workspaces/microros_ws/firmware/toolchain/esp-idf/components/app_update/include -I/home/chittiv1113/Documents/workspaces/microros_ws/firmware/toolchain/esp-idf/components/esp_ringbuf/include -I/home/chittiv1113/Documents/workspaces/microros_ws/firmware/toolchain/esp-idf/components/soc/esp32/include -I/home/chittiv1113/Documents/workspaces/microros_ws/firmware/toolchain/esp-idf/components/soc/include -I/home/chittiv1113/Documents/workspaces/microros_ws/firmware/toolchain/esp-idf/components/efuse/test/include -I/home/chittiv1113/Documents/workspaces/microros_ws/firmware/toolchain/esp-idf/components/efuse/esp32/include -I/home/chittiv1113/Documents/workspaces/microros_ws/firmware/toolchain/esp-idf/components/efuse/include -I/home/chittiv1113/Documents/workspaces/microros_ws/firmware/toolchain/esp-idf/components/mbedtls/port/include -I/home/chittiv1113/Documents/workspaces/microros_ws/firmware/toolchain/esp-idf/components/mbedtls/mbedtls/include -I/home/chittiv1113/Documents/workspaces/microros_ws/firmware/toolchain/esp-idf/components/xtensa/esp32/include -I/home/chittiv1113/Documents/workspaces/microros_ws/firmware/toolchain/esp-idf/components/xtensa/include -I/home/chittiv1113/Documents/workspaces/microros_ws/firmware/toolchain/esp-idf/components/app_trace/include -I/home/chittiv1113/Documents/workspaces/microros_ws/firmware/toolchain/esp-idf/components/nvs_flash/include -I/home/chittiv1113/Documents/workspaces/microros_ws/firmware/toolchain/esp-idf/components/jsmn/include -I/home/chittiv1113/Documents/workspaces/microros_ws/firmware/toolchain/esp-idf/components/esp_eth/include -I/home/chittiv1113/Documents/workspaces/microros_ws/firmware/toolchain/esp-idf/components/spiffs/include -I/home/chittiv1113/Documents/workspaces/microros_ws/firmware/toolchain/esp-idf/components/ulp/include -I/home/chittiv1113/Documents/workspaces/microros_ws/firmware/toolchain/esp-idf/components/mdns/include -I/home/chittiv1113/Documents/workspaces/microros_ws/firmware/toolchain/esp-idf/components/freemodbus/modbus/include -I/home/chittiv1113/Documents/workspaces/microros_ws/firmware/toolchain/esp-idf/components/freemodbus/common/include -I/home/chittiv1113/Documents/workspaces/microros_ws/firmware/toolchain/esp-idf/components/esp_event/include -I/home/chittiv1113/Documents/workspaces/microros_ws/firmware/toolchain/esp-idf/components/expat/port/include -I/home/chittiv1113/Documents/workspaces/microros_ws/firmware/toolchain/esp-idf/components/bootloader_support/include -I/home/chittiv1113/Documents/workspaces/microros_ws/firmware/toolchain/esp-idf/components/heap/include -I/home/chittiv1113/Documents/workspaces/microros_ws/firmware/toolchain/esp-idf/components/wpa_supplicant/port/include -I/home/chittiv1113/Documents/workspaces/microros_ws/firmware/toolchain/esp-idf/components/wpa_supplicant/include -I/home/chittiv1113/Documents/workspaces/microros_ws/firmware/toolchain/esp-idf/components/tcpip_adapter/include -I/home/chittiv1113/Documents/workspaces/microros_ws/firmware/toolchain/esp-idf/components/openssl/include -I/home/chittiv1113/Documents/workspaces/microros_ws/firmware/toolchain/esp-idf/components/sdmmc/include -I/home/chittiv1113/Documents/workspaces/microros_ws/firmware/toolchain/esp-idf/components/esp_local_ctrl/include -I/home/chittiv1113/Documents/workspaces/microros_ws/firmware/toolchain/esp-idf/components/esp_common/include -I/home/chittiv1113/Documents/workspaces/microros_ws/firmware/toolchain/esp-idf/components/lwip/lwip/src/include/lwip/apps -I/home/chittiv1113/Documents/workspaces/microros_ws/firmware/toolchain/esp-idf/components/lwip/lwip/src/include/compat/posix -I/home/chittiv1113/Documents/workspaces/microros_ws/firmware/toolchain/esp-idf/components/lwip/lwip/src/include -I/home/chittiv1113/Documents/workspaces/microros_ws/firmware/toolchain/esp-idf/components/lwip/port/esp32/include -I/home/chittiv1113/Documents/workspaces/microros_ws/firmware/mcu_ws/eProsima/Micro-XRCE-DDS-Client/include -I/home/chittiv1113/Documents/workspaces/microros_ws/firmware/mcu_ws/build/microxrcedds_client/include -I/home/chittiv1113/Documents/workspaces/microros_ws/firmware/mcu_ws/eProsima/Micro-XRCE-DDS-Client/src/c -isystem /home/chittiv1113/Documents/workspaces/microros_ws/firmware/mcu_ws/install/include -mlongcalls -Wno-frame-address -mlongcalls -Wno-frame-address -g -Wall -Wextra -Wshadow -pedantic -Wcast-align -Wunused -Wconversion -Wnull-dereference -Wduplicated-branches -Wduplicated-cond -Wrestrict -Wdouble-promotion -Wsign-conversion -fdata-sections -ffunction-sections -std=gnu99 -MD -MT CMakeFiles/microxrcedds_client.dir/src/c/profile/transport/ip/udp/udp_transport_posix_nopoll.c.obj -MF CMakeFiles/microxrcedds_client.dir/src/c/profile/transport/ip/udp/udp_transport_posix_nopoll.c.obj.d -o CMakeFiles/microxrcedds_client.dir/src/c/profile/transport/ip/udp/udp_transport_posix_nopoll.c.obj -c /home/chittiv1113/Documents/workspaces/microros_ws/firmware/mcu_ws/eProsima/Micro-XRCE-DDS-Client/src/c/profile/transport/ip/udp/udp_transport_posix_nopoll.c
[ 10%] [32m[1mLinking C static library libmicroxrcedds_client.a[0m
/usr/bin/cmake -P CMakeFiles/microxrcedds_client.dir/cmake_clean_target.cmake
/usr/bin/cmake -E cmake_link_script CMakeFiles/microxrcedds_client.dir/link.txt --verbose=1
/home/chittiv1113/Documents/workspaces/microros_ws/firmware/toolchain/espressif/tools/xtensa-esp32-elf/esp-2020r2-8.2.0/xtensa-esp32-elf/bin/xtensa-esp32-elf-ar qc libmicroxrcedds_client.a CMakeFiles/microxrcedds_client.dir/src/c/core/session/stream/input_best_effort_stream.c.obj CMakeFiles/microxrcedds_client.dir/src/c/core/session/stream/input_reliable_stream.c.obj CMakeFiles/microxrcedds_client.dir/src/c/core/session/stream/output_best_effort_stream.c.obj CMakeFiles/microxrcedds_client.dir/src/c/core/session/stream/output_reliable_stream.c.obj CMakeFiles/microxrcedds_client.dir/src/c/core/session/stream/stream_storage.c.obj CMakeFiles/microxrcedds_client.dir/src/c/core/session/stream/stream_id.c.obj CMakeFiles/microxrcedds_client.dir/src/c/core/session/stream/seq_num.c.obj CMakeFiles/microxrcedds_client.dir/src/c/core/session/session.c.obj CMakeFiles/microxrcedds_client.dir/src/c/core/session/session_info.c.obj CMakeFiles/microxrcedds_client.dir/src/c/core/session/submessage.c.obj CMakeFiles/microxrcedds_client.dir/src/c/core/session/object_id.c.obj CMakeFiles/microxrcedds_client.dir/src/c/core/serialization/xrce_types.c.obj CMakeFiles/microxrcedds_client.dir/src/c/core/serialization/xrce_header.c.obj CMakeFiles/microxrcedds_client.dir/src/c/core/serialization/xrce_subheader.c.obj CMakeFiles/microxrcedds_client.dir/src/c/util/time.c.obj CMakeFiles/microxrcedds_client.dir/src/c/util/ping.c.obj CMakeFiles/microxrcedds_client.dir/src/c/core/session/common_create_entities.c.obj CMakeFiles/microxrcedds_client.dir/src/c/core/session/create_entities_ref.c.obj CMakeFiles/microxrcedds_client.dir/src/c/core/session/create_entities_xml.c.obj CMakeFiles/microxrcedds_client.dir/src/c/core/session/create_entities_bin.c.obj CMakeFiles/microxrcedds_client.dir/src/c/core/session/read_access.c.obj CMakeFiles/microxrcedds_client.dir/src/c/core/session/write_access.c.obj CMakeFiles/microxrcedds_client.dir/src/c/profile/transport/stream_framing/stream_framing_protocol.c.obj CMakeFiles/microxrcedds_client.dir/src/c/profile/transport/ip/udp/udp_transport.c.obj CMakeFiles/microxrcedds_client.dir/src/c/profile/transport/ip/udp/udp_transport_posix_nopoll.c.obj CMakeFiles/microxrcedds_client.dir/src/c/profile/transport/ip/ip_posix.c.obj CMakeFiles/microxrcedds_client.dir/src/c/profile/transport/custom/custom_transport.c.obj
/home/chittiv1113/Documents/workspaces/microros_ws/firmware/toolchain/espressif/tools/xtensa-esp32-elf/esp-2020r2-8.2.0/xtensa-esp32-elf/bin/xtensa-esp32-elf-ranlib libmicroxrcedds_client.a
gmake[6]: Leaving directory '/home/chittiv1113/Documents/workspaces/microros_ws/firmware/mcu_ws/build/microxrcedds_client'
[100%] Built target microxrcedds_client
gmake[5]: Leaving directory '/home/chittiv1113/Documents/workspaces/microros_ws/firmware/mcu_ws/build/microxrcedds_client'
/usr/bin/cmake -E cmake_progress_start /home/chittiv1113/Documents/workspaces/microros_ws/firmware/mcu_ws/build/microxrcedds_client/CMakeFiles 0
gmake[4]: Leaving directory '/home/chittiv1113/Documents/workspaces/microros_ws/firmware/mcu_ws/build/microxrcedds_client'
-- Install configuration: "Debug"
-- Installing: /home/chittiv1113/Documents/workspaces/microros_ws/firmware/mcu_ws/install/lib/libmicroxrcedds_client.a
-- Up-to-date: /home/chittiv1113/Documents/workspaces/microros_ws/firmware/mcu_ws/install/include/uxr/client
-- Up-to-date: /home/chittiv1113/Documents/workspaces/microros_ws/firmware/mcu_ws/install/include/uxr/client/client.h
-- Up-to-date: /home/chittiv1113/Documents/workspaces/microros_ws/firmware/mcu_ws/install/include/uxr/client/core
-- Up-to-date: /home/chittiv1113/Documents/workspaces/microros_ws/firmware/mcu_ws/install/include/uxr/client/core/type
-- Up-to-date: /home/chittiv1113/Documents/workspaces/microros_ws/firmware/mcu_ws/install/include/uxr/client/core/type/xrce_types.h
-- Up-to-date: /home/chittiv1113/Documents/workspaces/microros_ws/firmware/mcu_ws/install/include/uxr/client/core/session
-- Up-to-date: /home/chittiv1113/Documents/workspaces/microros_ws/firmware/mcu_ws/install/include/uxr/client/core/session/common_create_entities.h
-- Up-to-date: /home/chittiv1113/Documents/workspaces/microros_ws/firmware/mcu_ws/install/include/uxr/client/core/session/create_entities_xml.h
-- Up-to-date: /home/chittiv1113/Documents/workspaces/microros_ws/firmware/mcu_ws/install/include/uxr/client/core/session/stream
-- Up-to-date: /home/chittiv1113/Documents/workspaces/microros_ws/firmware/mcu_ws/install/include/uxr/client/core/session/stream/seq_num.h
-- Up-to-date: /home/chittiv1113/Documents/workspaces/microros_ws/firmware/mcu_ws/install/include/uxr/client/core/session/stream/input_reliable_stream.h
-- Up-to-date: /home/chittiv1113/Documents/workspaces/microros_ws/firmware/mcu_ws/install/include/uxr/client/core/session/stream/output_best_effort_stream.h
-- Up-to-date: /home/chittiv1113/Documents/workspaces/microros_ws/firmware/mcu_ws/install/include/uxr/client/core/session/stream/input_best_effort_stream.h
-- Up-to-date: /home/chittiv1113/Documents/workspaces/microros_ws/firmware/mcu_ws/install/include/uxr/client/core/session/stream/stream_id.h
-- Up-to-date: /home/chittiv1113/Documents/workspaces/microros_ws/firmware/mcu_ws/install/include/uxr/client/core/session/stream/stream_storage.h
-- Up-to-date: /home/chittiv1113/Documents/workspaces/microros_ws/firmware/mcu_ws/install/include/uxr/client/core/session/stream/output_reliable_stream.h
-- Up-to-date: /home/chittiv1113/Documents/workspaces/microros_ws/firmware/mcu_ws/install/include/uxr/client/core/session/stream/reliable_stream.h
-- Up-to-date: /home/chittiv1113/Documents/workspaces/microros_ws/firmware/mcu_ws/install/include/uxr/client/core/session/session_info.h
-- Up-to-date: /home/chittiv1113/Documents/workspaces/microros_ws/firmware/mcu_ws/install/include/uxr/client/core/session/read_access.h
-- Up-to-date: /home/chittiv1113/Documents/workspaces/microros_ws/firmware/mcu_ws/install/include/uxr/client/core/session/session.h
-- Up-to-date: /home/chittiv1113/Documents/workspaces/microros_ws/firmware/mcu_ws/install/include/uxr/client/core/session/write_access.h
-- Up-to-date: /home/chittiv1113/Documents/workspaces/microros_ws/firmware/mcu_ws/install/include/uxr/client/core/session/create_entities_ref.h
-- Up-to-date: /home/chittiv1113/Documents/workspaces/microros_ws/firmware/mcu_ws/install/include/uxr/client/core/session/time_sync.h
-- Up-to-date: /home/chittiv1113/Documents/workspaces/microros_ws/firmware/mcu_ws/install/include/uxr/client/core/session/object_id.h
-- Up-to-date: /home/chittiv1113/Documents/workspaces/microros_ws/firmware/mcu_ws/install/include/uxr/client/core/session/create_entities_bin.h
-- Up-to-date: /home/chittiv1113/Documents/workspaces/microros_ws/firmware/mcu_ws/install/include/uxr/client/core/communication
-- Up-to-date: /home/chittiv1113/Documents/workspaces/microros_ws/firmware/mcu_ws/install/include/uxr/client/core/communication/communication.h
-- Up-to-date: /home/chittiv1113/Documents/workspaces/microros_ws/firmware/mcu_ws/install/include/uxr/client/util
-- Up-to-date: /home/chittiv1113/Documents/workspaces/microros_ws/firmware/mcu_ws/install/include/uxr/client/util/ping.h
-- Up-to-date: /home/chittiv1113/Documents/workspaces/microros_ws/firmware/mcu_ws/install/include/uxr/client/util/time.h
-- Up-to-date: /home/chittiv1113/Documents/workspaces/microros_ws/firmware/mcu_ws/install/include/uxr/client/profile
-- Up-to-date: /home/chittiv1113/Documents/workspaces/microros_ws/firmware/mcu_ws/install/include/uxr/client/profile/discovery
-- Up-to-date: /home/chittiv1113/Documents/workspaces/microros_ws/firmware/mcu_ws/install/include/uxr/client/profile/discovery/discovery.h
-- Up-to-date: /home/chittiv1113/Documents/workspaces/microros_ws/firmware/mcu_ws/install/include/uxr/client/profile/multithread
-- Up-to-date: /home/chittiv1113/Documents/workspaces/microros_ws/firmware/mcu_ws/install/include/uxr/client/profile/multithread/multithread.h
-- Up-to-date: /home/chittiv1113/Documents/workspaces/microros_ws/firmware/mcu_ws/install/include/uxr/client/profile/transport
-- Up-to-date: /home/chittiv1113/Documents/workspaces/microros_ws/firmware/mcu_ws/install/include/uxr/client/profile/transport/ip
-- Up-to-date: /home/chittiv1113/Documents/workspaces/microros_ws/firmware/mcu_ws/install/include/uxr/client/profile/transport/ip/udp
-- Up-to-date: /home/chittiv1113/Documents/workspaces/microros_ws/firmware/mcu_ws/install/include/uxr/client/profile/transport/ip/udp/udp_transport_freertos_plus_tcp.h
-- Up-to-date: /home/chittiv1113/Documents/workspaces/microros_ws/firmware/mcu_ws/install/include/uxr/client/profile/transport/ip/udp/udp_transport_posix_nopoll.h
-- Up-to-date: /home/chittiv1113/Documents/workspaces/microros_ws/firmware/mcu_ws/install/include/uxr/client/profile/transport/ip/udp/udp_transport.h
-- Up-to-date: /home/chittiv1113/Documents/workspaces/microros_ws/firmware/mcu_ws/install/include/uxr/client/profile/transport/ip/udp/udp_transport_rtems_bsd_net.h
-- Up-to-date: /home/chittiv1113/Documents/workspaces/microros_ws/firmware/mcu_ws/install/include/uxr/client/profile/transport/ip/udp/udp_transport_posix.h
-- Up-to-date: /home/chittiv1113/Documents/workspaces/microros_ws/firmware/mcu_ws/install/include/uxr/client/profile/transport/ip/udp/udp_transport_windows.h
-- Up-to-date: /home/chittiv1113/Documents/workspaces/microros_ws/firmware/mcu_ws/install/include/uxr/client/profile/transport/ip/ip.h
-- Up-to-date: /home/chittiv1113/Documents/workspaces/microros_ws/firmware/mcu_ws/install/include/uxr/client/profile/transport/ip/tcp
-- Up-to-date: /home/chittiv1113/Documents/workspaces/microros_ws/firmware/mcu_ws/install/include/uxr/client/profile/transport/ip/tcp/tcp_transport_posix_nopoll.h
-- Up-to-date: /home/chittiv1113/Documents/workspaces/microros_ws/firmware/mcu_ws/install/include/uxr/client/profile/transport/ip/tcp/tcp_transport_rtems_bsd_net.h
-- Up-to-date: /home/chittiv1113/Documents/workspaces/microros_ws/firmware/mcu_ws/install/include/uxr/client/profile/transport/ip/tcp/tcp_transport_freertos_plus_tcp.h
-- Up-to-date: /home/chittiv1113/Documents/workspaces/microros_ws/firmware/mcu_ws/install/include/uxr/client/profile/transport/ip/tcp/tcp_transport_posix.h
-- Up-to-date: /home/chittiv1113/Documents/workspaces/microros_ws/firmware/mcu_ws/install/include/uxr/client/profile/transport/ip/tcp/tcp_transport.h
-- Up-to-date: /home/chittiv1113/Documents/workspaces/microros_ws/firmware/mcu_ws/install/include/uxr/client/profile/transport/ip/tcp/tcp_transport_windows.h
-- Up-to-date: /home/chittiv1113/Documents/workspaces/microros_ws/firmware/mcu_ws/install/include/uxr/client/profile/transport/custom
-- Up-to-date: /home/chittiv1113/Documents/workspaces/microros_ws/firmware/mcu_ws/install/include/uxr/client/profile/transport/custom/custom_transport.h
-- Up-to-date: /home/chittiv1113/Documents/workspaces/microros_ws/firmware/mcu_ws/install/include/uxr/client/profile/transport/stream_framing
-- Up-to-date: /home/chittiv1113/Documents/workspaces/microros_ws/firmware/mcu_ws/install/include/uxr/client/profile/transport/stream_framing/stream_framing_protocol.h
-- Up-to-date: /home/chittiv1113/Documents/workspaces/microros_ws/firmware/mcu_ws/install/include/uxr/client/profile/transport/serial
-- Up-to-date: /home/chittiv1113/Documents/workspaces/microros_ws/firmware/mcu_ws/install/include/uxr/client/profile/transport/serial/serial_transport_rtems_bsd_net.h
-- Up-to-date: /home/chittiv1113/Documents/workspaces/microros_ws/firmware/mcu_ws/install/include/uxr/client/profile/transport/serial/serial_transport_posix.h
-- Up-to-date: /home/chittiv1113/Documents/workspaces/microros_ws/firmware/mcu_ws/install/include/uxr/client/profile/transport/serial/serial_transport.h
-- Up-to-date: /home/chittiv1113/Documents/workspaces/microros_ws/firmware/mcu_ws/install/include/uxr/client/profile/transport/serial/serial_transport_platform.h
-- Up-to-date: /home/chittiv1113/Documents/workspaces/microros_ws/firmware/mcu_ws/install/include/uxr/client/profile/transport/can
-- Up-to-date: /home/chittiv1113/Documents/workspaces/microros_ws/firmware/mcu_ws/install/include/uxr/client/profile/transport/can/can_transport_posix.h
-- Up-to-date: /home/chittiv1113/Documents/workspaces/microros_ws/firmware/mcu_ws/install/include/uxr/client/profile/transport/can/can_transport.h
-- Up-to-date: /home/chittiv1113/Documents/workspaces/microros_ws/firmware/mcu_ws/install/include/uxr/client/visibility.h
-- Up-to-date: /home/chittiv1113/Documents/workspaces/microros_ws/firmware/mcu_ws/install/include/uxr/client/transport.h
-- Up-to-date: /home/chittiv1113/Documents/workspaces/microros_ws/firmware/mcu_ws/install/include/uxr/client/defines.h
-- Up-to-date: /home/chittiv1113/Documents/workspaces/microros_ws/firmware/mcu_ws/install/include/uxr/client/config.h
-- Up-to-date: /home/chittiv1113/Documents/workspaces/microros_ws/firmware/mcu_ws/install/share/microxrcedds_client/cmake/microxrcedds_clientTargets.cmake
-- Up-to-date: /home/chittiv1113/Documents/workspaces/microros_ws/firmware/mcu_ws/install/share/microxrcedds_client/cmake/microxrcedds_clientTargets-debug.cmake
-- Up-to-date: /home/chittiv1113/Documents/workspaces/microros_ws/firmware/mcu_ws/install/share/microxrcedds_client/cmake/microxrcedds_clientConfig.cmake
-- Up-to-date: /home/chittiv1113/Documents/workspaces/microros_ws/firmware/mcu_ws/install/share/microxrcedds_client/cmake/microxrcedds_clientConfigVersion.cmake
