[0.212s] Invoking command in '/home/chittiv1113/Documents/workspaces/microros_ws/firmware/mcu_ws/build/rosidl_adapter': AMENT_PREFIX_PATH=/home/chittiv1113/Documents/workspaces/microros_ws/firmware/mcu_ws/install:${AMENT_PREFIX_PATH} CMAKE_PREFIX_PATH=${CMAKE_PREFIX_PATH}:/home/chittiv1113/Documents/workspaces/microros_ws/firmware/dev_ws/install/ament_uncrustify:/home/chittiv1113/Documents/workspaces/microros_ws/firmware/dev_ws/install/domain_coordinator:/home/chittiv1113/Documents/workspaces/microros_ws/firmware/dev_ws/install/ament_xmllint:/home/chittiv1113/Documents/workspaces/microros_ws/firmware/dev_ws/install/ament_pyflakes:/home/chittiv1113/Documents/workspaces/microros_ws/firmware/dev_ws/install/ament_pycodestyle:/home/chittiv1113/Documents/workspaces/microros_ws/firmware/dev_ws/install/ament_pep257:/home/chittiv1113/Documents/workspaces/microros_ws/firmware/dev_ws/install/ament_pclint:/home/chittiv1113/Documents/workspaces/microros_ws/firmware/dev_ws/install/ament_package:/home/chittiv1113/Documents/workspaces/microros_ws/firmware/dev_ws/install/ament_mypy:/home/chittiv1113/Documents/workspaces/microros_ws/firmware/dev_ws/install/ament_lint_cmake:/home/chittiv1113/Documents/workspaces/microros_ws/firmware/dev_ws/install/ament_flake8:/home/chittiv1113/Documents/workspaces/microros_ws/firmware/dev_ws/install/ament_copyright:/home/chittiv1113/Documents/workspaces/microros_ws/firmware/dev_ws/install/ament_lint:/home/chittiv1113/Documents/workspaces/microros_ws/firmware/dev_ws/install/ament_index_python:/home/chittiv1113/Documents/workspaces/microros_ws/firmware/dev_ws/install/ament_cpplint:/home/chittiv1113/Documents/workspaces/microros_ws/firmware/dev_ws/install/ament_cppcheck:/home/chittiv1113/Documents/workspaces/microros_ws/firmware/dev_ws/install/ament_clang_tidy:/home/chittiv1113/Documents/workspaces/microros_ws/firmware/dev_ws/install/ament_clang_format PATH=/home/chittiv1113/Documents/workspaces/microros_ws/firmware/mcu_ws/install/bin:${PATH} PYTHONPATH=/home/chittiv1113/Documents/workspaces/microros_ws/firmware/mcu_ws/install/lib/python3.10/site-packages:${PYTHONPATH} /usr/bin/cmake /home/chittiv1113/Documents/workspaces/microros_ws/firmware/mcu_ws/ros2/rosidl/rosidl_adapter --no-warn-unused-cli -DCMAKE_POSITION_INDEPENDENT_CODE:BOOL=OFF -DTHIRDPARTY=ON -DBUILD_SHARED_LIBS=OFF -DBUILD_TESTING=OFF -DCMAKE_BUILD_TYPE=Debug -DCMAKE_TOOLCHAIN_FILE=/home/chittiv1113/Documents/workspaces/microros_ws/firmware/freertos_apps/microros_esp32_extensions/esp32_toolchain.cmake -DCMAKE_VERBOSE_MAKEFILE=ON -DCMAKE_INSTALL_PREFIX=/home/chittiv1113/Documents/workspaces/microros_ws/firmware/mcu_ws/install
[0.271s] Not searching for unused variables given on the command line.
[0.315s] -- Found ament_cmake: 1.3.3 (/home/chittiv1113/Documents/workspaces/microros_ws/firmware/dev_ws/install/ament_cmake/share/ament_cmake/cmake)
[1.393s] -- Found Python3: /home/chittiv1113/Documents/workspaces/microros_ws/firmware/toolchain/espressif/python_env/idf4.1_py3.10_env/bin/python3.10 (found version "3.10.6") found components: Interpreter 
[2.362s] -- Configuring done
[2.380s] -- Generating done
[2.384s] -- Build files have been written to: /home/chittiv1113/Documents/workspaces/microros_ws/firmware/mcu_ws/build/rosidl_adapter
[2.494s] Invoked command in '/home/chittiv1113/Documents/workspaces/microros_ws/firmware/mcu_ws/build/rosidl_adapter' returned '0': AMENT_PREFIX_PATH=/home/chittiv1113/Documents/workspaces/microros_ws/firmware/mcu_ws/install:${AMENT_PREFIX_PATH} CMAKE_PREFIX_PATH=${CMAKE_PREFIX_PATH}:/home/chittiv1113/Documents/workspaces/microros_ws/firmware/dev_ws/install/ament_uncrustify:/home/chittiv1113/Documents/workspaces/microros_ws/firmware/dev_ws/install/domain_coordinator:/home/chittiv1113/Documents/workspaces/microros_ws/firmware/dev_ws/install/ament_xmllint:/home/chittiv1113/Documents/workspaces/microros_ws/firmware/dev_ws/install/ament_pyflakes:/home/chittiv1113/Documents/workspaces/microros_ws/firmware/dev_ws/install/ament_pycodestyle:/home/chittiv1113/Documents/workspaces/microros_ws/firmware/dev_ws/install/ament_pep257:/home/chittiv1113/Documents/workspaces/microros_ws/firmware/dev_ws/install/ament_pclint:/home/chittiv1113/Documents/workspaces/microros_ws/firmware/dev_ws/install/ament_package:/home/chittiv1113/Documents/workspaces/microros_ws/firmware/dev_ws/install/ament_mypy:/home/chittiv1113/Documents/workspaces/microros_ws/firmware/dev_ws/install/ament_lint_cmake:/home/chittiv1113/Documents/workspaces/microros_ws/firmware/dev_ws/install/ament_flake8:/home/chittiv1113/Documents/workspaces/microros_ws/firmware/dev_ws/install/ament_copyright:/home/chittiv1113/Documents/workspaces/microros_ws/firmware/dev_ws/install/ament_lint:/home/chittiv1113/Documents/workspaces/microros_ws/firmware/dev_ws/install/ament_index_python:/home/chittiv1113/Documents/workspaces/microros_ws/firmware/dev_ws/install/ament_cpplint:/home/chittiv1113/Documents/workspaces/microros_ws/firmware/dev_ws/install/ament_cppcheck:/home/chittiv1113/Documents/workspaces/microros_ws/firmware/dev_ws/install/ament_clang_tidy:/home/chittiv1113/Documents/workspaces/microros_ws/firmware/dev_ws/install/ament_clang_format PATH=/home/chittiv1113/Documents/workspaces/microros_ws/firmware/mcu_ws/install/bin:${PATH} PYTHONPATH=/home/chittiv1113/Documents/workspaces/microros_ws/firmware/mcu_ws/install/lib/python3.10/site-packages:${PYTHONPATH} /usr/bin/cmake /home/chittiv1113/Documents/workspaces/microros_ws/firmware/mcu_ws/ros2/rosidl/rosidl_adapter --no-warn-unused-cli -DCMAKE_POSITION_INDEPENDENT_CODE:BOOL=OFF -DTHIRDPARTY=ON -DBUILD_SHARED_LIBS=OFF -DBUILD_TESTING=OFF -DCMAKE_BUILD_TYPE=Debug -DCMAKE_TOOLCHAIN_FILE=/home/chittiv1113/Documents/workspaces/microros_ws/firmware/freertos_apps/microros_esp32_extensions/esp32_toolchain.cmake -DCMAKE_VERBOSE_MAKEFILE=ON -DCMAKE_INSTALL_PREFIX=/home/chittiv1113/Documents/workspaces/microros_ws/firmware/mcu_ws/install
[2.495s] Invoking command in '/home/chittiv1113/Documents/workspaces/microros_ws/firmware/mcu_ws/build/rosidl_adapter': AMENT_PREFIX_PATH=/home/chittiv1113/Documents/workspaces/microros_ws/firmware/mcu_ws/install:${AMENT_PREFIX_PATH} CMAKE_PREFIX_PATH=${CMAKE_PREFIX_PATH}:/home/chittiv1113/Documents/workspaces/microros_ws/firmware/dev_ws/install/ament_uncrustify:/home/chittiv1113/Documents/workspaces/microros_ws/firmware/dev_ws/install/domain_coordinator:/home/chittiv1113/Documents/workspaces/microros_ws/firmware/dev_ws/install/ament_xmllint:/home/chittiv1113/Documents/workspaces/microros_ws/firmware/dev_ws/install/ament_pyflakes:/home/chittiv1113/Documents/workspaces/microros_ws/firmware/dev_ws/install/ament_pycodestyle:/home/chittiv1113/Documents/workspaces/microros_ws/firmware/dev_ws/install/ament_pep257:/home/chittiv1113/Documents/workspaces/microros_ws/firmware/dev_ws/install/ament_pclint:/home/chittiv1113/Documents/workspaces/microros_ws/firmware/dev_ws/install/ament_package:/home/chittiv1113/Documents/workspaces/microros_ws/firmware/dev_ws/install/ament_mypy:/home/chittiv1113/Documents/workspaces/microros_ws/firmware/dev_ws/install/ament_lint_cmake:/home/chittiv1113/Documents/workspaces/microros_ws/firmware/dev_ws/install/ament_flake8:/home/chittiv1113/Documents/workspaces/microros_ws/firmware/dev_ws/install/ament_copyright:/home/chittiv1113/Documents/workspaces/microros_ws/firmware/dev_ws/install/ament_lint:/home/chittiv1113/Documents/workspaces/microros_ws/firmware/dev_ws/install/ament_index_python:/home/chittiv1113/Documents/workspaces/microros_ws/firmware/dev_ws/install/ament_cpplint:/home/chittiv1113/Documents/workspaces/microros_ws/firmware/dev_ws/install/ament_cppcheck:/home/chittiv1113/Documents/workspaces/microros_ws/firmware/dev_ws/install/ament_clang_tidy:/home/chittiv1113/Documents/workspaces/microros_ws/firmware/dev_ws/install/ament_clang_format PATH=/home/chittiv1113/Documents/workspaces/microros_ws/firmware/mcu_ws/install/bin:${PATH} PYTHONPATH=/home/chittiv1113/Documents/workspaces/microros_ws/firmware/mcu_ws/install/lib/python3.10/site-packages:${PYTHONPATH} /usr/bin/cmake --build /home/chittiv1113/Documents/workspaces/microros_ws/firmware/mcu_ws/build/rosidl_adapter -- -j4 -l4
[2.570s] gmake[4]: Entering directory '/home/chittiv1113/Documents/workspaces/microros_ws/firmware/mcu_ws/build/rosidl_adapter'
[2.570s] /usr/bin/cmake -S/home/chittiv1113/Documents/workspaces/microros_ws/firmware/mcu_ws/ros2/rosidl/rosidl_adapter -B/home/chittiv1113/Documents/workspaces/microros_ws/firmware/mcu_ws/build/rosidl_adapter --check-build-system CMakeFiles/Makefile.cmake 0
[2.624s] /usr/bin/cmake -E cmake_progress_start /home/chittiv1113/Documents/workspaces/microros_ws/firmware/mcu_ws/build/rosidl_adapter/CMakeFiles /home/chittiv1113/Documents/workspaces/microros_ws/firmware/mcu_ws/build/rosidl_adapter//CMakeFiles/progress.marks
[2.643s] /usr/bin/gmake  -f CMakeFiles/Makefile2 all
[2.648s] gmake[5]: Entering directory '/home/chittiv1113/Documents/workspaces/microros_ws/firmware/mcu_ws/build/rosidl_adapter'
[2.649s] /usr/bin/gmake  -f CMakeFiles/ament_cmake_python_copy_rosidl_adapter_setup.dir/build.make CMakeFiles/ament_cmake_python_copy_rosidl_adapter_setup.dir/depend
[2.655s] /usr/bin/gmake  -f CMakeFiles/ament_cmake_python_copy_rosidl_adapter.dir/build.make CMakeFiles/ament_cmake_python_copy_rosidl_adapter.dir/depend
[2.656s] gmake[6]: Entering directory '/home/chittiv1113/Documents/workspaces/microros_ws/firmware/mcu_ws/build/rosidl_adapter'
[2.656s] cd /home/chittiv1113/Documents/workspaces/microros_ws/firmware/mcu_ws/build/rosidl_adapter && /usr/bin/cmake -E cmake_depends "Unix Makefiles" /home/chittiv1113/Documents/workspaces/microros_ws/firmware/mcu_ws/ros2/rosidl/rosidl_adapter /home/chittiv1113/Documents/workspaces/microros_ws/firmware/mcu_ws/ros2/rosidl/rosidl_adapter /home/chittiv1113/Documents/workspaces/microros_ws/firmware/mcu_ws/build/rosidl_adapter /home/chittiv1113/Documents/workspaces/microros_ws/firmware/mcu_ws/build/rosidl_adapter /home/chittiv1113/Documents/workspaces/microros_ws/firmware/mcu_ws/build/rosidl_adapter/CMakeFiles/ament_cmake_python_copy_rosidl_adapter_setup.dir/DependInfo.cmake --color=
[2.669s] gmake[6]: Entering directory '/home/chittiv1113/Documents/workspaces/microros_ws/firmware/mcu_ws/build/rosidl_adapter'
[2.669s] cd /home/chittiv1113/Documents/workspaces/microros_ws/firmware/mcu_ws/build/rosidl_adapter && /usr/bin/cmake -E cmake_depends "Unix Makefiles" /home/chittiv1113/Documents/workspaces/microros_ws/firmware/mcu_ws/ros2/rosidl/rosidl_adapter /home/chittiv1113/Documents/workspaces/microros_ws/firmware/mcu_ws/ros2/rosidl/rosidl_adapter /home/chittiv1113/Documents/workspaces/microros_ws/firmware/mcu_ws/build/rosidl_adapter /home/chittiv1113/Documents/workspaces/microros_ws/firmware/mcu_ws/build/rosidl_adapter /home/chittiv1113/Documents/workspaces/microros_ws/firmware/mcu_ws/build/rosidl_adapter/CMakeFiles/ament_cmake_python_copy_rosidl_adapter.dir/DependInfo.cmake --color=
[2.740s] gmake[6]: Leaving directory '/home/chittiv1113/Documents/workspaces/microros_ws/firmware/mcu_ws/build/rosidl_adapter'
[2.742s] /usr/bin/gmake  -f CMakeFiles/ament_cmake_python_copy_rosidl_adapter.dir/build.make CMakeFiles/ament_cmake_python_copy_rosidl_adapter.dir/build
[2.759s] gmake[6]: Leaving directory '/home/chittiv1113/Documents/workspaces/microros_ws/firmware/mcu_ws/build/rosidl_adapter'
[2.760s] /usr/bin/gmake  -f CMakeFiles/ament_cmake_python_copy_rosidl_adapter_setup.dir/build.make CMakeFiles/ament_cmake_python_copy_rosidl_adapter_setup.dir/build
[2.760s] gmake[6]: Entering directory '/home/chittiv1113/Documents/workspaces/microros_ws/firmware/mcu_ws/build/rosidl_adapter'
[2.760s] /usr/bin/cmake -E copy_directory /home/chittiv1113/Documents/workspaces/microros_ws/firmware/mcu_ws/ros2/rosidl/rosidl_adapter/rosidl_adapter /home/chittiv1113/Documents/workspaces/microros_ws/firmware/mcu_ws/build/rosidl_adapter/ament_cmake_python/rosidl_adapter/rosidl_adapter
[2.772s] gmake[6]: Entering directory '/home/chittiv1113/Documents/workspaces/microros_ws/firmware/mcu_ws/build/rosidl_adapter'
[2.772s] /usr/bin/cmake -E copy /home/chittiv1113/Documents/workspaces/microros_ws/firmware/mcu_ws/ros2/rosidl/rosidl_adapter/setup.cfg /home/chittiv1113/Documents/workspaces/microros_ws/firmware/mcu_ws/build/rosidl_adapter/ament_cmake_python/rosidl_adapter/setup.cfg
[2.815s] gmake[6]: Leaving directory '/home/chittiv1113/Documents/workspaces/microros_ws/firmware/mcu_ws/build/rosidl_adapter'
[2.880s] gmake[6]: Leaving directory '/home/chittiv1113/Documents/workspaces/microros_ws/firmware/mcu_ws/build/rosidl_adapter'
[2.893s] Built target ament_cmake_python_copy_rosidl_adapter_setup
[2.916s] Built target ament_cmake_python_copy_rosidl_adapter
[2.916s] /usr/bin/gmake  -f CMakeFiles/ament_cmake_python_build_rosidl_adapter_egg.dir/build.make CMakeFiles/ament_cmake_python_build_rosidl_adapter_egg.dir/depend
[2.944s] gmake[6]: Entering directory '/home/chittiv1113/Documents/workspaces/microros_ws/firmware/mcu_ws/build/rosidl_adapter'
[2.944s] cd /home/chittiv1113/Documents/workspaces/microros_ws/firmware/mcu_ws/build/rosidl_adapter && /usr/bin/cmake -E cmake_depends "Unix Makefiles" /home/chittiv1113/Documents/workspaces/microros_ws/firmware/mcu_ws/ros2/rosidl/rosidl_adapter /home/chittiv1113/Documents/workspaces/microros_ws/firmware/mcu_ws/ros2/rosidl/rosidl_adapter /home/chittiv1113/Documents/workspaces/microros_ws/firmware/mcu_ws/build/rosidl_adapter /home/chittiv1113/Documents/workspaces/microros_ws/firmware/mcu_ws/build/rosidl_adapter /home/chittiv1113/Documents/workspaces/microros_ws/firmware/mcu_ws/build/rosidl_adapter/CMakeFiles/ament_cmake_python_build_rosidl_adapter_egg.dir/DependInfo.cmake --color=
[2.993s] gmake[6]: Leaving directory '/home/chittiv1113/Documents/workspaces/microros_ws/firmware/mcu_ws/build/rosidl_adapter'
[2.993s] /usr/bin/gmake  -f CMakeFiles/ament_cmake_python_build_rosidl_adapter_egg.dir/build.make CMakeFiles/ament_cmake_python_build_rosidl_adapter_egg.dir/build
[3.048s] gmake[6]: Entering directory '/home/chittiv1113/Documents/workspaces/microros_ws/firmware/mcu_ws/build/rosidl_adapter'
[3.048s] cd /home/chittiv1113/Documents/workspaces/microros_ws/firmware/mcu_ws/build/rosidl_adapter/ament_cmake_python/rosidl_adapter && /home/chittiv1113/Documents/workspaces/microros_ws/firmware/toolchain/espressif/python_env/idf4.1_py3.10_env/bin/python3.10 setup.py egg_info
[3.701s] running egg_info
[3.712s] creating rosidl_adapter.egg-info
[3.722s] writing rosidl_adapter.egg-info/PKG-INFO
[3.722s] writing dependency_links to rosidl_adapter.egg-info/dependency_links.txt
[3.723s] writing entry points to rosidl_adapter.egg-info/entry_points.txt
[3.724s] writing top-level names to rosidl_adapter.egg-info/top_level.txt
[3.724s] writing manifest file 'rosidl_adapter.egg-info/SOURCES.txt'
[3.743s] reading manifest file 'rosidl_adapter.egg-info/SOURCES.txt'
[3.744s] writing manifest file 'rosidl_adapter.egg-info/SOURCES.txt'
[3.854s] gmake[6]: Leaving directory '/home/chittiv1113/Documents/workspaces/microros_ws/firmware/mcu_ws/build/rosidl_adapter'
[3.923s] Built target ament_cmake_python_build_rosidl_adapter_egg
[3.926s] gmake[5]: Leaving directory '/home/chittiv1113/Documents/workspaces/microros_ws/firmware/mcu_ws/build/rosidl_adapter'
[3.927s] /usr/bin/cmake -E cmake_progress_start /home/chittiv1113/Documents/workspaces/microros_ws/firmware/mcu_ws/build/rosidl_adapter/CMakeFiles 0
[3.965s] gmake[4]: Leaving directory '/home/chittiv1113/Documents/workspaces/microros_ws/firmware/mcu_ws/build/rosidl_adapter'
[3.975s] Invoked command in '/home/chittiv1113/Documents/workspaces/microros_ws/firmware/mcu_ws/build/rosidl_adapter' returned '0': AMENT_PREFIX_PATH=/home/chittiv1113/Documents/workspaces/microros_ws/firmware/mcu_ws/install:${AMENT_PREFIX_PATH} CMAKE_PREFIX_PATH=${CMAKE_PREFIX_PATH}:/home/chittiv1113/Documents/workspaces/microros_ws/firmware/dev_ws/install/ament_uncrustify:/home/chittiv1113/Documents/workspaces/microros_ws/firmware/dev_ws/install/domain_coordinator:/home/chittiv1113/Documents/workspaces/microros_ws/firmware/dev_ws/install/ament_xmllint:/home/chittiv1113/Documents/workspaces/microros_ws/firmware/dev_ws/install/ament_pyflakes:/home/chittiv1113/Documents/workspaces/microros_ws/firmware/dev_ws/install/ament_pycodestyle:/home/chittiv1113/Documents/workspaces/microros_ws/firmware/dev_ws/install/ament_pep257:/home/chittiv1113/Documents/workspaces/microros_ws/firmware/dev_ws/install/ament_pclint:/home/chittiv1113/Documents/workspaces/microros_ws/firmware/dev_ws/install/ament_package:/home/chittiv1113/Documents/workspaces/microros_ws/firmware/dev_ws/install/ament_mypy:/home/chittiv1113/Documents/workspaces/microros_ws/firmware/dev_ws/install/ament_lint_cmake:/home/chittiv1113/Documents/workspaces/microros_ws/firmware/dev_ws/install/ament_flake8:/home/chittiv1113/Documents/workspaces/microros_ws/firmware/dev_ws/install/ament_copyright:/home/chittiv1113/Documents/workspaces/microros_ws/firmware/dev_ws/install/ament_lint:/home/chittiv1113/Documents/workspaces/microros_ws/firmware/dev_ws/install/ament_index_python:/home/chittiv1113/Documents/workspaces/microros_ws/firmware/dev_ws/install/ament_cpplint:/home/chittiv1113/Documents/workspaces/microros_ws/firmware/dev_ws/install/ament_cppcheck:/home/chittiv1113/Documents/workspaces/microros_ws/firmware/dev_ws/install/ament_clang_tidy:/home/chittiv1113/Documents/workspaces/microros_ws/firmware/dev_ws/install/ament_clang_format PATH=/home/chittiv1113/Documents/workspaces/microros_ws/firmware/mcu_ws/install/bin:${PATH} PYTHONPATH=/home/chittiv1113/Documents/workspaces/microros_ws/firmware/mcu_ws/install/lib/python3.10/site-packages:${PYTHONPATH} /usr/bin/cmake --build /home/chittiv1113/Documents/workspaces/microros_ws/firmware/mcu_ws/build/rosidl_adapter -- -j4 -l4
[4.200s] Invoking command in '/home/chittiv1113/Documents/workspaces/microros_ws/firmware/mcu_ws/build/rosidl_adapter': AMENT_PREFIX_PATH=/home/chittiv1113/Documents/workspaces/microros_ws/firmware/mcu_ws/install:${AMENT_PREFIX_PATH} CMAKE_PREFIX_PATH=${CMAKE_PREFIX_PATH}:/home/chittiv1113/Documents/workspaces/microros_ws/firmware/dev_ws/install/ament_uncrustify:/home/chittiv1113/Documents/workspaces/microros_ws/firmware/dev_ws/install/domain_coordinator:/home/chittiv1113/Documents/workspaces/microros_ws/firmware/dev_ws/install/ament_xmllint:/home/chittiv1113/Documents/workspaces/microros_ws/firmware/dev_ws/install/ament_pyflakes:/home/chittiv1113/Documents/workspaces/microros_ws/firmware/dev_ws/install/ament_pycodestyle:/home/chittiv1113/Documents/workspaces/microros_ws/firmware/dev_ws/install/ament_pep257:/home/chittiv1113/Documents/workspaces/microros_ws/firmware/dev_ws/install/ament_pclint:/home/chittiv1113/Documents/workspaces/microros_ws/firmware/dev_ws/install/ament_package:/home/chittiv1113/Documents/workspaces/microros_ws/firmware/dev_ws/install/ament_mypy:/home/chittiv1113/Documents/workspaces/microros_ws/firmware/dev_ws/install/ament_lint_cmake:/home/chittiv1113/Documents/workspaces/microros_ws/firmware/dev_ws/install/ament_flake8:/home/chittiv1113/Documents/workspaces/microros_ws/firmware/dev_ws/install/ament_copyright:/home/chittiv1113/Documents/workspaces/microros_ws/firmware/dev_ws/install/ament_lint:/home/chittiv1113/Documents/workspaces/microros_ws/firmware/dev_ws/install/ament_index_python:/home/chittiv1113/Documents/workspaces/microros_ws/firmware/dev_ws/install/ament_cpplint:/home/chittiv1113/Documents/workspaces/microros_ws/firmware/dev_ws/install/ament_cppcheck:/home/chittiv1113/Documents/workspaces/microros_ws/firmware/dev_ws/install/ament_clang_tidy:/home/chittiv1113/Documents/workspaces/microros_ws/firmware/dev_ws/install/ament_clang_format PATH=/home/chittiv1113/Documents/workspaces/microros_ws/firmware/mcu_ws/install/bin:${PATH} PYTHONPATH=/home/chittiv1113/Documents/workspaces/microros_ws/firmware/mcu_ws/install/lib/python3.10/site-packages:${PYTHONPATH} /usr/bin/cmake --install /home/chittiv1113/Documents/workspaces/microros_ws/firmware/mcu_ws/build/rosidl_adapter
[4.263s] -- Install configuration: "Debug"
[4.263s] -- Installing: /home/chittiv1113/Documents/workspaces/microros_ws/firmware/mcu_ws/install/share/rosidl_adapter/environment/pythonpath.sh
[4.263s] -- Installing: /home/chittiv1113/Documents/workspaces/microros_ws/firmware/mcu_ws/install/share/rosidl_adapter/environment/pythonpath.dsv
[4.265s] -- Installing: /home/chittiv1113/Documents/workspaces/microros_ws/firmware/mcu_ws/install/lib/python3.10/site-packages/rosidl_adapter-3.1.4-py3.10.egg-info
[4.265s] -- Installing: /home/chittiv1113/Documents/workspaces/microros_ws/firmware/mcu_ws/install/lib/python3.10/site-packages/rosidl_adapter-3.1.4-py3.10.egg-info/top_level.txt
[4.266s] -- Installing: /home/chittiv1113/Documents/workspaces/microros_ws/firmware/mcu_ws/install/lib/python3.10/site-packages/rosidl_adapter-3.1.4-py3.10.egg-info/dependency_links.txt
[4.267s] -- Installing: /home/chittiv1113/Documents/workspaces/microros_ws/firmware/mcu_ws/install/lib/python3.10/site-packages/rosidl_adapter-3.1.4-py3.10.egg-info/PKG-INFO
[4.268s] -- Installing: /home/chittiv1113/Documents/workspaces/microros_ws/firmware/mcu_ws/install/lib/python3.10/site-packages/rosidl_adapter-3.1.4-py3.10.egg-info/entry_points.txt
[4.269s] -- Installing: /home/chittiv1113/Documents/workspaces/microros_ws/firmware/mcu_ws/install/lib/python3.10/site-packages/rosidl_adapter-3.1.4-py3.10.egg-info/SOURCES.txt
[4.270s] -- Installing: /home/chittiv1113/Documents/workspaces/microros_ws/firmware/mcu_ws/install/lib/python3.10/site-packages/rosidl_adapter
[4.271s] -- Installing: /home/chittiv1113/Documents/workspaces/microros_ws/firmware/mcu_ws/install/lib/python3.10/site-packages/rosidl_adapter/srv
[4.271s] -- Installing: /home/chittiv1113/Documents/workspaces/microros_ws/firmware/mcu_ws/install/lib/python3.10/site-packages/rosidl_adapter/srv/__init__.py
[4.271s] -- Installing: /home/chittiv1113/Documents/workspaces/microros_ws/firmware/mcu_ws/install/lib/python3.10/site-packages/rosidl_adapter/__main__.py
[4.275s] -- Installing: /home/chittiv1113/Documents/workspaces/microros_ws/firmware/mcu_ws/install/lib/python3.10/site-packages/rosidl_adapter/cli.py
[4.275s] -- Installing: /home/chittiv1113/Documents/workspaces/microros_ws/firmware/mcu_ws/install/lib/python3.10/site-packages/rosidl_adapter/parser.py
[4.282s] -- Installing: /home/chittiv1113/Documents/workspaces/microros_ws/firmware/mcu_ws/install/lib/python3.10/site-packages/rosidl_adapter/action
[4.283s] -- Installing: /home/chittiv1113/Documents/workspaces/microros_ws/firmware/mcu_ws/install/lib/python3.10/site-packages/rosidl_adapter/action/__init__.py
[4.283s] -- Installing: /home/chittiv1113/Documents/workspaces/microros_ws/firmware/mcu_ws/install/lib/python3.10/site-packages/rosidl_adapter/resource
[4.283s] -- Installing: /home/chittiv1113/Documents/workspaces/microros_ws/firmware/mcu_ws/install/lib/python3.10/site-packages/rosidl_adapter/resource/srv.idl.em
[4.283s] -- Installing: /home/chittiv1113/Documents/workspaces/microros_ws/firmware/mcu_ws/install/lib/python3.10/site-packages/rosidl_adapter/resource/struct.idl.em
[4.283s] -- Installing: /home/chittiv1113/Documents/workspaces/microros_ws/firmware/mcu_ws/install/lib/python3.10/site-packages/rosidl_adapter/resource/action.idl.em
[4.283s] -- Installing: /home/chittiv1113/Documents/workspaces/microros_ws/firmware/mcu_ws/install/lib/python3.10/site-packages/rosidl_adapter/resource/__init__.py
[4.283s] -- Installing: /home/chittiv1113/Documents/workspaces/microros_ws/firmware/mcu_ws/install/lib/python3.10/site-packages/rosidl_adapter/resource/msg.idl.em
[4.283s] -- Installing: /home/chittiv1113/Documents/workspaces/microros_ws/firmware/mcu_ws/install/lib/python3.10/site-packages/rosidl_adapter/msg
[4.284s] -- Installing: /home/chittiv1113/Documents/workspaces/microros_ws/firmware/mcu_ws/install/lib/python3.10/site-packages/rosidl_adapter/msg/__init__.py
[4.284s] -- Installing: /home/chittiv1113/Documents/workspaces/microros_ws/firmware/mcu_ws/install/lib/python3.10/site-packages/rosidl_adapter/__init__.py
[4.284s] -- Installing: /home/chittiv1113/Documents/workspaces/microros_ws/firmware/mcu_ws/install/lib/python3.10/site-packages/rosidl_adapter/main.py
[4.591s] Listing '/home/chittiv1113/Documents/workspaces/microros_ws/firmware/mcu_ws/install/lib/python3.10/site-packages/rosidl_adapter'...
[4.592s] Compiling '/home/chittiv1113/Documents/workspaces/microros_ws/firmware/mcu_ws/install/lib/python3.10/site-packages/rosidl_adapter/__init__.py'...
[4.592s] Compiling '/home/chittiv1113/Documents/workspaces/microros_ws/firmware/mcu_ws/install/lib/python3.10/site-packages/rosidl_adapter/__main__.py'...
[4.592s] Listing '/home/chittiv1113/Documents/workspaces/microros_ws/firmware/mcu_ws/install/lib/python3.10/site-packages/rosidl_adapter/action'...
[4.593s] Compiling '/home/chittiv1113/Documents/workspaces/microros_ws/firmware/mcu_ws/install/lib/python3.10/site-packages/rosidl_adapter/action/__init__.py'...
[4.594s] Compiling '/home/chittiv1113/Documents/workspaces/microros_ws/firmware/mcu_ws/install/lib/python3.10/site-packages/rosidl_adapter/cli.py'...
[4.623s] Compiling '/home/chittiv1113/Documents/workspaces/microros_ws/firmware/mcu_ws/install/lib/python3.10/site-packages/rosidl_adapter/main.py'...
[4.630s] Listing '/home/chittiv1113/Documents/workspaces/microros_ws/firmware/mcu_ws/install/lib/python3.10/site-packages/rosidl_adapter/msg'...
[4.630s] Compiling '/home/chittiv1113/Documents/workspaces/microros_ws/firmware/mcu_ws/install/lib/python3.10/site-packages/rosidl_adapter/msg/__init__.py'...
[4.630s] Compiling '/home/chittiv1113/Documents/workspaces/microros_ws/firmware/mcu_ws/install/lib/python3.10/site-packages/rosidl_adapter/parser.py'...
[4.630s] Listing '/home/chittiv1113/Documents/workspaces/microros_ws/firmware/mcu_ws/install/lib/python3.10/site-packages/rosidl_adapter/resource'...
[4.630s] Compiling '/home/chittiv1113/Documents/workspaces/microros_ws/firmware/mcu_ws/install/lib/python3.10/site-packages/rosidl_adapter/resource/__init__.py'...
[4.630s] Listing '/home/chittiv1113/Documents/workspaces/microros_ws/firmware/mcu_ws/install/lib/python3.10/site-packages/rosidl_adapter/srv'...
[4.630s] Compiling '/home/chittiv1113/Documents/workspaces/microros_ws/firmware/mcu_ws/install/lib/python3.10/site-packages/rosidl_adapter/srv/__init__.py'...
[4.631s] -- Installing: /home/chittiv1113/Documents/workspaces/microros_ws/firmware/mcu_ws/install/share/ament_index/resource_index/package_run_dependencies/rosidl_adapter
[4.631s] -- Installing: /home/chittiv1113/Documents/workspaces/microros_ws/firmware/mcu_ws/install/share/ament_index/resource_index/parent_prefix_path/rosidl_adapter
[4.631s] -- Installing: /home/chittiv1113/Documents/workspaces/microros_ws/firmware/mcu_ws/install/share/rosidl_adapter/environment/ament_prefix_path.sh
[4.631s] -- Installing: /home/chittiv1113/Documents/workspaces/microros_ws/firmware/mcu_ws/install/share/rosidl_adapter/environment/ament_prefix_path.dsv
[4.631s] -- Installing: /home/chittiv1113/Documents/workspaces/microros_ws/firmware/mcu_ws/install/share/rosidl_adapter/environment/path.sh
[4.631s] -- Installing: /home/chittiv1113/Documents/workspaces/microros_ws/firmware/mcu_ws/install/share/rosidl_adapter/environment/path.dsv
[4.631s] -- Installing: /home/chittiv1113/Documents/workspaces/microros_ws/firmware/mcu_ws/install/share/rosidl_adapter/local_setup.bash
[4.631s] -- Installing: /home/chittiv1113/Documents/workspaces/microros_ws/firmware/mcu_ws/install/share/rosidl_adapter/local_setup.sh
[4.631s] -- Installing: /home/chittiv1113/Documents/workspaces/microros_ws/firmware/mcu_ws/install/share/rosidl_adapter/local_setup.zsh
[4.631s] -- Installing: /home/chittiv1113/Documents/workspaces/microros_ws/firmware/mcu_ws/install/share/rosidl_adapter/local_setup.dsv
[4.631s] -- Installing: /home/chittiv1113/Documents/workspaces/microros_ws/firmware/mcu_ws/install/share/rosidl_adapter/package.dsv
[4.631s] -- Installing: /home/chittiv1113/Documents/workspaces/microros_ws/firmware/mcu_ws/install/share/ament_index/resource_index/packages/rosidl_adapter
[4.631s] -- Installing: /home/chittiv1113/Documents/workspaces/microros_ws/firmware/mcu_ws/install/share/rosidl_adapter/cmake/rosidl_adapter-extras.cmake
[4.631s] -- Installing: /home/chittiv1113/Documents/workspaces/microros_ws/firmware/mcu_ws/install/share/rosidl_adapter/cmake/rosidl_adapterConfig.cmake
[4.632s] -- Installing: /home/chittiv1113/Documents/workspaces/microros_ws/firmware/mcu_ws/install/share/rosidl_adapter/cmake/rosidl_adapterConfig-version.cmake
[4.632s] -- Installing: /home/chittiv1113/Documents/workspaces/microros_ws/firmware/mcu_ws/install/share/rosidl_adapter/package.xml
[4.632s] -- Up-to-date: /home/chittiv1113/Documents/workspaces/microros_ws/firmware/mcu_ws/install/share/rosidl_adapter/cmake
[4.632s] -- Installing: /home/chittiv1113/Documents/workspaces/microros_ws/firmware/mcu_ws/install/share/rosidl_adapter/cmake/rosidl_adapt_interfaces.cmake
[4.632s] -- Installing: /home/chittiv1113/Documents/workspaces/microros_ws/firmware/mcu_ws/install/lib/rosidl_adapter/msg2idl.py
[4.635s] -- Installing: /home/chittiv1113/Documents/workspaces/microros_ws/firmware/mcu_ws/install/lib/rosidl_adapter/srv2idl.py
[4.635s] Invoked command in '/home/chittiv1113/Documents/workspaces/microros_ws/firmware/mcu_ws/build/rosidl_adapter' returned '0': AMENT_PREFIX_PATH=/home/chittiv1113/Documents/workspaces/microros_ws/firmware/mcu_ws/install:${AMENT_PREFIX_PATH} CMAKE_PREFIX_PATH=${CMAKE_PREFIX_PATH}:/home/chittiv1113/Documents/workspaces/microros_ws/firmware/dev_ws/install/ament_uncrustify:/home/chittiv1113/Documents/workspaces/microros_ws/firmware/dev_ws/install/domain_coordinator:/home/chittiv1113/Documents/workspaces/microros_ws/firmware/dev_ws/install/ament_xmllint:/home/chittiv1113/Documents/workspaces/microros_ws/firmware/dev_ws/install/ament_pyflakes:/home/chittiv1113/Documents/workspaces/microros_ws/firmware/dev_ws/install/ament_pycodestyle:/home/chittiv1113/Documents/workspaces/microros_ws/firmware/dev_ws/install/ament_pep257:/home/chittiv1113/Documents/workspaces/microros_ws/firmware/dev_ws/install/ament_pclint:/home/chittiv1113/Documents/workspaces/microros_ws/firmware/dev_ws/install/ament_package:/home/chittiv1113/Documents/workspaces/microros_ws/firmware/dev_ws/install/ament_mypy:/home/chittiv1113/Documents/workspaces/microros_ws/firmware/dev_ws/install/ament_lint_cmake:/home/chittiv1113/Documents/workspaces/microros_ws/firmware/dev_ws/install/ament_flake8:/home/chittiv1113/Documents/workspaces/microros_ws/firmware/dev_ws/install/ament_copyright:/home/chittiv1113/Documents/workspaces/microros_ws/firmware/dev_ws/install/ament_lint:/home/chittiv1113/Documents/workspaces/microros_ws/firmware/dev_ws/install/ament_index_python:/home/chittiv1113/Documents/workspaces/microros_ws/firmware/dev_ws/install/ament_cpplint:/home/chittiv1113/Documents/workspaces/microros_ws/firmware/dev_ws/install/ament_cppcheck:/home/chittiv1113/Documents/workspaces/microros_ws/firmware/dev_ws/install/ament_clang_tidy:/home/chittiv1113/Documents/workspaces/microros_ws/firmware/dev_ws/install/ament_clang_format PATH=/home/chittiv1113/Documents/workspaces/microros_ws/firmware/mcu_ws/install/bin:${PATH} PYTHONPATH=/home/chittiv1113/Documents/workspaces/microros_ws/firmware/mcu_ws/install/lib/python3.10/site-packages:${PYTHONPATH} /usr/bin/cmake --install /home/chittiv1113/Documents/workspaces/microros_ws/firmware/mcu_ws/build/rosidl_adapter
