[2.389s] Invoking command in '/home/chittiv1113/Documents/workspaces/publisher_ws/src/py_pubsub': PYTHONPATH=/home/chittiv1113/Documents/workspaces/publisher_ws/build/py_pubsub/prefix_override:/home/chittiv1113/Documents/workspaces/publisher_ws/install/py_pubsub/lib/python3.10/site-packages:${PYTHONPATH} /usr/bin/python3 setup.py egg_info --egg-base ../../build/py_pubsub build --build-base /home/chittiv1113/Documents/workspaces/publisher_ws/build/py_pubsub/build install --record /home/chittiv1113/Documents/workspaces/publisher_ws/build/py_pubsub/install.log --single-version-externally-managed
[2.840s] running egg_info
[2.844s] writing ../../build/py_pubsub/py_pubsub.egg-info/PKG-INFO
[2.847s] writing dependency_links to ../../build/py_pubsub/py_pubsub.egg-info/dependency_links.txt
[2.848s] writing entry points to ../../build/py_pubsub/py_pubsub.egg-info/entry_points.txt
[2.849s] writing requirements to ../../build/py_pubsub/py_pubsub.egg-info/requires.txt
[2.849s] writing top-level names to ../../build/py_pubsub/py_pubsub.egg-info/top_level.txt
[2.855s] reading manifest file '../../build/py_pubsub/py_pubsub.egg-info/SOURCES.txt'
[2.857s] writing manifest file '../../build/py_pubsub/py_pubsub.egg-info/SOURCES.txt'
[2.857s] running build
[2.858s] running build_py
[2.860s] copying py_pubsub/publisher_member_function.py -> /home/chittiv1113/Documents/workspaces/publisher_ws/build/py_pubsub/build/lib/py_pubsub
[2.863s] copying py_pubsub/subscriber_member_function.py -> /home/chittiv1113/Documents/workspaces/publisher_ws/build/py_pubsub/build/lib/py_pubsub
[2.865s] running install
[2.867s] /usr/lib/python3/dist-packages/setuptools/command/install.py:34: SetuptoolsDeprecationWarning: setup.py install is deprecated. Use build and pip and other standards-based tools.
[2.867s]   warnings.warn(
[2.867s] running install_lib
[2.869s] copying /home/chittiv1113/Documents/workspaces/publisher_ws/build/py_pubsub/build/lib/py_pubsub/publisher_member_function.py -> /home/chittiv1113/Documents/workspaces/publisher_ws/install/py_pubsub/lib/python3.10/site-packages/py_pubsub
[2.869s] copying /home/chittiv1113/Documents/workspaces/publisher_ws/build/py_pubsub/build/lib/py_pubsub/subscriber_member_function.py -> /home/chittiv1113/Documents/workspaces/publisher_ws/install/py_pubsub/lib/python3.10/site-packages/py_pubsub
[2.871s] byte-compiling /home/chittiv1113/Documents/workspaces/publisher_ws/install/py_pubsub/lib/python3.10/site-packages/py_pubsub/publisher_member_function.py to publisher_member_function.cpython-310.pyc
[2.872s] byte-compiling /home/chittiv1113/Documents/workspaces/publisher_ws/install/py_pubsub/lib/python3.10/site-packages/py_pubsub/subscriber_member_function.py to subscriber_member_function.cpython-310.pyc
[2.873s] running install_data
[2.875s] running install_egg_info
[2.876s] removing '/home/chittiv1113/Documents/workspaces/publisher_ws/install/py_pubsub/lib/python3.10/site-packages/py_pubsub-0.0.0-py3.10.egg-info' (and everything under it)
[2.877s] Copying ../../build/py_pubsub/py_pubsub.egg-info to /home/chittiv1113/Documents/workspaces/publisher_ws/install/py_pubsub/lib/python3.10/site-packages/py_pubsub-0.0.0-py3.10.egg-info
[2.879s] running install_scripts
[2.929s] Installing listener script to /home/chittiv1113/Documents/workspaces/publisher_ws/install/py_pubsub/lib/py_pubsub
[2.944s] Installing talker script to /home/chittiv1113/Documents/workspaces/publisher_ws/install/py_pubsub/lib/py_pubsub
[2.947s] writing list of installed files to '/home/chittiv1113/Documents/workspaces/publisher_ws/build/py_pubsub/install.log'
[3.036s] Invoked command in '/home/chittiv1113/Documents/workspaces/publisher_ws/src/py_pubsub' returned '0': PYTHONPATH=/home/chittiv1113/Documents/workspaces/publisher_ws/build/py_pubsub/prefix_override:/home/chittiv1113/Documents/workspaces/publisher_ws/install/py_pubsub/lib/python3.10/site-packages:${PYTHONPATH} /usr/bin/python3 setup.py egg_info --egg-base ../../build/py_pubsub build --build-base /home/chittiv1113/Documents/workspaces/publisher_ws/build/py_pubsub/build install --record /home/chittiv1113/Documents/workspaces/publisher_ws/build/py_pubsub/install.log --single-version-externally-managed
