[2.126s] Invoking command in '/home/chittiv1113/Documents/workspaces/microros_ws/firmware/mcu_ws/uros/tracetools/ros2trace': AMENT_PREFIX_PATH=/home/chittiv1113/Documents/workspaces/microros_ws/firmware/mcu_ws/install:${AMENT_PREFIX_PATH} CMAKE_PREFIX_PATH=/home/chittiv1113/Documents/workspaces/microros_ws/firmware/mcu_ws/install:${CMAKE_PREFIX_PATH} PATH=/home/chittiv1113/Documents/workspaces/microros_ws/firmware/mcu_ws/install/bin:${PATH} PYTHONPATH=/home/chittiv1113/Documents/workspaces/microros_ws/firmware/mcu_ws/build/ros2trace/prefix_override:/home/chittiv1113/Documents/workspaces/microros_ws/firmware/mcu_ws/install/lib/python3.10/site-packages:/home/chittiv1113/Documents/workspaces/microros_ws/firmware/mcu_ws/install/lib/python3.10/site-packages:${PYTHONPATH} /usr/bin/python3 setup.py egg_info --egg-base ../../../build/ros2trace build --build-base /home/chittiv1113/Documents/workspaces/microros_ws/firmware/mcu_ws/build/ros2trace/build install --record /home/chittiv1113/Documents/workspaces/microros_ws/firmware/mcu_ws/build/ros2trace/install.log --single-version-externally-managed
[2.577s] running egg_info
[2.578s] writing ../../../build/ros2trace/ros2trace.egg-info/PKG-INFO
[2.579s] writing dependency_links to ../../../build/ros2trace/ros2trace.egg-info/dependency_links.txt
[2.580s] writing entry points to ../../../build/ros2trace/ros2trace.egg-info/entry_points.txt
[2.581s] writing requirements to ../../../build/ros2trace/ros2trace.egg-info/requires.txt
[2.582s] writing top-level names to ../../../build/ros2trace/ros2trace.egg-info/top_level.txt
[2.597s] reading manifest file '../../../build/ros2trace/ros2trace.egg-info/SOURCES.txt'
[2.598s] /usr/lib/python3/dist-packages/setuptools/command/install.py:34: SetuptoolsDeprecationWarning: setup.py install is deprecated. Use build and pip and other standards-based tools.
[2.598s]   warnings.warn(
[2.598s] writing manifest file '../../../build/ros2trace/ros2trace.egg-info/SOURCES.txt'
[2.598s] running build
[2.598s] running build_py
[2.598s] running install
[2.598s] running install_lib
[2.622s] running install_data
[2.622s] running install_egg_info
[2.622s] removing '/home/chittiv1113/Documents/workspaces/microros_ws/firmware/mcu_ws/install/lib/python3.10/site-packages/ros2trace-4.1.1-py3.10.egg-info' (and everything under it)
[2.622s] Copying ../../../build/ros2trace/ros2trace.egg-info to /home/chittiv1113/Documents/workspaces/microros_ws/firmware/mcu_ws/install/lib/python3.10/site-packages/ros2trace-4.1.1-py3.10.egg-info
[2.622s] running install_scripts
[2.667s] writing list of installed files to '/home/chittiv1113/Documents/workspaces/microros_ws/firmware/mcu_ws/build/ros2trace/install.log'
[2.724s] Invoked command in '/home/chittiv1113/Documents/workspaces/microros_ws/firmware/mcu_ws/uros/tracetools/ros2trace' returned '0': AMENT_PREFIX_PATH=/home/chittiv1113/Documents/workspaces/microros_ws/firmware/mcu_ws/install:${AMENT_PREFIX_PATH} CMAKE_PREFIX_PATH=/home/chittiv1113/Documents/workspaces/microros_ws/firmware/mcu_ws/install:${CMAKE_PREFIX_PATH} PATH=/home/chittiv1113/Documents/workspaces/microros_ws/firmware/mcu_ws/install/bin:${PATH} PYTHONPATH=/home/chittiv1113/Documents/workspaces/microros_ws/firmware/mcu_ws/build/ros2trace/prefix_override:/home/chittiv1113/Documents/workspaces/microros_ws/firmware/mcu_ws/install/lib/python3.10/site-packages:/home/chittiv1113/Documents/workspaces/microros_ws/firmware/mcu_ws/install/lib/python3.10/site-packages:${PYTHONPATH} /usr/bin/python3 setup.py egg_info --egg-base ../../../build/ros2trace build --build-base /home/chittiv1113/Documents/workspaces/microros_ws/firmware/mcu_ws/build/ros2trace/build install --record /home/chittiv1113/Documents/workspaces/microros_ws/firmware/mcu_ws/build/ros2trace/install.log --single-version-externally-managed
