[1.255s] Invoking command in '/home/chittiv1113/Documents/workspaces/publisher_ws/src/py_pubsub': PYTHONPATH=/home/chittiv1113/Documents/workspaces/publisher_ws/build/py_pubsub/prefix_override:/home/chittiv1113/Documents/workspaces/publisher_ws/install/py_pubsub/lib/python3.10/site-packages:${PYTHONPATH} /usr/bin/python3 setup.py egg_info --egg-base ../../build/py_pubsub build --build-base /home/chittiv1113/Documents/workspaces/publisher_ws/build/py_pubsub/build install --record /home/chittiv1113/Documents/workspaces/publisher_ws/build/py_pubsub/install.log --single-version-externally-managed
[1.603s] running egg_info
[1.604s] creating ../../build/py_pubsub/py_pubsub.egg-info
[1.604s] writing ../../build/py_pubsub/py_pubsub.egg-info/PKG-INFO
[1.604s] writing dependency_links to ../../build/py_pubsub/py_pubsub.egg-info/dependency_links.txt
[1.605s] writing entry points to ../../build/py_pubsub/py_pubsub.egg-info/entry_points.txt
[1.605s] writing requirements to ../../build/py_pubsub/py_pubsub.egg-info/requires.txt
[1.605s] writing top-level names to ../../build/py_pubsub/py_pubsub.egg-info/top_level.txt
[1.605s] writing manifest file '../../build/py_pubsub/py_pubsub.egg-info/SOURCES.txt'
[1.631s] reading manifest file '../../build/py_pubsub/py_pubsub.egg-info/SOURCES.txt'
[1.632s] writing manifest file '../../build/py_pubsub/py_pubsub.egg-info/SOURCES.txt'
[1.633s] running build
[1.633s] running build_py
[1.634s] creating /home/chittiv1113/Documents/workspaces/publisher_ws/build/py_pubsub/build
[1.634s] creating /home/chittiv1113/Documents/workspaces/publisher_ws/build/py_pubsub/build/lib
[1.637s] creating /home/chittiv1113/Documents/workspaces/publisher_ws/build/py_pubsub/build/lib/py_pubsub
[1.637s] copying py_pubsub/publisher_member_function.py -> /home/chittiv1113/Documents/workspaces/publisher_ws/build/py_pubsub/build/lib/py_pubsub
[1.638s] copying py_pubsub/subscriber_member_function.py -> /home/chittiv1113/Documents/workspaces/publisher_ws/build/py_pubsub/build/lib/py_pubsub
[1.638s] copying py_pubsub/__init__.py -> /home/chittiv1113/Documents/workspaces/publisher_ws/build/py_pubsub/build/lib/py_pubsub
[1.639s] running install
[1.639s] /usr/lib/python3/dist-packages/setuptools/command/install.py:34: SetuptoolsDeprecationWarning: setup.py install is deprecated. Use build and pip and other standards-based tools.
[1.639s]   warnings.warn(
[1.640s] running install_lib
[1.640s] creating /home/chittiv1113/Documents/workspaces/publisher_ws/install/py_pubsub/lib/python3.10/site-packages/py_pubsub
[1.640s] copying /home/chittiv1113/Documents/workspaces/publisher_ws/build/py_pubsub/build/lib/py_pubsub/publisher_member_function.py -> /home/chittiv1113/Documents/workspaces/publisher_ws/install/py_pubsub/lib/python3.10/site-packages/py_pubsub
[1.641s] copying /home/chittiv1113/Documents/workspaces/publisher_ws/build/py_pubsub/build/lib/py_pubsub/subscriber_member_function.py -> /home/chittiv1113/Documents/workspaces/publisher_ws/install/py_pubsub/lib/python3.10/site-packages/py_pubsub
[1.641s] copying /home/chittiv1113/Documents/workspaces/publisher_ws/build/py_pubsub/build/lib/py_pubsub/__init__.py -> /home/chittiv1113/Documents/workspaces/publisher_ws/install/py_pubsub/lib/python3.10/site-packages/py_pubsub
[1.641s] byte-compiling /home/chittiv1113/Documents/workspaces/publisher_ws/install/py_pubsub/lib/python3.10/site-packages/py_pubsub/publisher_member_function.py to publisher_member_function.cpython-310.pyc
[1.642s] byte-compiling /home/chittiv1113/Documents/workspaces/publisher_ws/install/py_pubsub/lib/python3.10/site-packages/py_pubsub/subscriber_member_function.py to subscriber_member_function.cpython-310.pyc
[1.642s] byte-compiling /home/chittiv1113/Documents/workspaces/publisher_ws/install/py_pubsub/lib/python3.10/site-packages/py_pubsub/__init__.py to __init__.cpython-310.pyc
[1.642s] running install_data
[1.643s] creating /home/chittiv1113/Documents/workspaces/publisher_ws/install/py_pubsub/share/ament_index
[1.643s] creating /home/chittiv1113/Documents/workspaces/publisher_ws/install/py_pubsub/share/ament_index/resource_index
[1.643s] creating /home/chittiv1113/Documents/workspaces/publisher_ws/install/py_pubsub/share/ament_index/resource_index/packages
[1.644s] copying resource/py_pubsub -> /home/chittiv1113/Documents/workspaces/publisher_ws/install/py_pubsub/share/ament_index/resource_index/packages
[1.644s] copying package.xml -> /home/chittiv1113/Documents/workspaces/publisher_ws/install/py_pubsub/share/py_pubsub
[1.644s] running install_egg_info
[1.646s] Copying ../../build/py_pubsub/py_pubsub.egg-info to /home/chittiv1113/Documents/workspaces/publisher_ws/install/py_pubsub/lib/python3.10/site-packages/py_pubsub-0.0.0-py3.10.egg-info
[1.647s] running install_scripts
[1.676s] Installing listener script to /home/chittiv1113/Documents/workspaces/publisher_ws/install/py_pubsub/lib/py_pubsub
[1.685s] Installing talker script to /home/chittiv1113/Documents/workspaces/publisher_ws/install/py_pubsub/lib/py_pubsub
[1.685s] writing list of installed files to '/home/chittiv1113/Documents/workspaces/publisher_ws/build/py_pubsub/install.log'
[1.744s] Invoked command in '/home/chittiv1113/Documents/workspaces/publisher_ws/src/py_pubsub' returned '0': PYTHONPATH=/home/chittiv1113/Documents/workspaces/publisher_ws/build/py_pubsub/prefix_override:/home/chittiv1113/Documents/workspaces/publisher_ws/install/py_pubsub/lib/python3.10/site-packages:${PYTHONPATH} /usr/bin/python3 setup.py egg_info --egg-base ../../build/py_pubsub build --build-base /home/chittiv1113/Documents/workspaces/publisher_ws/build/py_pubsub/build install --record /home/chittiv1113/Documents/workspaces/publisher_ws/build/py_pubsub/install.log --single-version-externally-managed
