[0.025s] Invoking command in '/home/chittiv1113/Documents/workspaces/microros_ws/build/micro_ros_msgs': CMAKE_PREFIX_PATH=${CMAKE_PREFIX_PATH}:/opt/ros/humble /usr/bin/cmake /home/chittiv1113/Documents/workspaces/microros_ws/src/uros/micro_ros_msgs -DUAGENT_BUILD_EXECUTABLE=OFF -DUAGENT_P2P_PROFILE=OFF --no-warn-unused-cli -DCMAKE_INSTALL_PREFIX=/home/chittiv1113/Documents/workspaces/microros_ws/install/micro_ros_msgs
[0.082s] Not searching for unused variables given on the command line.
[0.741s] -- The C compiler identification is GNU 11.3.0
[1.142s] -- The CXX compiler identification is GNU 11.3.0
[1.223s] -- Detecting C compiler ABI info
[1.466s] -- Detecting C compiler ABI info - done
[1.481s] -- Check for working C compiler: /usr/bin/cc - skipped
[1.483s] -- Detecting C compile features
[1.486s] -- Detecting C compile features - done
[1.512s] -- Detecting CXX compiler ABI info
[1.718s] -- Detecting CXX compiler ABI info - done
[1.735s] -- Check for working CXX compiler: /usr/bin/c++ - skipped
[1.736s] -- Detecting CXX compile features
[1.737s] -- Detecting CXX compile features - done
[1.828s] -- Found ament_cmake: 1.3.3 (/opt/ros/humble/share/ament_cmake/cmake)
[2.175s] -- Found Python3: /usr/bin/python3.10 (found version "3.10.6") found components: Interpreter 
[2.510s] -- Found rosidl_default_generators: 1.2.0 (/opt/ros/humble/share/rosidl_default_generators/cmake)
[2.562s] -- Using all available rosidl_typesupport_c: rosidl_typesupport_fastrtps_c;rosidl_typesupport_introspection_c
[2.607s] -- Found rosidl_adapter: 3.1.4 (/opt/ros/humble/share/rosidl_adapter/cmake)
[2.822s] -- Using all available rosidl_typesupport_cpp: rosidl_typesupport_fastrtps_cpp;rosidl_typesupport_introspection_cpp
[2.949s] -- Found ament_lint_auto: 0.12.5 (/opt/ros/humble/share/ament_lint_auto/cmake)
[3.619s] -- Found ament_cmake_ros: 0.10.0 (/opt/ros/humble/share/ament_cmake_ros/cmake)
[4.010s] -- Using all available rosidl_typesupport_c: rosidl_typesupport_fastrtps_c;rosidl_typesupport_introspection_c
[4.464s] -- Using all available rosidl_typesupport_cpp: rosidl_typesupport_fastrtps_cpp;rosidl_typesupport_introspection_cpp
[4.546s] -- Found PythonInterp: /usr/bin/python3 (found suitable version "3.10.6", minimum required is "3.6") 
[4.546s] -- Found python_cmake_module: 0.10.0 (/opt/ros/humble/share/python_cmake_module/cmake)
[4.598s] -- Found PythonLibs: /usr/lib/x86_64-linux-gnu/libpython3.10.so (found suitable version "3.10.6", minimum required is "3.5") 
[4.598s] -- Using PYTHON_EXECUTABLE: /usr/bin/python3
[4.598s] -- Using PYTHON_INCLUDE_DIRS: /usr/include/python3.10
[4.598s] -- Using PYTHON_LIBRARIES: /usr/lib/x86_64-linux-gnu/libpython3.10.so
[4.631s] -- Found PythonExtra: .so  
[4.735s] -- Added test 'copyright' to check source files copyright and LICENSE
[4.760s] -- Added test 'lint_cmake' to check CMake code style
[4.773s] -- Added test 'xmllint' to check XML markup files
[4.782s] -- Configuring done
[4.969s] -- Generating done
[4.974s] -- Build files have been written to: /home/chittiv1113/Documents/workspaces/microros_ws/build/micro_ros_msgs
[4.995s] Invoked command in '/home/chittiv1113/Documents/workspaces/microros_ws/build/micro_ros_msgs' returned '0': CMAKE_PREFIX_PATH=${CMAKE_PREFIX_PATH}:/opt/ros/humble /usr/bin/cmake /home/chittiv1113/Documents/workspaces/microros_ws/src/uros/micro_ros_msgs -DUAGENT_BUILD_EXECUTABLE=OFF -DUAGENT_P2P_PROFILE=OFF --no-warn-unused-cli -DCMAKE_INSTALL_PREFIX=/home/chittiv1113/Documents/workspaces/microros_ws/install/micro_ros_msgs
[4.996s] Invoking command in '/home/chittiv1113/Documents/workspaces/microros_ws/build/micro_ros_msgs': CMAKE_PREFIX_PATH=${CMAKE_PREFIX_PATH}:/opt/ros/humble /usr/bin/cmake --build /home/chittiv1113/Documents/workspaces/microros_ws/build/micro_ros_msgs -- -j4 -l4
[5.154s] [  2%] [34m[1mGenerating C code for ROS interfaces[0m
[5.175s] [  2%] Built target ament_cmake_python_copy_micro_ros_msgs
[5.330s] [  4%] [34m[1mGenerating C++ code for ROS interfaces[0m
[5.771s] running egg_info
[5.771s] creating micro_ros_msgs.egg-info
[5.772s] writing micro_ros_msgs.egg-info/PKG-INFO
[5.772s] writing dependency_links to micro_ros_msgs.egg-info/dependency_links.txt
[5.772s] writing top-level names to micro_ros_msgs.egg-info/top_level.txt
[5.772s] writing manifest file 'micro_ros_msgs.egg-info/SOURCES.txt'
[5.775s] reading manifest file 'micro_ros_msgs.egg-info/SOURCES.txt'
[5.777s] writing manifest file 'micro_ros_msgs.egg-info/SOURCES.txt'
[5.823s] [  4%] Built target ament_cmake_python_build_micro_ros_msgs_egg
[6.859s] [  6%] [32mBuilding C object CMakeFiles/micro_ros_msgs__rosidl_generator_c.dir/rosidl_generator_c/micro_ros_msgs/msg/detail/entity__functions.c.o[0m
[6.864s] [  8%] [32mBuilding C object CMakeFiles/micro_ros_msgs__rosidl_generator_c.dir/rosidl_generator_c/micro_ros_msgs/msg/detail/graph__functions.c.o[0m
[6.880s] [ 10%] [32mBuilding C object CMakeFiles/micro_ros_msgs__rosidl_generator_c.dir/rosidl_generator_c/micro_ros_msgs/msg/detail/node__functions.c.o[0m
[6.950s] [ 10%] Built target micro_ros_msgs__cpp
[7.050s] [ 12%] [34m[1mGenerating C++ type support dispatch for ROS interfaces[0m
[7.147s] [ 14%] [34m[1mGenerating C++ type support for eProsima Fast-RTPS[0m
[7.301s] [ 17%] [32m[1mLinking C shared library libmicro_ros_msgs__rosidl_generator_c.so[0m
[7.354s] [ 19%] [34m[1mGenerating C++ introspection for ROS interfaces[0m
[7.554s] [ 19%] Built target micro_ros_msgs__rosidl_generator_c
[8.034s] [ 21%] [34m[1mGenerating C type support for eProsima Fast-RTPS[0m
[8.484s] [ 23%] [32mBuilding CXX object CMakeFiles/micro_ros_msgs__rosidl_typesupport_introspection_cpp.dir/rosidl_typesupport_introspection_cpp/micro_ros_msgs/msg/detail/graph__type_support.cpp.o[0m
[8.670s] [ 25%] [32mBuilding CXX object CMakeFiles/micro_ros_msgs__rosidl_typesupport_cpp.dir/rosidl_typesupport_cpp/micro_ros_msgs/msg/graph__type_support.cpp.o[0m
[9.377s] [ 27%] [32mBuilding CXX object CMakeFiles/micro_ros_msgs__rosidl_typesupport_fastrtps_cpp.dir/rosidl_typesupport_fastrtps_cpp/micro_ros_msgs/msg/detail/dds_fastrtps/graph__type_support.cpp.o[0m
[10.529s] [ 29%] [32mBuilding CXX object CMakeFiles/micro_ros_msgs__rosidl_typesupport_cpp.dir/rosidl_typesupport_cpp/micro_ros_msgs/msg/node__type_support.cpp.o[0m
[10.788s] [ 31%] [32mBuilding CXX object CMakeFiles/micro_ros_msgs__rosidl_typesupport_introspection_cpp.dir/rosidl_typesupport_introspection_cpp/micro_ros_msgs/msg/detail/node__type_support.cpp.o[0m
[11.303s] [ 34%] [32mBuilding CXX object CMakeFiles/micro_ros_msgs__rosidl_typesupport_fastrtps_c.dir/rosidl_typesupport_fastrtps_c/micro_ros_msgs/msg/detail/graph__type_support_c.cpp.o[0m
[11.409s] [ 36%] [32mBuilding CXX object CMakeFiles/micro_ros_msgs__rosidl_typesupport_cpp.dir/rosidl_typesupport_cpp/micro_ros_msgs/msg/entity__type_support.cpp.o[0m
[11.465s] [ 38%] [32mBuilding CXX object CMakeFiles/micro_ros_msgs__rosidl_typesupport_fastrtps_cpp.dir/rosidl_typesupport_fastrtps_cpp/micro_ros_msgs/msg/detail/dds_fastrtps/node__type_support.cpp.o[0m
[12.447s] [ 40%] [32m[1mLinking CXX shared library libmicro_ros_msgs__rosidl_typesupport_cpp.so[0m
[12.699s] [ 40%] Built target micro_ros_msgs__rosidl_typesupport_cpp
[12.856s] [ 42%] [32mBuilding CXX object CMakeFiles/micro_ros_msgs__rosidl_typesupport_fastrtps_cpp.dir/rosidl_typesupport_fastrtps_cpp/micro_ros_msgs/msg/detail/dds_fastrtps/entity__type_support.cpp.o[0m
[12.954s] [ 44%] [32mBuilding CXX object CMakeFiles/micro_ros_msgs__rosidl_typesupport_introspection_cpp.dir/rosidl_typesupport_introspection_cpp/micro_ros_msgs/msg/detail/entity__type_support.cpp.o[0m
[13.407s] [ 46%] [32mBuilding CXX object CMakeFiles/micro_ros_msgs__rosidl_typesupport_fastrtps_c.dir/rosidl_typesupport_fastrtps_c/micro_ros_msgs/msg/detail/node__type_support_c.cpp.o[0m
[13.716s] [ 48%] [32mBuilding CXX object CMakeFiles/micro_ros_msgs__rosidl_typesupport_fastrtps_c.dir/rosidl_typesupport_fastrtps_c/micro_ros_msgs/msg/detail/entity__type_support_c.cpp.o[0m
[14.039s] [ 51%] [32m[1mLinking CXX shared library libmicro_ros_msgs__rosidl_typesupport_fastrtps_cpp.so[0m
[14.284s] [ 53%] [32m[1mLinking CXX shared library libmicro_ros_msgs__rosidl_typesupport_introspection_cpp.so[0m
[14.318s] [ 55%] [34m[1mGenerating C introspection for ROS interfaces[0m
[14.379s] [ 55%] Built target micro_ros_msgs__rosidl_typesupport_fastrtps_cpp
[14.397s] [ 57%] [34m[1mGenerating C type support dispatch for ROS interfaces[0m
[14.528s] [ 59%] [32m[1mLinking CXX shared library libmicro_ros_msgs__rosidl_typesupport_fastrtps_c.so[0m
[14.594s] [ 59%] Built target micro_ros_msgs__rosidl_typesupport_introspection_cpp
[14.760s] [ 59%] Built target micro_ros_msgs__rosidl_typesupport_fastrtps_c
[15.005s] [ 61%] [32mBuilding CXX object CMakeFiles/micro_ros_msgs__rosidl_typesupport_c.dir/rosidl_typesupport_c/micro_ros_msgs/msg/graph__type_support.cpp.o[0m
[15.011s] [ 63%] [32mBuilding CXX object CMakeFiles/micro_ros_msgs__rosidl_typesupport_c.dir/rosidl_typesupport_c/micro_ros_msgs/msg/node__type_support.cpp.o[0m
[15.016s] [ 65%] [32mBuilding CXX object CMakeFiles/micro_ros_msgs__rosidl_typesupport_c.dir/rosidl_typesupport_c/micro_ros_msgs/msg/entity__type_support.cpp.o[0m
[15.077s] [ 68%] [32mBuilding C object CMakeFiles/micro_ros_msgs__rosidl_typesupport_introspection_c.dir/rosidl_typesupport_introspection_c/micro_ros_msgs/msg/detail/graph__type_support.c.o[0m
[15.112s] [ 70%] [32mBuilding C object CMakeFiles/micro_ros_msgs__rosidl_typesupport_introspection_c.dir/rosidl_typesupport_introspection_c/micro_ros_msgs/msg/detail/node__type_support.c.o[0m
[15.118s] [ 72%] [32mBuilding C object CMakeFiles/micro_ros_msgs__rosidl_typesupport_introspection_c.dir/rosidl_typesupport_introspection_c/micro_ros_msgs/msg/detail/entity__type_support.c.o[0m
[15.166s] [ 74%] [32m[1mLinking CXX shared library libmicro_ros_msgs__rosidl_typesupport_c.so[0m
[15.191s] [ 76%] [32m[1mLinking C shared library libmicro_ros_msgs__rosidl_typesupport_introspection_c.so[0m
[15.240s] [ 76%] Built target micro_ros_msgs__rosidl_typesupport_c
[15.266s] [ 76%] Built target micro_ros_msgs__rosidl_typesupport_introspection_c
[15.300s] [ 76%] Built target micro_ros_msgs
[15.364s] [ 78%] [34m[1mGenerating Python code for ROS interfaces[0m
[16.633s] [ 78%] Built target micro_ros_msgs__py
[16.731s] [ 80%] [32mBuilding C object CMakeFiles/micro_ros_msgs__rosidl_generator_py.dir/rosidl_generator_py/micro_ros_msgs/msg/_graph_s.c.o[0m
[16.750s] [ 82%] [32mBuilding C object CMakeFiles/micro_ros_msgs__rosidl_generator_py.dir/rosidl_generator_py/micro_ros_msgs/msg/_node_s.c.o[0m
[16.764s] [ 85%] [32mBuilding C object CMakeFiles/micro_ros_msgs__rosidl_generator_py.dir/rosidl_generator_py/micro_ros_msgs/msg/_entity_s.c.o[0m
[17.091s] [ 87%] [32m[1mLinking C shared library rosidl_generator_py/micro_ros_msgs/libmicro_ros_msgs__rosidl_generator_py.so[0m
[17.183s] [ 87%] Built target micro_ros_msgs__rosidl_generator_py
[17.227s] [ 89%] [32mBuilding C object CMakeFiles/micro_ros_msgs__rosidl_typesupport_c__pyext.dir/rosidl_generator_py/micro_ros_msgs/_micro_ros_msgs_s.ep.rosidl_typesupport_c.c.o[0m
[17.235s] [ 91%] [32mBuilding C object CMakeFiles/micro_ros_msgs__rosidl_typesupport_introspection_c__pyext.dir/rosidl_generator_py/micro_ros_msgs/_micro_ros_msgs_s.ep.rosidl_typesupport_introspection_c.c.o[0m
[17.240s] [ 93%] [32mBuilding C object CMakeFiles/micro_ros_msgs__rosidl_typesupport_fastrtps_c__pyext.dir/rosidl_generator_py/micro_ros_msgs/_micro_ros_msgs_s.ep.rosidl_typesupport_fastrtps_c.c.o[0m
[17.437s] [ 95%] [32m[1mLinking C shared library rosidl_generator_py/micro_ros_msgs/micro_ros_msgs_s__rosidl_typesupport_c.cpython-310-x86_64-linux-gnu.so[0m
[17.518s] [ 97%] [32m[1mLinking C shared library rosidl_generator_py/micro_ros_msgs/micro_ros_msgs_s__rosidl_typesupport_fastrtps_c.cpython-310-x86_64-linux-gnu.so[0m
[17.551s] [100%] [32m[1mLinking C shared library rosidl_generator_py/micro_ros_msgs/micro_ros_msgs_s__rosidl_typesupport_introspection_c.cpython-310-x86_64-linux-gnu.so[0m
[17.559s] [100%] Built target micro_ros_msgs__rosidl_typesupport_c__pyext
[17.618s] [100%] Built target micro_ros_msgs__rosidl_typesupport_fastrtps_c__pyext
[17.637s] [100%] Built target micro_ros_msgs__rosidl_typesupport_introspection_c__pyext
[17.707s] Invoked command in '/home/chittiv1113/Documents/workspaces/microros_ws/build/micro_ros_msgs' returned '0': CMAKE_PREFIX_PATH=${CMAKE_PREFIX_PATH}:/opt/ros/humble /usr/bin/cmake --build /home/chittiv1113/Documents/workspaces/microros_ws/build/micro_ros_msgs -- -j4 -l4
[18.252s] Invoking command in '/home/chittiv1113/Documents/workspaces/microros_ws/build/micro_ros_msgs': CMAKE_PREFIX_PATH=${CMAKE_PREFIX_PATH}:/opt/ros/humble /usr/bin/cmake --install /home/chittiv1113/Documents/workspaces/microros_ws/build/micro_ros_msgs
[18.268s] -- Install configuration: ""
[18.269s] -- Installing: /home/chittiv1113/Documents/workspaces/microros_ws/install/micro_ros_msgs/share/ament_index/resource_index/rosidl_interfaces/micro_ros_msgs
[18.269s] -- Installing: /home/chittiv1113/Documents/workspaces/microros_ws/install/micro_ros_msgs/include/micro_ros_msgs/micro_ros_msgs
[18.270s] -- Installing: /home/chittiv1113/Documents/workspaces/microros_ws/install/micro_ros_msgs/include/micro_ros_msgs/micro_ros_msgs/msg
[18.270s] -- Installing: /home/chittiv1113/Documents/workspaces/microros_ws/install/micro_ros_msgs/include/micro_ros_msgs/micro_ros_msgs/msg/entity.h
[18.271s] -- Installing: /home/chittiv1113/Documents/workspaces/microros_ws/install/micro_ros_msgs/include/micro_ros_msgs/micro_ros_msgs/msg/rosidl_generator_c__visibility_control.h
[18.271s] -- Installing: /home/chittiv1113/Documents/workspaces/microros_ws/install/micro_ros_msgs/include/micro_ros_msgs/micro_ros_msgs/msg/detail
[18.273s] -- Installing: /home/chittiv1113/Documents/workspaces/microros_ws/install/micro_ros_msgs/include/micro_ros_msgs/micro_ros_msgs/msg/detail/node__struct.h
[18.273s] -- Installing: /home/chittiv1113/Documents/workspaces/microros_ws/install/micro_ros_msgs/include/micro_ros_msgs/micro_ros_msgs/msg/detail/entity__functions.c
[18.274s] -- Installing: /home/chittiv1113/Documents/workspaces/microros_ws/install/micro_ros_msgs/include/micro_ros_msgs/micro_ros_msgs/msg/detail/graph__struct.h
[18.276s] -- Installing: /home/chittiv1113/Documents/workspaces/microros_ws/install/micro_ros_msgs/include/micro_ros_msgs/micro_ros_msgs/msg/detail/node__functions.c
[18.276s] -- Installing: /home/chittiv1113/Documents/workspaces/microros_ws/install/micro_ros_msgs/include/micro_ros_msgs/micro_ros_msgs/msg/detail/node__type_support.h
[18.276s] -- Installing: /home/chittiv1113/Documents/workspaces/microros_ws/install/micro_ros_msgs/include/micro_ros_msgs/micro_ros_msgs/msg/detail/graph__type_support.h
[18.277s] -- Installing: /home/chittiv1113/Documents/workspaces/microros_ws/install/micro_ros_msgs/include/micro_ros_msgs/micro_ros_msgs/msg/detail/graph__functions.h
[18.279s] -- Installing: /home/chittiv1113/Documents/workspaces/microros_ws/install/micro_ros_msgs/include/micro_ros_msgs/micro_ros_msgs/msg/detail/entity__functions.h
[18.279s] -- Installing: /home/chittiv1113/Documents/workspaces/microros_ws/install/micro_ros_msgs/include/micro_ros_msgs/micro_ros_msgs/msg/detail/entity__struct.h
[18.279s] -- Installing: /home/chittiv1113/Documents/workspaces/microros_ws/install/micro_ros_msgs/include/micro_ros_msgs/micro_ros_msgs/msg/detail/node__functions.h
[18.280s] -- Installing: /home/chittiv1113/Documents/workspaces/microros_ws/install/micro_ros_msgs/include/micro_ros_msgs/micro_ros_msgs/msg/detail/entity__type_support.h
[18.281s] -- Installing: /home/chittiv1113/Documents/workspaces/microros_ws/install/micro_ros_msgs/include/micro_ros_msgs/micro_ros_msgs/msg/detail/graph__functions.c
[18.281s] -- Installing: /home/chittiv1113/Documents/workspaces/microros_ws/install/micro_ros_msgs/include/micro_ros_msgs/micro_ros_msgs/msg/graph.h
[18.281s] -- Installing: /home/chittiv1113/Documents/workspaces/microros_ws/install/micro_ros_msgs/include/micro_ros_msgs/micro_ros_msgs/msg/node.h
[18.281s] -- Installing: /home/chittiv1113/Documents/workspaces/microros_ws/install/micro_ros_msgs/share/micro_ros_msgs/environment/library_path.sh
[18.282s] -- Installing: /home/chittiv1113/Documents/workspaces/microros_ws/install/micro_ros_msgs/share/micro_ros_msgs/environment/library_path.dsv
[18.282s] -- Installing: /home/chittiv1113/Documents/workspaces/microros_ws/install/micro_ros_msgs/lib/libmicro_ros_msgs__rosidl_generator_c.so
[18.283s] -- Set runtime path of "/home/chittiv1113/Documents/workspaces/microros_ws/install/micro_ros_msgs/lib/libmicro_ros_msgs__rosidl_generator_c.so" to ""
[18.283s] -- Up-to-date: /home/chittiv1113/Documents/workspaces/microros_ws/install/micro_ros_msgs/include/micro_ros_msgs/micro_ros_msgs
[18.284s] -- Up-to-date: /home/chittiv1113/Documents/workspaces/microros_ws/install/micro_ros_msgs/include/micro_ros_msgs/micro_ros_msgs/msg
[18.285s] -- Installing: /home/chittiv1113/Documents/workspaces/microros_ws/install/micro_ros_msgs/include/micro_ros_msgs/micro_ros_msgs/msg/rosidl_typesupport_fastrtps_c__visibility_control.h
[18.285s] -- Up-to-date: /home/chittiv1113/Documents/workspaces/microros_ws/install/micro_ros_msgs/include/micro_ros_msgs/micro_ros_msgs/msg/detail
[18.285s] -- Installing: /home/chittiv1113/Documents/workspaces/microros_ws/install/micro_ros_msgs/include/micro_ros_msgs/micro_ros_msgs/msg/detail/graph__rosidl_typesupport_fastrtps_c.h
[18.285s] -- Installing: /home/chittiv1113/Documents/workspaces/microros_ws/install/micro_ros_msgs/include/micro_ros_msgs/micro_ros_msgs/msg/detail/node__rosidl_typesupport_fastrtps_c.h
[18.287s] -- Installing: /home/chittiv1113/Documents/workspaces/microros_ws/install/micro_ros_msgs/include/micro_ros_msgs/micro_ros_msgs/msg/detail/entity__rosidl_typesupport_fastrtps_c.h
[18.287s] -- Installing: /home/chittiv1113/Documents/workspaces/microros_ws/install/micro_ros_msgs/lib/libmicro_ros_msgs__rosidl_typesupport_fastrtps_c.so
[18.289s] -- Set runtime path of "/home/chittiv1113/Documents/workspaces/microros_ws/install/micro_ros_msgs/lib/libmicro_ros_msgs__rosidl_typesupport_fastrtps_c.so" to ""
[18.289s] -- Up-to-date: /home/chittiv1113/Documents/workspaces/microros_ws/install/micro_ros_msgs/include/micro_ros_msgs/micro_ros_msgs
[18.289s] -- Up-to-date: /home/chittiv1113/Documents/workspaces/microros_ws/install/micro_ros_msgs/include/micro_ros_msgs/micro_ros_msgs/msg
[18.289s] -- Up-to-date: /home/chittiv1113/Documents/workspaces/microros_ws/install/micro_ros_msgs/include/micro_ros_msgs/micro_ros_msgs/msg/detail
[18.290s] -- Installing: /home/chittiv1113/Documents/workspaces/microros_ws/install/micro_ros_msgs/include/micro_ros_msgs/micro_ros_msgs/msg/detail/node__type_support.c
[18.290s] -- Installing: /home/chittiv1113/Documents/workspaces/microros_ws/install/micro_ros_msgs/include/micro_ros_msgs/micro_ros_msgs/msg/detail/entity__type_support.c
[18.290s] -- Installing: /home/chittiv1113/Documents/workspaces/microros_ws/install/micro_ros_msgs/include/micro_ros_msgs/micro_ros_msgs/msg/detail/entity__rosidl_typesupport_introspection_c.h
[18.290s] -- Installing: /home/chittiv1113/Documents/workspaces/microros_ws/install/micro_ros_msgs/include/micro_ros_msgs/micro_ros_msgs/msg/detail/graph__rosidl_typesupport_introspection_c.h
[18.291s] -- Installing: /home/chittiv1113/Documents/workspaces/microros_ws/install/micro_ros_msgs/include/micro_ros_msgs/micro_ros_msgs/msg/detail/node__rosidl_typesupport_introspection_c.h
[18.291s] -- Installing: /home/chittiv1113/Documents/workspaces/microros_ws/install/micro_ros_msgs/include/micro_ros_msgs/micro_ros_msgs/msg/detail/graph__type_support.c
[18.292s] -- Installing: /home/chittiv1113/Documents/workspaces/microros_ws/install/micro_ros_msgs/include/micro_ros_msgs/micro_ros_msgs/msg/rosidl_typesupport_introspection_c__visibility_control.h
[18.292s] -- Installing: /home/chittiv1113/Documents/workspaces/microros_ws/install/micro_ros_msgs/lib/libmicro_ros_msgs__rosidl_typesupport_introspection_c.so
[18.292s] -- Set runtime path of "/home/chittiv1113/Documents/workspaces/microros_ws/install/micro_ros_msgs/lib/libmicro_ros_msgs__rosidl_typesupport_introspection_c.so" to ""
[18.292s] -- Installing: /home/chittiv1113/Documents/workspaces/microros_ws/install/micro_ros_msgs/lib/libmicro_ros_msgs__rosidl_typesupport_c.so
[18.293s] -- Set runtime path of "/home/chittiv1113/Documents/workspaces/microros_ws/install/micro_ros_msgs/lib/libmicro_ros_msgs__rosidl_typesupport_c.so" to ""
[18.293s] -- Up-to-date: /home/chittiv1113/Documents/workspaces/microros_ws/install/micro_ros_msgs/include/micro_ros_msgs/micro_ros_msgs
[18.293s] -- Up-to-date: /home/chittiv1113/Documents/workspaces/microros_ws/install/micro_ros_msgs/include/micro_ros_msgs/micro_ros_msgs/msg
[18.293s] -- Up-to-date: /home/chittiv1113/Documents/workspaces/microros_ws/install/micro_ros_msgs/include/micro_ros_msgs/micro_ros_msgs/msg/detail
[18.294s] -- Installing: /home/chittiv1113/Documents/workspaces/microros_ws/install/micro_ros_msgs/include/micro_ros_msgs/micro_ros_msgs/msg/detail/graph__struct.hpp
[18.294s] -- Installing: /home/chittiv1113/Documents/workspaces/microros_ws/install/micro_ros_msgs/include/micro_ros_msgs/micro_ros_msgs/msg/detail/entity__struct.hpp
[18.294s] -- Installing: /home/chittiv1113/Documents/workspaces/microros_ws/install/micro_ros_msgs/include/micro_ros_msgs/micro_ros_msgs/msg/detail/node__builder.hpp
[18.294s] -- Installing: /home/chittiv1113/Documents/workspaces/microros_ws/install/micro_ros_msgs/include/micro_ros_msgs/micro_ros_msgs/msg/detail/node__struct.hpp
[18.295s] -- Installing: /home/chittiv1113/Documents/workspaces/microros_ws/install/micro_ros_msgs/include/micro_ros_msgs/micro_ros_msgs/msg/detail/graph__traits.hpp
[18.295s] -- Installing: /home/chittiv1113/Documents/workspaces/microros_ws/install/micro_ros_msgs/include/micro_ros_msgs/micro_ros_msgs/msg/detail/graph__builder.hpp
[18.295s] -- Installing: /home/chittiv1113/Documents/workspaces/microros_ws/install/micro_ros_msgs/include/micro_ros_msgs/micro_ros_msgs/msg/detail/entity__builder.hpp
[18.295s] -- Installing: /home/chittiv1113/Documents/workspaces/microros_ws/install/micro_ros_msgs/include/micro_ros_msgs/micro_ros_msgs/msg/detail/node__traits.hpp
[18.296s] -- Installing: /home/chittiv1113/Documents/workspaces/microros_ws/install/micro_ros_msgs/include/micro_ros_msgs/micro_ros_msgs/msg/detail/entity__traits.hpp
[18.296s] -- Installing: /home/chittiv1113/Documents/workspaces/microros_ws/install/micro_ros_msgs/include/micro_ros_msgs/micro_ros_msgs/msg/graph.hpp
[18.296s] -- Installing: /home/chittiv1113/Documents/workspaces/microros_ws/install/micro_ros_msgs/include/micro_ros_msgs/micro_ros_msgs/msg/node.hpp
[18.298s] -- Installing: /home/chittiv1113/Documents/workspaces/microros_ws/install/micro_ros_msgs/include/micro_ros_msgs/micro_ros_msgs/msg/entity.hpp
[18.299s] -- Up-to-date: /home/chittiv1113/Documents/workspaces/microros_ws/install/micro_ros_msgs/include/micro_ros_msgs/micro_ros_msgs
[18.300s] -- Up-to-date: /home/chittiv1113/Documents/workspaces/microros_ws/install/micro_ros_msgs/include/micro_ros_msgs/micro_ros_msgs/msg
[18.300s] -- Installing: /home/chittiv1113/Documents/workspaces/microros_ws/install/micro_ros_msgs/include/micro_ros_msgs/micro_ros_msgs/msg/rosidl_typesupport_fastrtps_cpp__visibility_control.h
[18.300s] -- Up-to-date: /home/chittiv1113/Documents/workspaces/microros_ws/install/micro_ros_msgs/include/micro_ros_msgs/micro_ros_msgs/msg/detail
[18.301s] -- Installing: /home/chittiv1113/Documents/workspaces/microros_ws/install/micro_ros_msgs/include/micro_ros_msgs/micro_ros_msgs/msg/detail/graph__rosidl_typesupport_fastrtps_cpp.hpp
[18.301s] -- Installing: /home/chittiv1113/Documents/workspaces/microros_ws/install/micro_ros_msgs/include/micro_ros_msgs/micro_ros_msgs/msg/detail/dds_fastrtps
[18.302s] -- Installing: /home/chittiv1113/Documents/workspaces/microros_ws/install/micro_ros_msgs/include/micro_ros_msgs/micro_ros_msgs/msg/detail/node__rosidl_typesupport_fastrtps_cpp.hpp
[18.303s] -- Installing: /home/chittiv1113/Documents/workspaces/microros_ws/install/micro_ros_msgs/include/micro_ros_msgs/micro_ros_msgs/msg/detail/entity__rosidl_typesupport_fastrtps_cpp.hpp
[18.303s] -- Installing: /home/chittiv1113/Documents/workspaces/microros_ws/install/micro_ros_msgs/lib/libmicro_ros_msgs__rosidl_typesupport_fastrtps_cpp.so
[18.304s] -- Set runtime path of "/home/chittiv1113/Documents/workspaces/microros_ws/install/micro_ros_msgs/lib/libmicro_ros_msgs__rosidl_typesupport_fastrtps_cpp.so" to ""
[18.304s] -- Up-to-date: /home/chittiv1113/Documents/workspaces/microros_ws/install/micro_ros_msgs/include/micro_ros_msgs/micro_ros_msgs
[18.304s] -- Up-to-date: /home/chittiv1113/Documents/workspaces/microros_ws/install/micro_ros_msgs/include/micro_ros_msgs/micro_ros_msgs/msg
[18.305s] -- Up-to-date: /home/chittiv1113/Documents/workspaces/microros_ws/install/micro_ros_msgs/include/micro_ros_msgs/micro_ros_msgs/msg/detail
[18.305s] -- Installing: /home/chittiv1113/Documents/workspaces/microros_ws/install/micro_ros_msgs/include/micro_ros_msgs/micro_ros_msgs/msg/detail/graph__type_support.cpp
[18.306s] -- Installing: /home/chittiv1113/Documents/workspaces/microros_ws/install/micro_ros_msgs/include/micro_ros_msgs/micro_ros_msgs/msg/detail/node__rosidl_typesupport_introspection_cpp.hpp
[18.306s] -- Installing: /home/chittiv1113/Documents/workspaces/microros_ws/install/micro_ros_msgs/include/micro_ros_msgs/micro_ros_msgs/msg/detail/graph__rosidl_typesupport_introspection_cpp.hpp
[18.306s] -- Installing: /home/chittiv1113/Documents/workspaces/microros_ws/install/micro_ros_msgs/include/micro_ros_msgs/micro_ros_msgs/msg/detail/entity__rosidl_typesupport_introspection_cpp.hpp
[18.306s] -- Installing: /home/chittiv1113/Documents/workspaces/microros_ws/install/micro_ros_msgs/include/micro_ros_msgs/micro_ros_msgs/msg/detail/entity__type_support.cpp
[18.307s] -- Installing: /home/chittiv1113/Documents/workspaces/microros_ws/install/micro_ros_msgs/include/micro_ros_msgs/micro_ros_msgs/msg/detail/node__type_support.cpp
[18.307s] -- Installing: /home/chittiv1113/Documents/workspaces/microros_ws/install/micro_ros_msgs/lib/libmicro_ros_msgs__rosidl_typesupport_introspection_cpp.so
[18.307s] -- Set runtime path of "/home/chittiv1113/Documents/workspaces/microros_ws/install/micro_ros_msgs/lib/libmicro_ros_msgs__rosidl_typesupport_introspection_cpp.so" to ""
[18.307s] -- Installing: /home/chittiv1113/Documents/workspaces/microros_ws/install/micro_ros_msgs/lib/libmicro_ros_msgs__rosidl_typesupport_cpp.so
[18.308s] -- Set runtime path of "/home/chittiv1113/Documents/workspaces/microros_ws/install/micro_ros_msgs/lib/libmicro_ros_msgs__rosidl_typesupport_cpp.so" to ""
[18.308s] -- Installing: /home/chittiv1113/Documents/workspaces/microros_ws/install/micro_ros_msgs/share/micro_ros_msgs/environment/pythonpath.sh
[18.308s] -- Installing: /home/chittiv1113/Documents/workspaces/microros_ws/install/micro_ros_msgs/share/micro_ros_msgs/environment/pythonpath.dsv
[18.309s] -- Installing: /home/chittiv1113/Documents/workspaces/microros_ws/install/micro_ros_msgs/local/lib/python3.10/dist-packages/micro_ros_msgs-1.0.0-py3.10.egg-info
[18.309s] -- Installing: /home/chittiv1113/Documents/workspaces/microros_ws/install/micro_ros_msgs/local/lib/python3.10/dist-packages/micro_ros_msgs-1.0.0-py3.10.egg-info/top_level.txt
[18.309s] -- Installing: /home/chittiv1113/Documents/workspaces/microros_ws/install/micro_ros_msgs/local/lib/python3.10/dist-packages/micro_ros_msgs-1.0.0-py3.10.egg-info/dependency_links.txt
[18.309s] -- Installing: /home/chittiv1113/Documents/workspaces/microros_ws/install/micro_ros_msgs/local/lib/python3.10/dist-packages/micro_ros_msgs-1.0.0-py3.10.egg-info/PKG-INFO
[18.309s] -- Installing: /home/chittiv1113/Documents/workspaces/microros_ws/install/micro_ros_msgs/local/lib/python3.10/dist-packages/micro_ros_msgs-1.0.0-py3.10.egg-info/SOURCES.txt
[18.310s] -- Installing: /home/chittiv1113/Documents/workspaces/microros_ws/install/micro_ros_msgs/local/lib/python3.10/dist-packages/micro_ros_msgs
[18.310s] -- Installing: /home/chittiv1113/Documents/workspaces/microros_ws/install/micro_ros_msgs/local/lib/python3.10/dist-packages/micro_ros_msgs/micro_ros_msgs_s__rosidl_typesupport_c.cpython-310-x86_64-linux-gnu.so
[18.311s] -- Installing: /home/chittiv1113/Documents/workspaces/microros_ws/install/micro_ros_msgs/local/lib/python3.10/dist-packages/micro_ros_msgs/_micro_ros_msgs_s.ep.rosidl_typesupport_c.c
[18.311s] -- Installing: /home/chittiv1113/Documents/workspaces/microros_ws/install/micro_ros_msgs/local/lib/python3.10/dist-packages/micro_ros_msgs/micro_ros_msgs_s__rosidl_typesupport_introspection_c.cpython-310-x86_64-linux-gnu.so
[18.312s] -- Installing: /home/chittiv1113/Documents/workspaces/microros_ws/install/micro_ros_msgs/local/lib/python3.10/dist-packages/micro_ros_msgs/micro_ros_msgs_s__rosidl_typesupport_fastrtps_c.cpython-310-x86_64-linux-gnu.so
[18.312s] -- Installing: /home/chittiv1113/Documents/workspaces/microros_ws/install/micro_ros_msgs/local/lib/python3.10/dist-packages/micro_ros_msgs/libmicro_ros_msgs__rosidl_generator_py.so
[18.314s] -- Installing: /home/chittiv1113/Documents/workspaces/microros_ws/install/micro_ros_msgs/local/lib/python3.10/dist-packages/micro_ros_msgs/msg
[18.314s] -- Installing: /home/chittiv1113/Documents/workspaces/microros_ws/install/micro_ros_msgs/local/lib/python3.10/dist-packages/micro_ros_msgs/msg/_graph_s.c
[18.314s] -- Installing: /home/chittiv1113/Documents/workspaces/microros_ws/install/micro_ros_msgs/local/lib/python3.10/dist-packages/micro_ros_msgs/msg/_node.py
[18.314s] -- Installing: /home/chittiv1113/Documents/workspaces/microros_ws/install/micro_ros_msgs/local/lib/python3.10/dist-packages/micro_ros_msgs/msg/_entity.py
[18.315s] -- Installing: /home/chittiv1113/Documents/workspaces/microros_ws/install/micro_ros_msgs/local/lib/python3.10/dist-packages/micro_ros_msgs/msg/_entity_s.c
[18.315s] -- Installing: /home/chittiv1113/Documents/workspaces/microros_ws/install/micro_ros_msgs/local/lib/python3.10/dist-packages/micro_ros_msgs/msg/_graph.py
[18.315s] -- Installing: /home/chittiv1113/Documents/workspaces/microros_ws/install/micro_ros_msgs/local/lib/python3.10/dist-packages/micro_ros_msgs/msg/_node_s.c
[18.315s] -- Installing: /home/chittiv1113/Documents/workspaces/microros_ws/install/micro_ros_msgs/local/lib/python3.10/dist-packages/micro_ros_msgs/msg/__init__.py
[18.316s] -- Installing: /home/chittiv1113/Documents/workspaces/microros_ws/install/micro_ros_msgs/local/lib/python3.10/dist-packages/micro_ros_msgs/_micro_ros_msgs_s.ep.rosidl_typesupport_introspection_c.c
[18.316s] -- Installing: /home/chittiv1113/Documents/workspaces/microros_ws/install/micro_ros_msgs/local/lib/python3.10/dist-packages/micro_ros_msgs/__init__.py
[18.316s] -- Installing: /home/chittiv1113/Documents/workspaces/microros_ws/install/micro_ros_msgs/local/lib/python3.10/dist-packages/micro_ros_msgs/_micro_ros_msgs_s.ep.rosidl_typesupport_fastrtps_c.c
[18.442s] Listing '/home/chittiv1113/Documents/workspaces/microros_ws/install/micro_ros_msgs/local/lib/python3.10/dist-packages/micro_ros_msgs'...
[18.444s] Compiling '/home/chittiv1113/Documents/workspaces/microros_ws/install/micro_ros_msgs/local/lib/python3.10/dist-packages/micro_ros_msgs/__init__.py'...
[18.444s] Listing '/home/chittiv1113/Documents/workspaces/microros_ws/install/micro_ros_msgs/local/lib/python3.10/dist-packages/micro_ros_msgs/msg'...
[18.445s] Compiling '/home/chittiv1113/Documents/workspaces/microros_ws/install/micro_ros_msgs/local/lib/python3.10/dist-packages/micro_ros_msgs/msg/__init__.py'...
[18.445s] Compiling '/home/chittiv1113/Documents/workspaces/microros_ws/install/micro_ros_msgs/local/lib/python3.10/dist-packages/micro_ros_msgs/msg/_entity.py'...
[18.447s] Compiling '/home/chittiv1113/Documents/workspaces/microros_ws/install/micro_ros_msgs/local/lib/python3.10/dist-packages/micro_ros_msgs/msg/_graph.py'...
[18.448s] Compiling '/home/chittiv1113/Documents/workspaces/microros_ws/install/micro_ros_msgs/local/lib/python3.10/dist-packages/micro_ros_msgs/msg/_node.py'...
[18.453s] -- Installing: /home/chittiv1113/Documents/workspaces/microros_ws/install/micro_ros_msgs/local/lib/python3.10/dist-packages/micro_ros_msgs/micro_ros_msgs_s__rosidl_typesupport_fastrtps_c.cpython-310-x86_64-linux-gnu.so
[18.461s] -- Set runtime path of "/home/chittiv1113/Documents/workspaces/microros_ws/install/micro_ros_msgs/local/lib/python3.10/dist-packages/micro_ros_msgs/micro_ros_msgs_s__rosidl_typesupport_fastrtps_c.cpython-310-x86_64-linux-gnu.so" to ""
[18.465s] -- Installing: /home/chittiv1113/Documents/workspaces/microros_ws/install/micro_ros_msgs/local/lib/python3.10/dist-packages/micro_ros_msgs/micro_ros_msgs_s__rosidl_typesupport_introspection_c.cpython-310-x86_64-linux-gnu.so
[18.466s] -- Set runtime path of "/home/chittiv1113/Documents/workspaces/microros_ws/install/micro_ros_msgs/local/lib/python3.10/dist-packages/micro_ros_msgs/micro_ros_msgs_s__rosidl_typesupport_introspection_c.cpython-310-x86_64-linux-gnu.so" to ""
[18.467s] -- Installing: /home/chittiv1113/Documents/workspaces/microros_ws/install/micro_ros_msgs/local/lib/python3.10/dist-packages/micro_ros_msgs/micro_ros_msgs_s__rosidl_typesupport_c.cpython-310-x86_64-linux-gnu.so
[18.467s] -- Set runtime path of "/home/chittiv1113/Documents/workspaces/microros_ws/install/micro_ros_msgs/local/lib/python3.10/dist-packages/micro_ros_msgs/micro_ros_msgs_s__rosidl_typesupport_c.cpython-310-x86_64-linux-gnu.so" to ""
[18.468s] -- Installing: /home/chittiv1113/Documents/workspaces/microros_ws/install/micro_ros_msgs/lib/libmicro_ros_msgs__rosidl_generator_py.so
[18.469s] -- Set runtime path of "/home/chittiv1113/Documents/workspaces/microros_ws/install/micro_ros_msgs/lib/libmicro_ros_msgs__rosidl_generator_py.so" to ""
[18.469s] -- Installing: /home/chittiv1113/Documents/workspaces/microros_ws/install/micro_ros_msgs/share/micro_ros_msgs/msg/Graph.idl
[18.470s] -- Installing: /home/chittiv1113/Documents/workspaces/microros_ws/install/micro_ros_msgs/share/micro_ros_msgs/msg/Node.idl
[18.471s] -- Installing: /home/chittiv1113/Documents/workspaces/microros_ws/install/micro_ros_msgs/share/micro_ros_msgs/msg/Entity.idl
[18.472s] -- Installing: /home/chittiv1113/Documents/workspaces/microros_ws/install/micro_ros_msgs/share/micro_ros_msgs/msg/Graph.msg
[18.472s] -- Installing: /home/chittiv1113/Documents/workspaces/microros_ws/install/micro_ros_msgs/share/micro_ros_msgs/msg/Node.msg
[18.472s] -- Installing: /home/chittiv1113/Documents/workspaces/microros_ws/install/micro_ros_msgs/share/micro_ros_msgs/msg/Entity.msg
[18.472s] -- Installing: /home/chittiv1113/Documents/workspaces/microros_ws/install/micro_ros_msgs/share/ament_index/resource_index/package_run_dependencies/micro_ros_msgs
[18.478s] -- Installing: /home/chittiv1113/Documents/workspaces/microros_ws/install/micro_ros_msgs/share/ament_index/resource_index/parent_prefix_path/micro_ros_msgs
[18.478s] -- Installing: /home/chittiv1113/Documents/workspaces/microros_ws/install/micro_ros_msgs/share/micro_ros_msgs/environment/ament_prefix_path.sh
[18.479s] -- Installing: /home/chittiv1113/Documents/workspaces/microros_ws/install/micro_ros_msgs/share/micro_ros_msgs/environment/ament_prefix_path.dsv
[18.479s] -- Installing: /home/chittiv1113/Documents/workspaces/microros_ws/install/micro_ros_msgs/share/micro_ros_msgs/environment/path.sh
[18.479s] -- Installing: /home/chittiv1113/Documents/workspaces/microros_ws/install/micro_ros_msgs/share/micro_ros_msgs/environment/path.dsv
[18.479s] -- Installing: /home/chittiv1113/Documents/workspaces/microros_ws/install/micro_ros_msgs/share/micro_ros_msgs/local_setup.bash
[18.479s] -- Installing: /home/chittiv1113/Documents/workspaces/microros_ws/install/micro_ros_msgs/share/micro_ros_msgs/local_setup.sh
[18.480s] -- Installing: /home/chittiv1113/Documents/workspaces/microros_ws/install/micro_ros_msgs/share/micro_ros_msgs/local_setup.zsh
[18.480s] -- Installing: /home/chittiv1113/Documents/workspaces/microros_ws/install/micro_ros_msgs/share/micro_ros_msgs/local_setup.dsv
[18.480s] -- Installing: /home/chittiv1113/Documents/workspaces/microros_ws/install/micro_ros_msgs/share/micro_ros_msgs/package.dsv
[18.481s] -- Installing: /home/chittiv1113/Documents/workspaces/microros_ws/install/micro_ros_msgs/share/ament_index/resource_index/packages/micro_ros_msgs
[18.482s] -- Installing: /home/chittiv1113/Documents/workspaces/microros_ws/install/micro_ros_msgs/share/micro_ros_msgs/cmake/export_micro_ros_msgs__rosidl_generator_cExport.cmake
[18.483s] -- Installing: /home/chittiv1113/Documents/workspaces/microros_ws/install/micro_ros_msgs/share/micro_ros_msgs/cmake/export_micro_ros_msgs__rosidl_generator_cExport-noconfig.cmake
[18.483s] -- Installing: /home/chittiv1113/Documents/workspaces/microros_ws/install/micro_ros_msgs/share/micro_ros_msgs/cmake/export_micro_ros_msgs__rosidl_typesupport_fastrtps_cExport.cmake
[18.483s] -- Installing: /home/chittiv1113/Documents/workspaces/microros_ws/install/micro_ros_msgs/share/micro_ros_msgs/cmake/export_micro_ros_msgs__rosidl_typesupport_fastrtps_cExport-noconfig.cmake
[18.483s] -- Installing: /home/chittiv1113/Documents/workspaces/microros_ws/install/micro_ros_msgs/share/micro_ros_msgs/cmake/micro_ros_msgs__rosidl_typesupport_introspection_cExport.cmake
[18.483s] -- Installing: /home/chittiv1113/Documents/workspaces/microros_ws/install/micro_ros_msgs/share/micro_ros_msgs/cmake/micro_ros_msgs__rosidl_typesupport_introspection_cExport-noconfig.cmake
[18.484s] -- Installing: /home/chittiv1113/Documents/workspaces/microros_ws/install/micro_ros_msgs/share/micro_ros_msgs/cmake/micro_ros_msgs__rosidl_typesupport_cExport.cmake
[18.484s] -- Installing: /home/chittiv1113/Documents/workspaces/microros_ws/install/micro_ros_msgs/share/micro_ros_msgs/cmake/micro_ros_msgs__rosidl_typesupport_cExport-noconfig.cmake
[18.484s] -- Installing: /home/chittiv1113/Documents/workspaces/microros_ws/install/micro_ros_msgs/share/micro_ros_msgs/cmake/export_micro_ros_msgs__rosidl_generator_cppExport.cmake
[18.484s] -- Installing: /home/chittiv1113/Documents/workspaces/microros_ws/install/micro_ros_msgs/share/micro_ros_msgs/cmake/export_micro_ros_msgs__rosidl_typesupport_fastrtps_cppExport.cmake
[18.485s] -- Installing: /home/chittiv1113/Documents/workspaces/microros_ws/install/micro_ros_msgs/share/micro_ros_msgs/cmake/export_micro_ros_msgs__rosidl_typesupport_fastrtps_cppExport-noconfig.cmake
[18.485s] -- Installing: /home/chittiv1113/Documents/workspaces/microros_ws/install/micro_ros_msgs/share/micro_ros_msgs/cmake/micro_ros_msgs__rosidl_typesupport_introspection_cppExport.cmake
[18.486s] -- Installing: /home/chittiv1113/Documents/workspaces/microros_ws/install/micro_ros_msgs/share/micro_ros_msgs/cmake/micro_ros_msgs__rosidl_typesupport_introspection_cppExport-noconfig.cmake
[18.486s] -- Installing: /home/chittiv1113/Documents/workspaces/microros_ws/install/micro_ros_msgs/share/micro_ros_msgs/cmake/micro_ros_msgs__rosidl_typesupport_cppExport.cmake
[18.486s] -- Installing: /home/chittiv1113/Documents/workspaces/microros_ws/install/micro_ros_msgs/share/micro_ros_msgs/cmake/micro_ros_msgs__rosidl_typesupport_cppExport-noconfig.cmake
[18.487s] -- Installing: /home/chittiv1113/Documents/workspaces/microros_ws/install/micro_ros_msgs/share/micro_ros_msgs/cmake/export_micro_ros_msgs__rosidl_generator_pyExport.cmake
[18.487s] -- Installing: /home/chittiv1113/Documents/workspaces/microros_ws/install/micro_ros_msgs/share/micro_ros_msgs/cmake/export_micro_ros_msgs__rosidl_generator_pyExport-noconfig.cmake
[18.487s] -- Installing: /home/chittiv1113/Documents/workspaces/microros_ws/install/micro_ros_msgs/share/micro_ros_msgs/cmake/rosidl_cmake-extras.cmake
[18.487s] -- Installing: /home/chittiv1113/Documents/workspaces/microros_ws/install/micro_ros_msgs/share/micro_ros_msgs/cmake/ament_cmake_export_include_directories-extras.cmake
[18.487s] -- Installing: /home/chittiv1113/Documents/workspaces/microros_ws/install/micro_ros_msgs/share/micro_ros_msgs/cmake/ament_cmake_export_libraries-extras.cmake
[18.487s] -- Installing: /home/chittiv1113/Documents/workspaces/microros_ws/install/micro_ros_msgs/share/micro_ros_msgs/cmake/ament_cmake_export_targets-extras.cmake
[18.487s] -- Installing: /home/chittiv1113/Documents/workspaces/microros_ws/install/micro_ros_msgs/share/micro_ros_msgs/cmake/rosidl_cmake_export_typesupport_targets-extras.cmake
[18.487s] -- Installing: /home/chittiv1113/Documents/workspaces/microros_ws/install/micro_ros_msgs/share/micro_ros_msgs/cmake/ament_cmake_export_dependencies-extras.cmake
[18.487s] -- Installing: /home/chittiv1113/Documents/workspaces/microros_ws/install/micro_ros_msgs/share/micro_ros_msgs/cmake/rosidl_cmake_export_typesupport_libraries-extras.cmake
[18.487s] -- Installing: /home/chittiv1113/Documents/workspaces/microros_ws/install/micro_ros_msgs/share/micro_ros_msgs/cmake/micro_ros_msgsConfig.cmake
[18.487s] -- Installing: /home/chittiv1113/Documents/workspaces/microros_ws/install/micro_ros_msgs/share/micro_ros_msgs/cmake/micro_ros_msgsConfig-version.cmake
[18.487s] -- Installing: /home/chittiv1113/Documents/workspaces/microros_ws/install/micro_ros_msgs/share/micro_ros_msgs/package.xml
[18.488s] Invoked command in '/home/chittiv1113/Documents/workspaces/microros_ws/build/micro_ros_msgs' returned '0': CMAKE_PREFIX_PATH=${CMAKE_PREFIX_PATH}:/opt/ros/humble /usr/bin/cmake --install /home/chittiv1113/Documents/workspaces/microros_ws/build/micro_ros_msgs
